2024-09-03 13:27:31,665 [INFO] Activator:176 - 


2024-09-03 13:27:31,668 [INFO] Activator:177 - !SESSION log4j initialized
2024-09-03 13:27:34,856 [INFO] LogOutputStream:77 - [STDOUT_REDIRECT] 
2024-09-03 13:27:38,008 [INFO] ApplicationProperties:184 - Using Application install path: /opt/st/stm32cubeide_1.16.0/plugins/com.st.stm32cube.common.mx_6.12.0.202406281431
2024-09-03 13:27:38,031 [INFO] DbMcusXml:78 - Set database path to: /opt/st/stm32cubeide_1.16.0/plugins/com.st.stm32cube.common.mx_6.12.0.202406281431//db//mcu/
2024-09-03 13:27:38,032 [INFO] ApiDb:274 - Set plugin database path to: /opt/st/stm32cubeide_1.16.0/plugins/com.st.stm32cube.common.mx_6.12.0.202406281431//db//plugins/boardmanager/
2024-09-03 13:27:38,032 [WARN] ApiDb:259 - Overriding images path with different value:  => /opt/st/stm32cubeide_1.16.0/plugins/com.st.stm32cube.common.mx_6.12.0.202406281431//db//plugins/mcufinder/images/
2024-09-03 13:27:38,041 [INFO] ApiDb:250 - Set database path to: /home/m/.stmcufinder/plugins/mcufinder//mcu/
2024-09-03 13:27:38,044 [INFO] DbMcusAds:125 - Set database path to: /home/m/.stmcufinder/plugins/mcufinder//mcu/
2024-09-03 13:27:38,047 [INFO] CrossReferenceDbSqlite:203 - Set database path to: /home/m/.stmcufinder/plugins/mcufinder//mcu/cs/
2024-09-03 13:27:38,289 [INFO] RulesReader:64 - Compatibility file has been processed (297 Rules)
2024-09-03 13:27:38,431 [INFO] DbMcusXml:78 - Set database path to: /opt/st/stm32cubeide_1.16.0/plugins/com.st.stm32cube.common.mx_6.12.0.202406281431//db//mcu/
2024-09-03 13:27:38,431 [INFO] ApiDb:274 - Set plugin database path to: /opt/st/stm32cubeide_1.16.0/plugins/com.st.stm32cube.common.mx_6.12.0.202406281431//db//plugins/boardmanager/
2024-09-03 13:27:38,431 [INFO] ApiDb:261 - Set plugin images path to: /opt/st/stm32cubeide_1.16.0/plugins/com.st.stm32cube.common.mx_6.12.0.202406281431//db//plugins/mcufinder/images/
2024-09-03 13:27:38,432 [WARN] DbFile:41 - Overriding database path with different value: /home/m/.stmcufinder/plugins/mcufinder/ => /home/m/.stmcufinder/plugins/mcufinder
2024-09-03 13:27:38,432 [INFO] ApiDb:250 - Set database path to: /home/m/.stmcufinder/plugins/mcufinder//mcu/
2024-09-03 13:27:38,432 [WARN] DbFile:41 - Overriding database path with different value: /home/m/.stmcufinder/plugins/mcufinder/ => /home/m/.stmcufinder/plugins/mcufinder
2024-09-03 13:27:38,432 [INFO] DbMcusAds:125 - Set database path to: /home/m/.stmcufinder/plugins/mcufinder//mcu/
2024-09-03 13:27:38,432 [WARN] DbFile:41 - Overriding database path with different value: /home/m/.stmcufinder/plugins/mcufinder/ => /home/m/.stmcufinder/plugins/mcufinder
2024-09-03 13:27:38,433 [WARN] DbFile:41 - Overriding database path with different value: /home/m/.stmcufinder/plugins/mcufinder/ => /home/m/.stmcufinder/plugins/mcufinder
2024-09-03 13:27:38,433 [INFO] CrossReferenceDbSqlite:203 - Set database path to: /home/m/.stmcufinder/plugins/mcufinder//mcu/cs/
2024-09-03 13:27:38,556 [INFO] MainPanel:268 - HeapMemory: 268435456
2024-09-03 13:27:38,738 [INFO] DbMcusXml:78 - Set database path to: /opt/st/stm32cubeide_1.16.0/plugins/com.st.stm32cube.common.mx_6.12.0.202406281431//db//mcu/
2024-09-03 13:27:38,739 [INFO] ApiDb:274 - Set plugin database path to: /opt/st/stm32cubeide_1.16.0/plugins/com.st.stm32cube.common.mx_6.12.0.202406281431//db//plugins/boardmanager/
2024-09-03 13:27:38,739 [INFO] ApiDb:261 - Set plugin images path to: /opt/st/stm32cubeide_1.16.0/plugins/com.st.stm32cube.common.mx_6.12.0.202406281431//db//plugins/mcufinder/images/
2024-09-03 13:27:38,739 [WARN] DbFile:41 - Overriding database path with different value: /home/m/.stmcufinder/plugins/mcufinder/ => /home/m/.stmcufinder/plugins/mcufinder
2024-09-03 13:27:38,740 [INFO] ApiDb:250 - Set database path to: /home/m/.stmcufinder/plugins/mcufinder//mcu/
2024-09-03 13:27:38,740 [WARN] DbFile:41 - Overriding database path with different value: /home/m/.stmcufinder/plugins/mcufinder/ => /home/m/.stmcufinder/plugins/mcufinder
2024-09-03 13:27:38,740 [INFO] DbMcusAds:125 - Set database path to: /home/m/.stmcufinder/plugins/mcufinder//mcu/
2024-09-03 13:27:38,740 [WARN] DbFile:41 - Overriding database path with different value: /home/m/.stmcufinder/plugins/mcufinder/ => /home/m/.stmcufinder/plugins/mcufinder
2024-09-03 13:27:38,740 [WARN] DbFile:41 - Overriding database path with different value: /home/m/.stmcufinder/plugins/mcufinder/ => /home/m/.stmcufinder/plugins/mcufinder
2024-09-03 13:27:38,741 [INFO] CrossReferenceDbSqlite:203 - Set database path to: /home/m/.stmcufinder/plugins/mcufinder//mcu/cs/
2024-09-03 13:27:38,767 [INFO] ApplicationProperties:184 - Using Application install path: /opt/st/stm32cubeide_1.16.0/plugins/com.st.stm32cube.common.mx_6.12.0.202406281431
2024-09-03 13:27:38,769 [INFO] PluginManage:196 - Search for loadable plugins [exclusion list=, ]
2024-09-03 13:27:38,771 [INFO] PluginManage:310 - Check plugin analytics
2024-09-03 13:27:39,082 [INFO] AnalyticsPlugin:253 - Accepted Software Licenses: 
2024-09-03 13:27:39,082 [INFO] AnalyticsPlugin:255 - Accepted CMSIS Pack Licenses: 
2024-09-03 13:27:39,082 [INFO] AnalyticsPlugin:257 - Accepted Firmware Licenses: 
2024-09-03 13:27:39,086 [INFO] PluginManage:359 - Loaded plugin analytics (category:tool,tabindex:-1)
2024-09-03 13:27:39,087 [INFO] PluginManage:310 - Check plugin cadmodel
2024-09-03 13:27:39,092 [INFO] CADModel:105 - Init CAD model plugin
2024-09-03 13:27:39,094 [INFO] PluginManage:359 - Loaded plugin cadmodel (category:power,tabindex:5)
2024-09-03 13:27:39,094 [INFO] PluginManage:310 - Check plugin clock
2024-09-03 13:27:39,117 [INFO] PluginManage:359 - Loaded plugin clock (category:base,tabindex:2)
2024-09-03 13:27:39,118 [INFO] PluginManage:310 - Check plugin ddr
2024-09-03 13:27:39,132 [INFO] PluginManage:359 - Loaded plugin ddr (category:tool,tabindex:6)
2024-09-03 13:27:39,134 [INFO] PluginManage:310 - Check plugin filemanager
2024-09-03 13:27:39,368 [INFO] PluginManage:359 - Loaded plugin filemanager (category:base,tabindex:10)
2024-09-03 13:27:39,368 [INFO] PluginManage:310 - Check plugin ipmanager
2024-09-03 13:27:39,384 [INFO] PluginManage:359 - Loaded plugin ipmanager (category:base,tabindex:5)
2024-09-03 13:27:39,385 [INFO] PluginManage:310 - Check plugin lpbam
2024-09-03 13:27:39,407 [INFO] PluginManage:359 - Loaded plugin lpbam (category:base,tabindex:0)
2024-09-03 13:27:39,408 [INFO] PluginManage:310 - Check plugin memorymap
2024-09-03 13:27:39,421 [INFO] PluginManage:359 - Loaded plugin memorymap (category:base,tabindex:4)
2024-09-03 13:27:39,422 [INFO] PluginManage:310 - Check plugin pinoutandconfiguration
2024-09-03 13:27:39,434 [INFO] PluginManage:359 - Loaded plugin pinoutandconfiguration (category:base,tabindex:1)
2024-09-03 13:27:39,434 [INFO] PluginManage:310 - Check plugin pinoutconfig
2024-09-03 13:27:39,583 [WARN] SupportedApi:132 - Cannot load RTOS API schema: s4s-elt-must-match.1: The content of 'definitions' must match (annotation?, (simpleType | complexType)?, (unique | key | keyref)*)). A problem was found starting at: attribute.
2024-09-03 13:27:39,799 [INFO] PluginManage:359 - Loaded plugin pinoutconfig (category:base,tabindex:0)
2024-09-03 13:27:39,799 [INFO] PluginManage:310 - Check plugin power
2024-09-03 13:27:39,815 [INFO] PluginManage:359 - Loaded plugin power (category:power,tabindex:4)
2024-09-03 13:27:39,815 [INFO] PluginManage:310 - Check plugin projectmanager
2024-09-03 13:27:39,852 [INFO] PluginManage:359 - Loaded plugin projectmanager (category:projectmanager,tabindex:4)
2024-09-03 13:27:39,853 [INFO] PluginManage:310 - Check plugin rif
2024-09-03 13:27:39,865 [INFO] PluginManage:359 - Loaded plugin rif (category:base,tabindex:3)
2024-09-03 13:27:39,865 [INFO] PluginManage:310 - Check plugin thirdparty
2024-09-03 13:27:40,100 [INFO] PluginManage:359 - Loaded plugin thirdparty (category:base,tabindex:-1)
2024-09-03 13:27:40,100 [INFO] PluginManage:310 - Check plugin tools
2024-09-03 13:27:40,099 [WARN] IntegrityCheckThread:84 - waiting for thirdparty lock release [integrity check]
2024-09-03 13:27:40,101 [INFO] IntegrityCheckThread:86 - entering critical section [integrity check]
2024-09-03 13:27:40,101 [INFO] ThirdPartyUpdaterWithRetryManager:70 - Updater plugin not ready yet. [1/15]
2024-09-03 13:27:40,104 [INFO] PluginManage:359 - Loaded plugin tools (category:base,tabindex:7)
2024-09-03 13:27:40,105 [INFO] PluginManage:310 - Check plugin tutovideos
2024-09-03 13:27:40,395 [INFO] PluginManage:359 - Loaded plugin tutovideos (category:base,tabindex:-1)
2024-09-03 13:27:40,396 [INFO] PluginManage:310 - Check plugin updater
2024-09-03 13:27:40,428 [INFO] PluginManage:359 - Loaded plugin updater (category:base,tabindex:12)
2024-09-03 13:27:40,428 [INFO] PluginManage:310 - Check plugin userauth
2024-09-03 13:27:40,447 [INFO] UserAuth:113 - Init User Auth plugin
2024-09-03 13:27:40,448 [INFO] PluginManage:359 - Loaded plugin userauth (category:base,tabindex:14)
2024-09-03 13:27:40,449 [INFO] PluginManage:283 - PluginManage : Loaded plugins [18]
2024-09-03 13:27:40,775 [INFO] PinOutPanel:1561 - setPackage(No Configuration,No Configuration)
2024-09-03 13:27:40,954 [INFO] CADModel:165 - CPN selected for project level
2024-09-03 13:27:40,956 [INFO] CADModel:114 - Register for checkConnection events
2024-09-03 13:27:40,975 [INFO] IPUIPlugin:80 - create IPUIPlugin
2024-09-03 13:27:40,976 [INFO] PluginManager:220 - loadIPPluginJar : add extmemmanager
2024-09-03 13:27:40,981 [INFO] IPUIPlugin:80 - create IPUIPlugin
2024-09-03 13:27:40,982 [INFO] PluginManager:220 - loadIPPluginJar : add dfsdm
2024-09-03 13:27:40,985 [INFO] IPUIPlugin:80 - create IPUIPlugin
2024-09-03 13:27:40,986 [INFO] PluginManager:220 - loadIPPluginJar : add touchsensing
2024-09-03 13:27:40,989 [INFO] IPUIPlugin:80 - create IPUIPlugin
2024-09-03 13:27:40,989 [INFO] PluginManager:220 - loadIPPluginJar : add i2c
2024-09-03 13:27:40,998 [INFO] IPUIPlugin:80 - create IPUIPlugin
2024-09-03 13:27:41,006 [INFO] PluginManager:220 - loadIPPluginJar : add plateformsettings
2024-09-03 13:27:41,010 [INFO] IPUIPlugin:80 - create IPUIPlugin
2024-09-03 13:27:41,010 [INFO] PluginManager:220 - loadIPPluginJar : add tracer_emb
2024-09-03 13:27:41,013 [INFO] IPUIPlugin:80 - create IPUIPlugin
2024-09-03 13:27:41,013 [INFO] PluginManager:220 - loadIPPluginJar : add comp
2024-09-03 13:27:41,020 [INFO] IPUIPlugin:80 - create IPUIPlugin
2024-09-03 13:27:41,021 [INFO] PluginManager:220 - loadIPPluginJar : add gic
2024-09-03 13:27:41,027 [INFO] IPUIPlugin:80 - create IPUIPlugin
2024-09-03 13:27:41,027 [INFO] PluginManager:220 - loadIPPluginJar : add sai
2024-09-03 13:27:41,031 [INFO] IPUIPlugin:80 - create IPUIPlugin
2024-09-03 13:27:41,031 [INFO] PluginManager:220 - loadIPPluginJar : add gtzc
2024-09-03 13:27:41,040 [INFO] IPUIPlugin:80 - create IPUIPlugin
2024-09-03 13:27:41,040 [INFO] PluginManager:220 - loadIPPluginJar : add linkedlist
2024-09-03 13:27:41,045 [INFO] IPUIPlugin:80 - create IPUIPlugin
2024-09-03 13:27:41,046 [INFO] PluginManager:220 - loadIPPluginJar : add ts
2024-09-03 13:27:41,053 [INFO] IPUIPlugin:80 - create IPUIPlugin
2024-09-03 13:27:41,054 [INFO] PluginManager:220 - loadIPPluginJar : add dma
2024-09-03 13:27:41,058 [INFO] IPUIPlugin:80 - create IPUIPlugin
2024-09-03 13:27:41,060 [INFO] PluginManager:220 - loadIPPluginJar : add i3c
2024-09-03 13:27:41,064 [INFO] IPUIPlugin:80 - create IPUIPlugin
2024-09-03 13:27:41,065 [INFO] PluginManager:220 - loadIPPluginJar : add gpio
2024-09-03 13:27:41,067 [INFO] IPUIPlugin:80 - create IPUIPlugin
2024-09-03 13:27:41,067 [INFO] PluginManager:220 - loadIPPluginJar : add dma3
2024-09-03 13:27:41,073 [INFO] IPUIPlugin:80 - create IPUIPlugin
2024-09-03 13:27:41,073 [INFO] PluginManager:220 - loadIPPluginJar : add opamp
2024-09-03 13:27:41,078 [INFO] IPUIPlugin:80 - create IPUIPlugin
2024-09-03 13:27:41,079 [INFO] PluginManager:220 - loadIPPluginJar : add fmc
2024-09-03 13:27:41,081 [INFO] IPUIPlugin:80 - create IPUIPlugin
2024-09-03 13:27:41,082 [INFO] PluginManager:220 - loadIPPluginJar : add aes
2024-09-03 13:27:41,084 [INFO] IPUIPlugin:80 - create IPUIPlugin
2024-09-03 13:27:41,085 [INFO] PluginManager:220 - loadIPPluginJar : add openamp
2024-09-03 13:27:41,087 [INFO] IPUIPlugin:80 - create IPUIPlugin
2024-09-03 13:27:41,087 [INFO] PluginManager:220 - loadIPPluginJar : add gfxmmu
2024-09-03 13:27:41,089 [INFO] IPUIPlugin:80 - create IPUIPlugin
2024-09-03 13:27:41,089 [INFO] PluginManager:220 - loadIPPluginJar : add ltdc
2024-09-03 13:27:41,090 [INFO] IPUIPlugin:80 - create IPUIPlugin
2024-09-03 13:27:41,091 [INFO] PluginManager:220 - loadIPPluginJar : add tsc
2024-09-03 13:27:41,094 [INFO] IPUIPlugin:80 - create IPUIPlugin
2024-09-03 13:27:41,094 [INFO] PluginManager:220 - loadIPPluginJar : add can
2024-09-03 13:27:41,102 [INFO] IPUIPlugin:80 - create IPUIPlugin
2024-09-03 13:27:41,102 [INFO] PluginManager:220 - loadIPPluginJar : add freertos
2024-09-03 13:27:41,104 [INFO] IPUIPlugin:80 - create IPUIPlugin
2024-09-03 13:27:41,105 [INFO] PluginManager:220 - loadIPPluginJar : add radio
2024-09-03 13:27:41,112 [INFO] IPUIPlugin:80 - create IPUIPlugin
2024-09-03 13:27:41,112 [INFO] PluginManager:220 - loadIPPluginJar : add mdma
2024-09-03 13:27:41,116 [INFO] IPUIPlugin:80 - create IPUIPlugin
2024-09-03 13:27:41,116 [INFO] PluginManager:220 - loadIPPluginJar : add usbx
2024-09-03 13:27:41,119 [INFO] IPUIPlugin:80 - create IPUIPlugin
2024-09-03 13:27:41,119 [INFO] PluginManager:220 - loadIPPluginJar : add ddr_ctrl_phy
2024-09-03 13:27:41,127 [INFO] IPUIPlugin:80 - create IPUIPlugin
2024-09-03 13:27:41,127 [INFO] PluginManager:220 - loadIPPluginJar : add adc
2024-09-03 13:27:41,130 [INFO] IPUIPlugin:80 - create IPUIPlugin
2024-09-03 13:27:41,130 [INFO] PluginManager:220 - loadIPPluginJar : add lorawan
2024-09-03 13:27:41,134 [INFO] IPUIPlugin:80 - create IPUIPlugin
2024-09-03 13:27:41,134 [INFO] PluginManager:220 - loadIPPluginJar : add resmgrutility
2024-09-03 13:27:41,137 [INFO] IPUIPlugin:80 - create IPUIPlugin
2024-09-03 13:27:41,137 [INFO] PluginManager:220 - loadIPPluginJar : add pdm2pcm
2024-09-03 13:27:41,139 [INFO] IPUIPlugin:80 - create IPUIPlugin
2024-09-03 13:27:41,140 [INFO] PluginManager:220 - loadIPPluginJar : add ucpd
2024-09-03 13:27:41,142 [INFO] IPUIPlugin:80 - create IPUIPlugin
2024-09-03 13:27:41,142 [INFO] PluginManager:220 - loadIPPluginJar : add hash
2024-09-03 13:27:41,144 [INFO] IPUIPlugin:80 - create IPUIPlugin
2024-09-03 13:27:41,145 [INFO] PluginManager:220 - loadIPPluginJar : add fatfs
2024-09-03 13:27:41,147 [INFO] IPUIPlugin:80 - create IPUIPlugin
2024-09-03 13:27:41,147 [INFO] PluginManager:220 - loadIPPluginJar : add tim
2024-09-03 13:27:41,150 [INFO] IPUIPlugin:80 - create IPUIPlugin
2024-09-03 13:27:41,150 [INFO] PluginManager:220 - loadIPPluginJar : add i2s
2024-09-03 13:27:41,153 [INFO] IPUIPlugin:80 - create IPUIPlugin
2024-09-03 13:27:41,154 [INFO] PluginManager:220 - loadIPPluginJar : add usart
2024-09-03 13:27:41,156 [INFO] IPUIPlugin:80 - create IPUIPlugin
2024-09-03 13:27:41,157 [INFO] PluginManager:220 - loadIPPluginJar : add cryp
2024-09-03 13:27:41,162 [INFO] IPUIPlugin:80 - create IPUIPlugin
2024-09-03 13:27:41,163 [INFO] PluginManager:220 - loadIPPluginJar : add nvic
2024-09-03 13:27:41,167 [INFO] IPUIPlugin:80 - create IPUIPlugin
2024-09-03 13:27:41,167 [INFO] PluginManager:220 - loadIPPluginJar : add ipddr
2024-09-03 13:27:41,169 [INFO] IPUIPlugin:80 - create IPUIPlugin
2024-09-03 13:27:41,169 [INFO] PluginManager:220 - loadIPPluginJar : add quadspi
2024-09-03 13:27:41,171 [INFO] IPUIPlugin:80 - create IPUIPlugin
2024-09-03 13:27:41,172 [INFO] PluginManager:220 - loadIPPluginJar : add spi
2024-09-03 13:27:41,174 [INFO] IPUIPlugin:80 - create IPUIPlugin
2024-09-03 13:27:41,174 [INFO] PluginManager:220 - loadIPPluginJar : add genericplugin
2024-09-03 13:27:41,182 [INFO] IPUIPlugin:80 - create IPUIPlugin
2024-09-03 13:27:41,182 [INFO] PluginManager:220 - loadIPPluginJar : add stm32_wpan
2024-09-03 13:27:41,324 [INFO] CADModel:165 - CPN selected for project level
2024-09-03 13:27:41,325 [INFO] CADModel:114 - Register for checkConnection events
2024-09-03 13:27:41,325 [FATAL] Updater:334 - Updater called before beeing initialized
2024-09-03 13:27:41,326 [ERROR] CADModel:125 - Updater not yet initialized, retry later 
2024-09-03 13:27:41,539 [INFO] CADModel:165 - CPN selected for project level
2024-09-03 13:27:41,539 [INFO] CADModel:114 - Register for checkConnection events
2024-09-03 13:27:41,539 [FATAL] Updater:334 - Updater called before beeing initialized
2024-09-03 13:27:41,539 [ERROR] CADModel:125 - Updater not yet initialized, retry later 
2024-09-03 13:27:41,545 [FATAL] Updater:334 - Updater called before beeing initialized
2024-09-03 13:27:41,680 [FATAL] Updater:334 - Updater called before beeing initialized
2024-09-03 13:27:41,685 [INFO] DbMcusAds:53 - JSON generation date=Thu May 16 10:22:00 WEST 2024 (1715851320667)
2024-09-03 13:27:41,685 [FATAL] Updater:334 - Updater called before beeing initialized
2024-09-03 13:27:41,729 [WARN] DetailPanel:346 - Failed to get advertising image, set to default
2024-09-03 13:27:41,843 [FATAL] Updater:334 - Updater called before beeing initialized
2024-09-03 13:27:41,844 [FATAL] Updater:334 - Updater called before beeing initialized
2024-09-03 13:27:41,844 [FATAL] Updater:334 - Updater called before beeing initialized
2024-09-03 13:27:41,844 [WARN] DetailPanel:346 - Failed to get advertising image, set to default
2024-09-03 13:27:41,846 [FATAL] Updater:334 - Updater called before beeing initialized
2024-09-03 13:27:41,906 [ERROR] Updater:1164 - MainUpdater not yet initialized. External WinMGr cannot be set.
2024-09-03 13:27:41,909 [INFO] Updater:1100 - Updater Version found : 6.12.0
2024-09-03 13:27:41,934 [INFO] ApplicationProperties:184 - Using Application install path: /opt/st/stm32cubeide_1.16.0/plugins/com.st.stm32cube.common.mx_6.12.0.202406281431
2024-09-03 13:27:42,270 [INFO] MainUpdater:2873 - connection check result : 10
2024-09-03 13:27:42,271 [INFO] MainUpdater:290 - Updater Check For Update Now.
2024-09-03 13:27:42,271 [INFO] MicroXplorer:498 - Change Database Version : DB.6.0.120
2024-09-03 13:27:42,280 [INFO] McuFinderGlobals:63 - Set McuFinder mode to 2 (CubeIDE integrated)
2024-09-03 13:27:42,280 [INFO] UserAuth:179 - activating auth plugin
2024-09-03 13:27:42,287 [INFO] UserAuth:417 - Internet connection configuration mode: 1
2024-09-03 13:27:42,317 [INFO] JxBrowserEngine:152 - Initiate JxBrowser Engine with user profile folder
2024-09-03 13:27:42,734 [INFO] CheckServerUpdateThread:120 - End of CheckServer Thread
2024-09-03 13:27:43,526 [WARN] PackLoader:240 - Cannot read IP mode file for STMicroelectronics.FP-SNS-MOTENVWB1.1.4.0
2024-09-03 13:27:43,560 [WARN] PackLoader:240 - Cannot read IP mode file for STMicroelectronics.X-CUBE-SMBUS.2.1.0
2024-09-03 13:27:43,742 [WARN] PackLoader:240 - Cannot read IP mode file for STMicroelectronics.X-CUBE-AZRTOS-F7.1.1.0
2024-09-03 13:27:43,949 [INFO] WebApp:167 - Instantiating new browser for Auth
2024-09-03 13:27:44,138 [WARN] PackLoader:240 - Cannot read IP mode file for STMicroelectronics.X-CUBE-MEMS1.11.0.0
2024-09-03 13:27:44,785 [WARN] PackLoader:240 - Cannot read IP mode file for STMicroelectronics.FP-SNS-FLIGHT1.5.0.2
2024-09-03 13:27:44,821 [WARN] PackLoader:240 - Cannot read IP mode file for STMicroelectronics.X-CUBE-DISPLAY.3.0.0
2024-09-03 13:27:44,854 [WARN] PackLoader:240 - Cannot read IP mode file for STMicroelectronics.X-CUBE-BLE1.7.0.0
2024-09-03 13:27:44,869 [WARN] PackLoader:240 - Cannot read IP mode file for emotas.I-CUBE-CANOPEN.1.3.0
2024-09-03 13:27:44,903 [WARN] PackLoader:240 - Cannot read IP mode file for STMicroelectronics.X-CUBE-BLEMGR.3.1.0
2024-09-03 13:27:44,927 [WARN] PackLoader:240 - Cannot read IP mode file for STMicroelectronics.FP-SNS-SMARTAG2.1.2.0
2024-09-03 13:27:44,950 [INFO] LogOutputStream:77 - [STDOUT_REDIRECT] 1 : Invalid condition id : UX_CORESTACK_Condition cause : null
2024-09-03 13:27:44,968 [INFO] LogOutputStream:77 - [STDOUT_REDIRECT] 1 : Invalid condition id : UX_CORESTACK_Condition cause : null
2024-09-03 13:27:44,970 [INFO] LogOutputStream:77 - [STDOUT_REDIRECT] 1 : Invalid condition id : UX_CORESTACK_Condition cause : null
2024-09-03 13:27:44,970 [INFO] LogOutputStream:77 - [STDOUT_REDIRECT] 1 : Invalid condition id : UX_CORESTACK_Condition cause : null
2024-09-03 13:27:44,971 [INFO] LogOutputStream:77 - [STDOUT_REDIRECT] 1 : Invalid condition id : UX_CORESTACK_Condition cause : null
2024-09-03 13:27:44,993 [WARN] PackLoader:240 - Cannot read IP mode file for STMicroelectronics.X-CUBE-AZRTOS-WL.2.0.0
2024-09-03 13:27:45,024 [WARN] PackLoader:240 - Cannot read IP mode file for STMicroelectronics.FP-SNS-MOTENV1.5.0.0
2024-09-03 13:27:45,047 [WARN] PackLoader:240 - Cannot read IP mode file for wolfSSL.I-CUBE-wolfMQTT.1.19.0
2024-09-03 13:27:45,081 [WARN] PackLoader:240 - Cannot read IP mode file for WES.I-CUBE-Cesium.1.3.0
2024-09-03 13:27:45,091 [WARN] PackLoader:240 - Cannot read IP mode file for STMicroelectronics.X-CUBE-BLE2.3.3.0
2024-09-03 13:27:45,101 [WARN] PackLoader:240 - Cannot read IP mode file for STMicroelectronics.X-CUBE-TCPP.4.1.0
2024-09-03 13:27:45,144 [WARN] PackLoader:240 - Cannot read IP mode file for STMicroelectronics.X-CUBE-AZRTOS-G0.1.1.0
2024-09-03 13:27:45,164 [WARN] PackLoader:240 - Cannot read IP mode file for STMicroelectronics.X-CUBE-SAFEA1.1.2.2
2024-09-03 13:27:45,177 [WARN] PackLoader:240 - Cannot read IP mode file for STMicroelectronics.X-CUBE-NFC4.3.0.0
2024-09-03 13:27:45,200 [WARN] PackLoader:240 - Cannot read IP mode file for EmbeddedOffice.I-CUBE-FS-RTOS.1.0.1
2024-09-03 13:27:45,201 [ERROR] ConditionMgr:805 - Attr not supported : Dmpu
2024-09-03 13:27:45,201 [ERROR] ConditionMgr:805 - Attr not supported : Dmpu
2024-09-03 13:27:45,201 [ERROR] ConditionMgr:805 - Attr not supported : Dmpu
2024-09-03 13:27:45,201 [ERROR] ConditionMgr:805 - Attr not supported : Dmpu
2024-09-03 13:27:45,202 [ERROR] ConditionMgr:805 - Attr not supported : Dmpu
2024-09-03 13:27:45,202 [ERROR] ConditionMgr:805 - Attr not supported : Dmpu
2024-09-03 13:27:45,202 [ERROR] ConditionMgr:805 - Attr not supported : Dmpu
2024-09-03 13:27:45,202 [ERROR] ConditionMgr:805 - Attr not supported : Dmpu
2024-09-03 13:27:45,202 [ERROR] ConditionMgr:805 - Attr not supported : Dmpu
2024-09-03 13:27:45,202 [ERROR] ConditionMgr:805 - Attr not supported : Dmpu
2024-09-03 13:27:45,202 [ERROR] ConditionMgr:805 - Attr not supported : Dmpu
2024-09-03 13:27:45,203 [ERROR] ConditionMgr:805 - Attr not supported : Dmpu
2024-09-03 13:27:45,203 [ERROR] ConditionMgr:805 - Attr not supported : Dmpu
2024-09-03 13:27:45,203 [ERROR] ConditionMgr:805 - Attr not supported : Dmpu
2024-09-03 13:27:45,203 [ERROR] ConditionMgr:805 - Attr not supported : Dmpu
2024-09-03 13:27:45,203 [ERROR] ConditionMgr:805 - Attr not supported : Dmpu
2024-09-03 13:27:45,203 [ERROR] ConditionMgr:805 - Attr not supported : Dmpu
2024-09-03 13:27:45,203 [ERROR] ConditionMgr:805 - Attr not supported : Dmpu
2024-09-03 13:27:45,204 [ERROR] ConditionMgr:805 - Attr not supported : Dmpu
2024-09-03 13:27:45,204 [ERROR] ConditionMgr:805 - Attr not supported : Dmpu
2024-09-03 13:27:45,204 [ERROR] ConditionMgr:805 - Attr not supported : Dmpu
2024-09-03 13:27:45,204 [ERROR] ConditionMgr:805 - Attr not supported : Dmpu
2024-09-03 13:27:45,204 [ERROR] ConditionMgr:805 - Attr not supported : Dmpu
2024-09-03 13:27:45,204 [ERROR] ConditionMgr:805 - Attr not supported : Dmpu
2024-09-03 13:27:45,204 [ERROR] ConditionMgr:805 - Attr not supported : Dmpu
2024-09-03 13:27:45,205 [ERROR] ConditionMgr:805 - Attr not supported : Dmpu
2024-09-03 13:27:45,205 [ERROR] ConditionMgr:805 - Attr not supported : Dmpu
2024-09-03 13:27:45,205 [ERROR] ConditionMgr:805 - Attr not supported : Dmpu
2024-09-03 13:27:45,205 [ERROR] ConditionMgr:805 - Attr not supported : Dmpu
2024-09-03 13:27:45,205 [ERROR] ConditionMgr:805 - Attr not supported : Dmpu
2024-09-03 13:27:45,205 [ERROR] ConditionMgr:805 - Attr not supported : Dmpu
2024-09-03 13:27:45,205 [ERROR] ConditionMgr:805 - Attr not supported : Dmpu
2024-09-03 13:27:45,205 [ERROR] ConditionMgr:805 - Attr not supported : Dmpu
2024-09-03 13:27:45,206 [ERROR] ConditionMgr:805 - Attr not supported : Dmpu
2024-09-03 13:27:45,206 [ERROR] ConditionMgr:805 - Attr not supported : Dmpu
2024-09-03 13:27:45,206 [ERROR] ConditionMgr:805 - Attr not supported : Dmpu
2024-09-03 13:27:45,206 [ERROR] ConditionMgr:805 - Attr not supported : Dmpu
2024-09-03 13:27:45,206 [ERROR] ConditionMgr:805 - Attr not supported : Dmpu
2024-09-03 13:27:45,207 [ERROR] ConditionMgr:805 - Attr not supported : Dmpu
2024-09-03 13:27:45,207 [ERROR] ConditionMgr:805 - Attr not supported : Dmpu
2024-09-03 13:27:45,208 [ERROR] ConditionMgr:805 - Attr not supported : Dmpu
2024-09-03 13:27:45,209 [ERROR] ConditionMgr:805 - Attr not supported : Dmpu
2024-09-03 13:27:45,209 [ERROR] ConditionMgr:805 - Attr not supported : Dmpu
2024-09-03 13:27:45,209 [ERROR] ConditionMgr:805 - Attr not supported : Dmpu
2024-09-03 13:27:45,209 [ERROR] ConditionMgr:805 - Attr not supported : Dmpu
2024-09-03 13:27:45,210 [ERROR] ConditionMgr:805 - Attr not supported : Dmpu
2024-09-03 13:27:45,210 [ERROR] ConditionMgr:805 - Attr not supported : Dmpu
2024-09-03 13:27:45,210 [ERROR] ConditionMgr:805 - Attr not supported : Dmpu
2024-09-03 13:27:45,210 [ERROR] ConditionMgr:805 - Attr not supported : Dmpu
2024-09-03 13:27:45,211 [ERROR] ConditionMgr:805 - Attr not supported : Dmpu
2024-09-03 13:27:45,211 [ERROR] ConditionMgr:805 - Attr not supported : Dmpu
2024-09-03 13:27:45,211 [ERROR] ConditionMgr:805 - Attr not supported : Dmpu
2024-09-03 13:27:45,211 [ERROR] ConditionMgr:805 - Attr not supported : Dmpu
2024-09-03 13:27:45,211 [ERROR] ConditionMgr:805 - Attr not supported : Dmpu
2024-09-03 13:27:45,211 [ERROR] ConditionMgr:805 - Attr not supported : Dmpu
2024-09-03 13:27:45,211 [ERROR] ConditionMgr:805 - Attr not supported : Dmpu
2024-09-03 13:27:45,212 [ERROR] ConditionMgr:805 - Attr not supported : Dmpu
2024-09-03 13:27:45,212 [ERROR] ConditionMgr:805 - Attr not supported : Dmpu
2024-09-03 13:27:45,212 [ERROR] ConditionMgr:805 - Attr not supported : Dmpu
2024-09-03 13:27:45,212 [ERROR] ConditionMgr:805 - Attr not supported : Dmpu
2024-09-03 13:27:45,212 [ERROR] ConditionMgr:805 - Attr not supported : Dmpu
2024-09-03 13:27:45,214 [ERROR] ConditionMgr:805 - Attr not supported : Dmpu
2024-09-03 13:27:45,214 [ERROR] ConditionMgr:805 - Attr not supported : Dmpu
2024-09-03 13:27:45,215 [ERROR] ConditionMgr:805 - Attr not supported : Dmpu
2024-09-03 13:27:45,222 [WARN] PackLoader:240 - Cannot read IP mode file for RealThread.X-CUBE-RT-Thread_Nano.4.1.1
2024-09-03 13:27:45,229 [WARN] PackLoader:240 - Cannot read IP mode file for STMicroelectronics.FP-ATR-SIGFOX1.3.2.0
2024-09-03 13:27:45,242 [WARN] PackLoader:240 - Cannot read IP mode file for wolfSSL.I-CUBE-wolfSSL.5.7.2
2024-09-03 13:27:45,252 [WARN] PackLoader:240 - Cannot read IP mode file for STMicroelectronics.X-CUBE-EEPRMA1.5.1.0
2024-09-03 13:27:45,271 [WARN] PackLoader:240 - Cannot read IP mode file for ITTIA_DB.I-CUBE-ITTIADB.8.9.0
2024-09-03 13:27:45,421 [WARN] PackLoader:240 - Cannot read IP mode file for SEGGER.I-CUBE-embOS.1.3.1
2024-09-03 13:27:45,633 [WARN] PackLoader:240 - Cannot read IP mode file for STMicroelectronics.X-CUBE-ALGOBUILD.1.4.0
2024-09-03 13:27:45,648 [WARN] PackLoader:240 - Cannot read IP mode file for STMicroelectronics.X-CUBE-GNSS1.6.0.0
2024-09-03 13:27:45,692 [WARN] PackLoader:240 - Cannot read IP mode file for STMicroelectronics.X-CUBE-AZRTOS-F4.1.1.0
2024-09-03 13:27:45,705 [WARN] PackLoader:240 - Cannot read IP mode file for STMicroelectronics.X-CUBE-FREERTOS.1.2.0
2024-09-03 13:27:45,753 [WARN] PackLoader:240 - Cannot read IP mode file for STMicroelectronics.X-CUBE-AZRTOS-L5.2.0.0
2024-09-03 13:27:45,777 [WARN] PackLoader:240 - Cannot read IP mode file for STMicroelectronics.X-CUBE-NFC6.3.1.0
2024-09-03 13:27:45,793 [WARN] PackLoader:240 - Cannot read IP mode file for STMicroelectronics.X-CUBE-DPower.1.2.0
2024-09-03 13:27:45,799 [WARN] PackLoader:240 - Cannot read IP mode file for STMicroelectronics.X-CUBE-AI.9.0.0
2024-09-03 13:27:45,805 [WARN] PackLoader:240 - Cannot read IP mode file for STMicroelectronics.X-CUBE-NFC7.1.0.1
2024-09-03 13:27:45,844 [WARN] ConditionMgr:438 - getConditionDescription Invalid condition id : LAN8742 Phy interface Condition cause : null
2024-09-03 13:27:45,845 [WARN] PackLoader:240 - Cannot read IP mode file for STMicroelectronics.X-CUBE-AZRTOS-L4.2.0.0
2024-09-03 13:27:45,848 [WARN] ConditionMgr:1039 - genDependencies : Invalid condition id : LAN8742 Phy interface Condition cause : null
2024-09-03 13:27:45,848 [WARN] ConditionMgr:1039 - genDependencies : Invalid condition id : LAN8742 Phy interface Condition cause : null
2024-09-03 13:27:45,850 [WARN] ConditionMgr:1039 - genDependencies : Invalid condition id : LAN8742 Phy interface Condition cause : null
2024-09-03 13:27:45,864 [WARN] PackLoader:240 - Cannot read IP mode file for STMicroelectronics.X-CUBE-SFXS2LP1.4.0.0
2024-09-03 13:27:45,922 [WARN] PackLoader:240 - Cannot read IP mode file for STMicroelectronics.X-CUBE-AZRTOS-H7.3.3.0
2024-09-03 13:27:45,993 [WARN] ConditionMgr:438 - getConditionDescription Invalid condition id : UX DEVICE CLASS RTOS Condition cause : null
2024-09-03 13:27:45,993 [WARN] ConditionMgr:438 - getConditionDescription Invalid condition id : UX DEVICE CLASS RTOS Condition cause : null
2024-09-03 13:27:46,000 [WARN] PackLoader:240 - Cannot read IP mode file for STMicroelectronics.X-CUBE-AZRTOS-WB.2.0.0
2024-09-03 13:27:46,001 [WARN] ConditionMgr:1039 - genDependencies : Invalid condition id : UX DEVICE CLASS RTOS Condition cause : null
2024-09-03 13:27:46,001 [WARN] ConditionMgr:1039 - genDependencies : Invalid condition id : UX DEVICE CLASS RTOS Condition cause : null
2024-09-03 13:27:46,002 [WARN] ConditionMgr:1039 - genDependencies : Invalid condition id : UX DEVICE CLASS RTOS Condition cause : null
2024-09-03 13:27:46,003 [WARN] ConditionMgr:1039 - genDependencies : Invalid condition id : UX DEVICE CLASS RTOS Condition cause : null
2024-09-03 13:27:46,003 [WARN] ConditionMgr:1039 - genDependencies : Invalid condition id : UX DEVICE CLASS RTOS Condition cause : null
2024-09-03 13:27:46,016 [WARN] PackLoader:240 - Cannot read IP mode file for STMicroelectronics.FP-SNS-STBOX1.2.0.0
2024-09-03 13:27:46,043 [WARN] PackLoader:240 - Cannot read IP mode file for STMicroelectronics.X-CUBE-SUBG2.5.0.0
2024-09-03 13:27:46,060 [WARN] PackLoader:240 - Cannot read IP mode file for Cesanta.I-CUBE-Mongoose.7.13.0
2024-09-03 13:27:46,087 [WARN] PackLoader:240 - Cannot read IP mode file for STMicroelectronics.X-CUBE-AZRTOS-G4.2.0.0
2024-09-03 13:27:46,102 [WARN] PackLoader:240 - Cannot read IP mode file for STMicroelectronics.X-CUBE-ISPU.2.0.0
2024-09-03 13:27:46,110 [WARN] PackLoader:240 - Cannot read IP mode file for STMicroelectronics.X-CUBE-ALS.1.0.2
2024-09-03 13:27:46,122 [WARN] PackLoader:240 - Cannot read IP mode file for STMicroelectronics.X-CUBE-TOUCHGFX.4.24.0
2024-09-03 13:27:46,127 [WARN] PackLoader:240 - Cannot read IP mode file for wolfSSL.I-CUBE-wolfTPM.3.4.0
2024-09-03 13:27:46,142 [WARN] PackLoader:240 - Cannot read IP mode file for portGmbH.I-Cube-SoM-uGOAL.1.1.0
2024-09-03 13:27:46,179 [WARN] PackLoader:240 - Cannot read IP mode file for STMicroelectronics.X-CUBE-AZRTOS-H7RS.1.0.0
2024-09-03 13:27:46,233 [WARN] PackLoader:240 - Cannot read IP mode file for STMicroelectronics.FP-ATR-ASTRA1.2.0.0
2024-09-03 13:27:46,278 [WARN] PackLoader:240 - Cannot read IP mode file for STMicroelectronics.X-CUBE-TOF1.3.4.2
2024-09-03 13:27:46,393 [INFO] WebApp:448 - Apply proxy settings
2024-09-03 13:27:46,394 [INFO] WebApp:533 - Chromium requires no authentication
2024-09-03 13:27:46,397 [WARN] PackLoader:240 - Cannot read IP mode file for Infineon.AIROC-Wi-Fi-Bluetooth-STM32.1.6.1
2024-09-03 13:27:46,413 [INFO] WebApp:476 - Direct internet connection detected
2024-09-03 13:27:46,424 [WARN] PackLoader:240 - Cannot read IP mode file for wolfSSL.I-CUBE-wolfSSH.1.4.17
2024-09-03 13:27:46,431 [INFO] ThirdParty:978 - Integrity check success = true
2024-09-03 13:27:46,431 [INFO] IntegrityCheckThread:100 - exiting critical section [integrity check]
2024-09-03 13:27:46,432 [INFO] IntegrityCheckThread:103 - End integrity checks thread
2024-09-03 13:27:46,455 [INFO] WebApp:869 - Register for checkConnection events
2024-09-03 13:27:46,455 [INFO] WebApp:448 - Apply proxy settings
2024-09-03 13:27:46,455 [INFO] WebApp:533 - Chromium requires no authentication
2024-09-03 13:27:46,456 [INFO] WebApp:476 - Direct internet connection detected
2024-09-03 13:27:46,736 [INFO] WebApp:186 - Connection restablished
2024-09-03 13:27:46,833 [INFO] WebApp:220 - Starting web application
2024-09-03 13:27:46,834 [INFO] WebApp:578 - Web application path used /opt/st/stm32cubeide_1.16.0/plugins/com.st.stm32cube.common.mx_6.12.0.202406281431/db/plugins/mcufinder/reactClient1/index.html
2024-09-03 13:33:28,154 [INFO] Activator:176 - 


2024-09-03 13:33:28,159 [INFO] Activator:177 - !SESSION log4j initialized
2024-09-03 13:33:34,569 [INFO] LogOutputStream:77 - [STDOUT_REDIRECT] 
2024-09-03 13:33:35,722 [INFO] ApplicationProperties:184 - Using Application install path: /opt/st/stm32cubeide_1.16.0/plugins/com.st.stm32cube.common.mx_6.12.0.202406281431
2024-09-03 13:33:35,764 [INFO] DbMcusXml:78 - Set database path to: /opt/st/stm32cubeide_1.16.0/plugins/com.st.stm32cube.common.mx_6.12.0.202406281431//db//mcu/
2024-09-03 13:33:35,765 [INFO] ApiDb:274 - Set plugin database path to: /opt/st/stm32cubeide_1.16.0/plugins/com.st.stm32cube.common.mx_6.12.0.202406281431//db//plugins/boardmanager/
2024-09-03 13:33:35,766 [WARN] ApiDb:259 - Overriding images path with different value:  => /opt/st/stm32cubeide_1.16.0/plugins/com.st.stm32cube.common.mx_6.12.0.202406281431//db//plugins/mcufinder/images/
2024-09-03 13:33:35,775 [INFO] ApiDb:250 - Set database path to: /home/m/.stmcufinder/plugins/mcufinder//mcu/
2024-09-03 13:33:35,778 [INFO] DbMcusAds:125 - Set database path to: /home/m/.stmcufinder/plugins/mcufinder//mcu/
2024-09-03 13:33:35,784 [INFO] CrossReferenceDbSqlite:203 - Set database path to: /home/m/.stmcufinder/plugins/mcufinder//mcu/cs/
2024-09-03 13:33:36,105 [INFO] RulesReader:64 - Compatibility file has been processed (297 Rules)
2024-09-03 13:33:36,212 [INFO] DbMcusXml:78 - Set database path to: /opt/st/stm32cubeide_1.16.0/plugins/com.st.stm32cube.common.mx_6.12.0.202406281431//db//mcu/
2024-09-03 13:33:36,212 [INFO] ApiDb:274 - Set plugin database path to: /opt/st/stm32cubeide_1.16.0/plugins/com.st.stm32cube.common.mx_6.12.0.202406281431//db//plugins/boardmanager/
2024-09-03 13:33:36,212 [INFO] ApiDb:261 - Set plugin images path to: /opt/st/stm32cubeide_1.16.0/plugins/com.st.stm32cube.common.mx_6.12.0.202406281431//db//plugins/mcufinder/images/
2024-09-03 13:33:36,213 [WARN] DbFile:41 - Overriding database path with different value: /home/m/.stmcufinder/plugins/mcufinder/ => /home/m/.stmcufinder/plugins/mcufinder
2024-09-03 13:33:36,213 [INFO] ApiDb:250 - Set database path to: /home/m/.stmcufinder/plugins/mcufinder//mcu/
2024-09-03 13:33:36,213 [WARN] DbFile:41 - Overriding database path with different value: /home/m/.stmcufinder/plugins/mcufinder/ => /home/m/.stmcufinder/plugins/mcufinder
2024-09-03 13:33:36,213 [INFO] DbMcusAds:125 - Set database path to: /home/m/.stmcufinder/plugins/mcufinder//mcu/
2024-09-03 13:33:36,213 [WARN] DbFile:41 - Overriding database path with different value: /home/m/.stmcufinder/plugins/mcufinder/ => /home/m/.stmcufinder/plugins/mcufinder
2024-09-03 13:33:36,214 [WARN] DbFile:41 - Overriding database path with different value: /home/m/.stmcufinder/plugins/mcufinder/ => /home/m/.stmcufinder/plugins/mcufinder
2024-09-03 13:33:36,214 [INFO] CrossReferenceDbSqlite:203 - Set database path to: /home/m/.stmcufinder/plugins/mcufinder//mcu/cs/
2024-09-03 13:33:36,346 [INFO] MainPanel:268 - HeapMemory: 268435456
2024-09-03 13:33:36,508 [INFO] DbMcusXml:78 - Set database path to: /opt/st/stm32cubeide_1.16.0/plugins/com.st.stm32cube.common.mx_6.12.0.202406281431//db//mcu/
2024-09-03 13:33:36,508 [INFO] ApiDb:274 - Set plugin database path to: /opt/st/stm32cubeide_1.16.0/plugins/com.st.stm32cube.common.mx_6.12.0.202406281431//db//plugins/boardmanager/
2024-09-03 13:33:36,508 [INFO] ApiDb:261 - Set plugin images path to: /opt/st/stm32cubeide_1.16.0/plugins/com.st.stm32cube.common.mx_6.12.0.202406281431//db//plugins/mcufinder/images/
2024-09-03 13:33:36,509 [WARN] DbFile:41 - Overriding database path with different value: /home/m/.stmcufinder/plugins/mcufinder/ => /home/m/.stmcufinder/plugins/mcufinder
2024-09-03 13:33:36,509 [INFO] ApiDb:250 - Set database path to: /home/m/.stmcufinder/plugins/mcufinder//mcu/
2024-09-03 13:33:36,510 [WARN] DbFile:41 - Overriding database path with different value: /home/m/.stmcufinder/plugins/mcufinder/ => /home/m/.stmcufinder/plugins/mcufinder
2024-09-03 13:33:36,510 [INFO] DbMcusAds:125 - Set database path to: /home/m/.stmcufinder/plugins/mcufinder//mcu/
2024-09-03 13:33:36,510 [WARN] DbFile:41 - Overriding database path with different value: /home/m/.stmcufinder/plugins/mcufinder/ => /home/m/.stmcufinder/plugins/mcufinder
2024-09-03 13:33:36,510 [WARN] DbFile:41 - Overriding database path with different value: /home/m/.stmcufinder/plugins/mcufinder/ => /home/m/.stmcufinder/plugins/mcufinder
2024-09-03 13:33:36,510 [INFO] CrossReferenceDbSqlite:203 - Set database path to: /home/m/.stmcufinder/plugins/mcufinder//mcu/cs/
2024-09-03 13:33:36,535 [INFO] ApplicationProperties:184 - Using Application install path: /opt/st/stm32cubeide_1.16.0/plugins/com.st.stm32cube.common.mx_6.12.0.202406281431
2024-09-03 13:33:36,538 [INFO] PluginManage:196 - Search for loadable plugins [exclusion list=, ]
2024-09-03 13:33:36,539 [INFO] PluginManage:310 - Check plugin analytics
2024-09-03 13:33:37,102 [INFO] AnalyticsPlugin:253 - Accepted Software Licenses: 
2024-09-03 13:33:37,103 [INFO] AnalyticsPlugin:255 - Accepted CMSIS Pack Licenses: 
2024-09-03 13:33:37,103 [INFO] AnalyticsPlugin:257 - Accepted Firmware Licenses: 
2024-09-03 13:33:37,109 [INFO] PluginManage:359 - Loaded plugin analytics (category:tool,tabindex:-1)
2024-09-03 13:33:37,110 [INFO] PluginManage:310 - Check plugin cadmodel
2024-09-03 13:33:37,115 [INFO] CADModel:105 - Init CAD model plugin
2024-09-03 13:33:37,116 [INFO] PluginManage:359 - Loaded plugin cadmodel (category:power,tabindex:5)
2024-09-03 13:33:37,116 [INFO] PluginManage:310 - Check plugin clock
2024-09-03 13:33:37,139 [INFO] PluginManage:359 - Loaded plugin clock (category:base,tabindex:2)
2024-09-03 13:33:37,140 [INFO] PluginManage:310 - Check plugin ddr
2024-09-03 13:33:37,145 [INFO] PluginManage:359 - Loaded plugin ddr (category:tool,tabindex:6)
2024-09-03 13:33:37,146 [INFO] PluginManage:310 - Check plugin filemanager
2024-09-03 13:33:37,376 [INFO] PluginManage:359 - Loaded plugin filemanager (category:base,tabindex:10)
2024-09-03 13:33:37,377 [INFO] PluginManage:310 - Check plugin ipmanager
2024-09-03 13:33:37,396 [INFO] PluginManage:359 - Loaded plugin ipmanager (category:base,tabindex:5)
2024-09-03 13:33:37,397 [INFO] PluginManage:310 - Check plugin lpbam
2024-09-03 13:33:37,416 [INFO] PluginManage:359 - Loaded plugin lpbam (category:base,tabindex:0)
2024-09-03 13:33:37,417 [INFO] PluginManage:310 - Check plugin memorymap
2024-09-03 13:33:37,435 [INFO] PluginManage:359 - Loaded plugin memorymap (category:base,tabindex:4)
2024-09-03 13:33:37,435 [INFO] PluginManage:310 - Check plugin pinoutandconfiguration
2024-09-03 13:33:37,449 [INFO] PluginManage:359 - Loaded plugin pinoutandconfiguration (category:base,tabindex:1)
2024-09-03 13:33:37,450 [INFO] PluginManage:310 - Check plugin pinoutconfig
2024-09-03 13:33:37,619 [WARN] SupportedApi:132 - Cannot load RTOS API schema: s4s-elt-must-match.1: The content of 'definitions' must match (annotation?, (simpleType | complexType)?, (unique | key | keyref)*)). A problem was found starting at: attribute.
2024-09-03 13:33:37,862 [INFO] PluginManage:359 - Loaded plugin pinoutconfig (category:base,tabindex:0)
2024-09-03 13:33:37,862 [INFO] PluginManage:310 - Check plugin power
2024-09-03 13:33:37,878 [INFO] PluginManage:359 - Loaded plugin power (category:power,tabindex:4)
2024-09-03 13:33:37,879 [INFO] PluginManage:310 - Check plugin projectmanager
2024-09-03 13:33:37,917 [INFO] PluginManage:359 - Loaded plugin projectmanager (category:projectmanager,tabindex:4)
2024-09-03 13:33:37,918 [INFO] PluginManage:310 - Check plugin rif
2024-09-03 13:33:37,924 [INFO] PluginManage:359 - Loaded plugin rif (category:base,tabindex:3)
2024-09-03 13:33:37,924 [INFO] PluginManage:310 - Check plugin thirdparty
2024-09-03 13:33:38,131 [INFO] PluginManage:359 - Loaded plugin thirdparty (category:base,tabindex:-1)
2024-09-03 13:33:38,132 [INFO] PluginManage:310 - Check plugin tools
2024-09-03 13:33:38,135 [INFO] PluginManage:359 - Loaded plugin tools (category:base,tabindex:7)
2024-09-03 13:33:38,135 [INFO] PluginManage:310 - Check plugin tutovideos
2024-09-03 13:33:38,142 [WARN] IntegrityCheckThread:84 - waiting for thirdparty lock release [integrity check]
2024-09-03 13:33:38,143 [INFO] IntegrityCheckThread:86 - entering critical section [integrity check]
2024-09-03 13:33:38,144 [INFO] ThirdPartyUpdaterWithRetryManager:70 - Updater plugin not ready yet. [1/15]
2024-09-03 13:33:38,473 [INFO] PluginManage:359 - Loaded plugin tutovideos (category:base,tabindex:-1)
2024-09-03 13:33:38,473 [INFO] PluginManage:310 - Check plugin updater
2024-09-03 13:33:38,504 [INFO] PluginManage:359 - Loaded plugin updater (category:base,tabindex:12)
2024-09-03 13:33:38,504 [INFO] PluginManage:310 - Check plugin userauth
2024-09-03 13:33:38,512 [INFO] UserAuth:113 - Init User Auth plugin
2024-09-03 13:33:38,513 [INFO] PluginManage:359 - Loaded plugin userauth (category:base,tabindex:14)
2024-09-03 13:33:38,514 [INFO] PluginManage:283 - PluginManage : Loaded plugins [18]
2024-09-03 13:33:38,799 [INFO] PinOutPanel:1561 - setPackage(No Configuration,No Configuration)
2024-09-03 13:33:38,921 [INFO] CADModel:165 - CPN selected for project level
2024-09-03 13:33:38,922 [INFO] CADModel:114 - Register for checkConnection events
2024-09-03 13:33:38,939 [INFO] IPUIPlugin:80 - create IPUIPlugin
2024-09-03 13:33:38,940 [INFO] PluginManager:220 - loadIPPluginJar : add extmemmanager
2024-09-03 13:33:38,944 [INFO] IPUIPlugin:80 - create IPUIPlugin
2024-09-03 13:33:38,944 [INFO] PluginManager:220 - loadIPPluginJar : add dfsdm
2024-09-03 13:33:38,949 [INFO] IPUIPlugin:80 - create IPUIPlugin
2024-09-03 13:33:38,949 [INFO] PluginManager:220 - loadIPPluginJar : add touchsensing
2024-09-03 13:33:38,953 [INFO] IPUIPlugin:80 - create IPUIPlugin
2024-09-03 13:33:38,953 [INFO] PluginManager:220 - loadIPPluginJar : add i2c
2024-09-03 13:33:38,962 [INFO] IPUIPlugin:80 - create IPUIPlugin
2024-09-03 13:33:38,967 [INFO] PluginManager:220 - loadIPPluginJar : add plateformsettings
2024-09-03 13:33:38,969 [INFO] IPUIPlugin:80 - create IPUIPlugin
2024-09-03 13:33:38,970 [INFO] PluginManager:220 - loadIPPluginJar : add tracer_emb
2024-09-03 13:33:38,972 [INFO] IPUIPlugin:80 - create IPUIPlugin
2024-09-03 13:33:38,972 [INFO] PluginManager:220 - loadIPPluginJar : add comp
2024-09-03 13:33:38,980 [INFO] IPUIPlugin:80 - create IPUIPlugin
2024-09-03 13:33:38,981 [INFO] PluginManager:220 - loadIPPluginJar : add gic
2024-09-03 13:33:38,986 [INFO] IPUIPlugin:80 - create IPUIPlugin
2024-09-03 13:33:38,987 [INFO] PluginManager:220 - loadIPPluginJar : add sai
2024-09-03 13:33:38,990 [INFO] IPUIPlugin:80 - create IPUIPlugin
2024-09-03 13:33:38,990 [INFO] PluginManager:220 - loadIPPluginJar : add gtzc
2024-09-03 13:33:39,001 [INFO] IPUIPlugin:80 - create IPUIPlugin
2024-09-03 13:33:39,001 [INFO] PluginManager:220 - loadIPPluginJar : add linkedlist
2024-09-03 13:33:39,003 [INFO] IPUIPlugin:80 - create IPUIPlugin
2024-09-03 13:33:39,003 [INFO] PluginManager:220 - loadIPPluginJar : add ts
2024-09-03 13:33:39,012 [INFO] IPUIPlugin:80 - create IPUIPlugin
2024-09-03 13:33:39,012 [INFO] PluginManager:220 - loadIPPluginJar : add dma
2024-09-03 13:33:39,016 [INFO] IPUIPlugin:80 - create IPUIPlugin
2024-09-03 13:33:39,016 [INFO] PluginManager:220 - loadIPPluginJar : add i3c
2024-09-03 13:33:39,022 [INFO] IPUIPlugin:80 - create IPUIPlugin
2024-09-03 13:33:39,022 [INFO] PluginManager:220 - loadIPPluginJar : add gpio
2024-09-03 13:33:39,025 [INFO] IPUIPlugin:80 - create IPUIPlugin
2024-09-03 13:33:39,026 [INFO] PluginManager:220 - loadIPPluginJar : add dma3
2024-09-03 13:33:39,034 [INFO] IPUIPlugin:80 - create IPUIPlugin
2024-09-03 13:33:39,034 [INFO] PluginManager:220 - loadIPPluginJar : add opamp
2024-09-03 13:33:39,041 [INFO] IPUIPlugin:80 - create IPUIPlugin
2024-09-03 13:33:39,041 [INFO] PluginManager:220 - loadIPPluginJar : add fmc
2024-09-03 13:33:39,047 [INFO] IPUIPlugin:80 - create IPUIPlugin
2024-09-03 13:33:39,048 [INFO] PluginManager:220 - loadIPPluginJar : add aes
2024-09-03 13:33:39,052 [INFO] IPUIPlugin:80 - create IPUIPlugin
2024-09-03 13:33:39,052 [INFO] PluginManager:220 - loadIPPluginJar : add openamp
2024-09-03 13:33:39,055 [INFO] IPUIPlugin:80 - create IPUIPlugin
2024-09-03 13:33:39,056 [INFO] PluginManager:220 - loadIPPluginJar : add gfxmmu
2024-09-03 13:33:39,058 [INFO] IPUIPlugin:80 - create IPUIPlugin
2024-09-03 13:33:39,058 [INFO] PluginManager:220 - loadIPPluginJar : add ltdc
2024-09-03 13:33:39,061 [INFO] IPUIPlugin:80 - create IPUIPlugin
2024-09-03 13:33:39,064 [INFO] PluginManager:220 - loadIPPluginJar : add tsc
2024-09-03 13:33:39,068 [INFO] IPUIPlugin:80 - create IPUIPlugin
2024-09-03 13:33:39,070 [INFO] PluginManager:220 - loadIPPluginJar : add can
2024-09-03 13:33:39,080 [INFO] IPUIPlugin:80 - create IPUIPlugin
2024-09-03 13:33:39,081 [INFO] PluginManager:220 - loadIPPluginJar : add freertos
2024-09-03 13:33:39,083 [INFO] IPUIPlugin:80 - create IPUIPlugin
2024-09-03 13:33:39,084 [INFO] PluginManager:220 - loadIPPluginJar : add radio
2024-09-03 13:33:39,092 [INFO] IPUIPlugin:80 - create IPUIPlugin
2024-09-03 13:33:39,092 [INFO] PluginManager:220 - loadIPPluginJar : add mdma
2024-09-03 13:33:39,097 [INFO] IPUIPlugin:80 - create IPUIPlugin
2024-09-03 13:33:39,098 [INFO] PluginManager:220 - loadIPPluginJar : add usbx
2024-09-03 13:33:39,104 [INFO] IPUIPlugin:80 - create IPUIPlugin
2024-09-03 13:33:39,105 [INFO] PluginManager:220 - loadIPPluginJar : add ddr_ctrl_phy
2024-09-03 13:33:39,114 [INFO] IPUIPlugin:80 - create IPUIPlugin
2024-09-03 13:33:39,115 [INFO] PluginManager:220 - loadIPPluginJar : add adc
2024-09-03 13:33:39,119 [INFO] IPUIPlugin:80 - create IPUIPlugin
2024-09-03 13:33:39,119 [INFO] PluginManager:220 - loadIPPluginJar : add lorawan
2024-09-03 13:33:39,124 [INFO] IPUIPlugin:80 - create IPUIPlugin
2024-09-03 13:33:39,124 [INFO] PluginManager:220 - loadIPPluginJar : add resmgrutility
2024-09-03 13:33:39,129 [INFO] IPUIPlugin:80 - create IPUIPlugin
2024-09-03 13:33:39,129 [INFO] PluginManager:220 - loadIPPluginJar : add pdm2pcm
2024-09-03 13:33:39,132 [INFO] IPUIPlugin:80 - create IPUIPlugin
2024-09-03 13:33:39,133 [INFO] PluginManager:220 - loadIPPluginJar : add ucpd
2024-09-03 13:33:39,136 [INFO] IPUIPlugin:80 - create IPUIPlugin
2024-09-03 13:33:39,136 [INFO] PluginManager:220 - loadIPPluginJar : add hash
2024-09-03 13:33:39,138 [INFO] IPUIPlugin:80 - create IPUIPlugin
2024-09-03 13:33:39,138 [INFO] PluginManager:220 - loadIPPluginJar : add fatfs
2024-09-03 13:33:39,142 [INFO] IPUIPlugin:80 - create IPUIPlugin
2024-09-03 13:33:39,142 [INFO] PluginManager:220 - loadIPPluginJar : add tim
2024-09-03 13:33:39,147 [INFO] IPUIPlugin:80 - create IPUIPlugin
2024-09-03 13:33:39,147 [INFO] PluginManager:220 - loadIPPluginJar : add i2s
2024-09-03 13:33:39,151 [INFO] IPUIPlugin:80 - create IPUIPlugin
2024-09-03 13:33:39,151 [INFO] PluginManager:220 - loadIPPluginJar : add usart
2024-09-03 13:33:39,156 [INFO] IPUIPlugin:80 - create IPUIPlugin
2024-09-03 13:33:39,157 [INFO] PluginManager:220 - loadIPPluginJar : add cryp
2024-09-03 13:33:39,164 [INFO] IPUIPlugin:80 - create IPUIPlugin
2024-09-03 13:33:39,165 [INFO] PluginManager:220 - loadIPPluginJar : add nvic
2024-09-03 13:33:39,169 [INFO] IPUIPlugin:80 - create IPUIPlugin
2024-09-03 13:33:39,169 [INFO] PluginManager:220 - loadIPPluginJar : add ipddr
2024-09-03 13:33:39,172 [INFO] IPUIPlugin:80 - create IPUIPlugin
2024-09-03 13:33:39,172 [INFO] PluginManager:220 - loadIPPluginJar : add quadspi
2024-09-03 13:33:39,177 [INFO] IPUIPlugin:80 - create IPUIPlugin
2024-09-03 13:33:39,180 [INFO] PluginManager:220 - loadIPPluginJar : add spi
2024-09-03 13:33:39,188 [INFO] IPUIPlugin:80 - create IPUIPlugin
2024-09-03 13:33:39,188 [INFO] PluginManager:220 - loadIPPluginJar : add genericplugin
2024-09-03 13:33:39,202 [INFO] IPUIPlugin:80 - create IPUIPlugin
2024-09-03 13:33:39,202 [INFO] PluginManager:220 - loadIPPluginJar : add stm32_wpan
2024-09-03 13:33:39,341 [INFO] CADModel:165 - CPN selected for project level
2024-09-03 13:33:39,342 [INFO] CADModel:114 - Register for checkConnection events
2024-09-03 13:33:39,343 [FATAL] Updater:334 - Updater called before beeing initialized
2024-09-03 13:33:39,343 [ERROR] CADModel:125 - Updater not yet initialized, retry later 
2024-09-03 13:33:39,514 [INFO] CADModel:165 - CPN selected for project level
2024-09-03 13:33:39,514 [INFO] CADModel:114 - Register for checkConnection events
2024-09-03 13:33:39,514 [FATAL] Updater:334 - Updater called before beeing initialized
2024-09-03 13:33:39,514 [ERROR] CADModel:125 - Updater not yet initialized, retry later 
2024-09-03 13:33:39,520 [FATAL] Updater:334 - Updater called before beeing initialized
2024-09-03 13:33:39,680 [FATAL] Updater:334 - Updater called before beeing initialized
2024-09-03 13:33:39,686 [INFO] DbMcusAds:53 - JSON generation date=Thu May 16 10:22:00 WEST 2024 (1715851320667)
2024-09-03 13:33:39,687 [FATAL] Updater:334 - Updater called before beeing initialized
2024-09-03 13:33:39,753 [WARN] DetailPanel:346 - Failed to get advertising image, set to default
2024-09-03 13:33:39,885 [FATAL] Updater:334 - Updater called before beeing initialized
2024-09-03 13:33:39,887 [FATAL] Updater:334 - Updater called before beeing initialized
2024-09-03 13:33:39,887 [FATAL] Updater:334 - Updater called before beeing initialized
2024-09-03 13:33:39,887 [WARN] DetailPanel:346 - Failed to get advertising image, set to default
2024-09-03 13:33:39,889 [FATAL] Updater:334 - Updater called before beeing initialized
2024-09-03 13:33:39,947 [ERROR] Updater:1164 - MainUpdater not yet initialized. External WinMGr cannot be set.
2024-09-03 13:33:39,950 [INFO] Updater:1100 - Updater Version found : 6.12.0
2024-09-03 13:33:39,976 [INFO] ApplicationProperties:184 - Using Application install path: /opt/st/stm32cubeide_1.16.0/plugins/com.st.stm32cube.common.mx_6.12.0.202406281431
2024-09-03 13:33:40,372 [INFO] MainUpdater:2873 - connection check result : 10
2024-09-03 13:33:40,373 [INFO] MainUpdater:290 - Updater Check For Update Now.
2024-09-03 13:33:40,373 [INFO] MicroXplorer:498 - Change Database Version : DB.6.0.120
2024-09-03 13:33:40,381 [INFO] McuFinderGlobals:63 - Set McuFinder mode to 2 (CubeIDE integrated)
2024-09-03 13:33:40,382 [INFO] UserAuth:179 - activating auth plugin
2024-09-03 13:33:40,389 [INFO] UserAuth:417 - Internet connection configuration mode: 1
2024-09-03 13:33:40,409 [INFO] JxBrowserEngine:152 - Initiate JxBrowser Engine with user profile folder
2024-09-03 13:33:40,839 [INFO] CheckServerUpdateThread:120 - End of CheckServer Thread
2024-09-03 13:33:41,587 [WARN] PackLoader:240 - Cannot read IP mode file for STMicroelectronics.FP-SNS-MOTENVWB1.1.4.0
2024-09-03 13:33:41,622 [WARN] PackLoader:240 - Cannot read IP mode file for STMicroelectronics.X-CUBE-SMBUS.2.1.0
2024-09-03 13:33:41,735 [WARN] PackLoader:240 - Cannot read IP mode file for STMicroelectronics.X-CUBE-AZRTOS-F7.1.1.0
2024-09-03 13:33:41,753 [INFO] WebApp:167 - Instantiating new browser for Auth
2024-09-03 13:33:42,079 [WARN] PackLoader:240 - Cannot read IP mode file for STMicroelectronics.X-CUBE-MEMS1.11.0.0
2024-09-03 13:33:42,556 [WARN] PackLoader:240 - Cannot read IP mode file for STMicroelectronics.FP-SNS-FLIGHT1.5.0.2
2024-09-03 13:33:42,585 [WARN] PackLoader:240 - Cannot read IP mode file for STMicroelectronics.X-CUBE-DISPLAY.3.0.0
2024-09-03 13:33:42,633 [WARN] PackLoader:240 - Cannot read IP mode file for STMicroelectronics.X-CUBE-BLE1.7.0.0
2024-09-03 13:33:42,640 [WARN] PackLoader:240 - Cannot read IP mode file for emotas.I-CUBE-CANOPEN.1.3.0
2024-09-03 13:33:42,664 [WARN] PackLoader:240 - Cannot read IP mode file for STMicroelectronics.X-CUBE-BLEMGR.3.1.0
2024-09-03 13:33:42,689 [WARN] PackLoader:240 - Cannot read IP mode file for STMicroelectronics.FP-SNS-SMARTAG2.1.2.0
2024-09-03 13:33:42,720 [INFO] LogOutputStream:77 - [STDOUT_REDIRECT] 1 : Invalid condition id : UX_CORESTACK_Condition cause : null
2024-09-03 13:33:42,722 [INFO] LogOutputStream:77 - [STDOUT_REDIRECT] 1 : Invalid condition id : UX_CORESTACK_Condition cause : null
2024-09-03 13:33:42,723 [INFO] LogOutputStream:77 - [STDOUT_REDIRECT] 1 : Invalid condition id : UX_CORESTACK_Condition cause : null
2024-09-03 13:33:42,726 [INFO] LogOutputStream:77 - [STDOUT_REDIRECT] 1 : Invalid condition id : UX_CORESTACK_Condition cause : null
2024-09-03 13:33:42,729 [INFO] LogOutputStream:77 - [STDOUT_REDIRECT] 1 : Invalid condition id : UX_CORESTACK_Condition cause : null
2024-09-03 13:33:42,746 [WARN] PackLoader:240 - Cannot read IP mode file for STMicroelectronics.X-CUBE-AZRTOS-WL.2.0.0
2024-09-03 13:33:42,766 [WARN] PackLoader:240 - Cannot read IP mode file for STMicroelectronics.FP-SNS-MOTENV1.5.0.0
2024-09-03 13:33:42,777 [WARN] PackLoader:240 - Cannot read IP mode file for wolfSSL.I-CUBE-wolfMQTT.1.19.0
2024-09-03 13:33:42,830 [WARN] PackLoader:240 - Cannot read IP mode file for WES.I-CUBE-Cesium.1.3.0
2024-09-03 13:33:42,836 [WARN] PackLoader:240 - Cannot read IP mode file for STMicroelectronics.X-CUBE-BLE2.3.3.0
2024-09-03 13:33:42,857 [WARN] PackLoader:240 - Cannot read IP mode file for STMicroelectronics.X-CUBE-TCPP.4.1.0
2024-09-03 13:33:42,907 [WARN] PackLoader:240 - Cannot read IP mode file for STMicroelectronics.X-CUBE-AZRTOS-G0.1.1.0
2024-09-03 13:33:42,930 [WARN] PackLoader:240 - Cannot read IP mode file for STMicroelectronics.X-CUBE-SAFEA1.1.2.2
2024-09-03 13:33:42,946 [WARN] PackLoader:240 - Cannot read IP mode file for STMicroelectronics.X-CUBE-NFC4.3.0.0
2024-09-03 13:33:43,002 [WARN] PackLoader:240 - Cannot read IP mode file for EmbeddedOffice.I-CUBE-FS-RTOS.1.0.1
2024-09-03 13:33:43,005 [ERROR] ConditionMgr:805 - Attr not supported : Dmpu
2024-09-03 13:33:43,005 [ERROR] ConditionMgr:805 - Attr not supported : Dmpu
2024-09-03 13:33:43,005 [ERROR] ConditionMgr:805 - Attr not supported : Dmpu
2024-09-03 13:33:43,005 [ERROR] ConditionMgr:805 - Attr not supported : Dmpu
2024-09-03 13:33:43,006 [ERROR] ConditionMgr:805 - Attr not supported : Dmpu
2024-09-03 13:33:43,006 [ERROR] ConditionMgr:805 - Attr not supported : Dmpu
2024-09-03 13:33:43,006 [ERROR] ConditionMgr:805 - Attr not supported : Dmpu
2024-09-03 13:33:43,009 [ERROR] ConditionMgr:805 - Attr not supported : Dmpu
2024-09-03 13:33:43,009 [ERROR] ConditionMgr:805 - Attr not supported : Dmpu
2024-09-03 13:33:43,009 [ERROR] ConditionMgr:805 - Attr not supported : Dmpu
2024-09-03 13:33:43,009 [ERROR] ConditionMgr:805 - Attr not supported : Dmpu
2024-09-03 13:33:43,009 [ERROR] ConditionMgr:805 - Attr not supported : Dmpu
2024-09-03 13:33:43,010 [ERROR] ConditionMgr:805 - Attr not supported : Dmpu
2024-09-03 13:33:43,010 [ERROR] ConditionMgr:805 - Attr not supported : Dmpu
2024-09-03 13:33:43,013 [ERROR] ConditionMgr:805 - Attr not supported : Dmpu
2024-09-03 13:33:43,013 [ERROR] ConditionMgr:805 - Attr not supported : Dmpu
2024-09-03 13:33:43,013 [ERROR] ConditionMgr:805 - Attr not supported : Dmpu
2024-09-03 13:33:43,013 [ERROR] ConditionMgr:805 - Attr not supported : Dmpu
2024-09-03 13:33:43,013 [ERROR] ConditionMgr:805 - Attr not supported : Dmpu
2024-09-03 13:33:43,014 [ERROR] ConditionMgr:805 - Attr not supported : Dmpu
2024-09-03 13:33:43,014 [ERROR] ConditionMgr:805 - Attr not supported : Dmpu
2024-09-03 13:33:43,014 [ERROR] ConditionMgr:805 - Attr not supported : Dmpu
2024-09-03 13:33:43,017 [ERROR] ConditionMgr:805 - Attr not supported : Dmpu
2024-09-03 13:33:43,017 [ERROR] ConditionMgr:805 - Attr not supported : Dmpu
2024-09-03 13:33:43,017 [ERROR] ConditionMgr:805 - Attr not supported : Dmpu
2024-09-03 13:33:43,017 [ERROR] ConditionMgr:805 - Attr not supported : Dmpu
2024-09-03 13:33:43,018 [ERROR] ConditionMgr:805 - Attr not supported : Dmpu
2024-09-03 13:33:43,018 [ERROR] ConditionMgr:805 - Attr not supported : Dmpu
2024-09-03 13:33:43,018 [ERROR] ConditionMgr:805 - Attr not supported : Dmpu
2024-09-03 13:33:43,021 [ERROR] ConditionMgr:805 - Attr not supported : Dmpu
2024-09-03 13:33:43,021 [ERROR] ConditionMgr:805 - Attr not supported : Dmpu
2024-09-03 13:33:43,021 [ERROR] ConditionMgr:805 - Attr not supported : Dmpu
2024-09-03 13:33:43,021 [ERROR] ConditionMgr:805 - Attr not supported : Dmpu
2024-09-03 13:33:43,021 [ERROR] ConditionMgr:805 - Attr not supported : Dmpu
2024-09-03 13:33:43,022 [ERROR] ConditionMgr:805 - Attr not supported : Dmpu
2024-09-03 13:33:43,022 [ERROR] ConditionMgr:805 - Attr not supported : Dmpu
2024-09-03 13:33:43,025 [ERROR] ConditionMgr:805 - Attr not supported : Dmpu
2024-09-03 13:33:43,025 [ERROR] ConditionMgr:805 - Attr not supported : Dmpu
2024-09-03 13:33:43,025 [ERROR] ConditionMgr:805 - Attr not supported : Dmpu
2024-09-03 13:33:43,026 [ERROR] ConditionMgr:805 - Attr not supported : Dmpu
2024-09-03 13:33:43,026 [ERROR] ConditionMgr:805 - Attr not supported : Dmpu
2024-09-03 13:33:43,029 [ERROR] ConditionMgr:805 - Attr not supported : Dmpu
2024-09-03 13:33:43,029 [ERROR] ConditionMgr:805 - Attr not supported : Dmpu
2024-09-03 13:33:43,029 [ERROR] ConditionMgr:805 - Attr not supported : Dmpu
2024-09-03 13:33:43,029 [ERROR] ConditionMgr:805 - Attr not supported : Dmpu
2024-09-03 13:33:43,030 [ERROR] ConditionMgr:805 - Attr not supported : Dmpu
2024-09-03 13:33:43,030 [ERROR] ConditionMgr:805 - Attr not supported : Dmpu
2024-09-03 13:33:43,030 [ERROR] ConditionMgr:805 - Attr not supported : Dmpu
2024-09-03 13:33:43,033 [ERROR] ConditionMgr:805 - Attr not supported : Dmpu
2024-09-03 13:33:43,033 [ERROR] ConditionMgr:805 - Attr not supported : Dmpu
2024-09-03 13:33:43,033 [ERROR] ConditionMgr:805 - Attr not supported : Dmpu
2024-09-03 13:33:43,033 [ERROR] ConditionMgr:805 - Attr not supported : Dmpu
2024-09-03 13:33:43,033 [ERROR] ConditionMgr:805 - Attr not supported : Dmpu
2024-09-03 13:33:43,034 [ERROR] ConditionMgr:805 - Attr not supported : Dmpu
2024-09-03 13:33:43,034 [ERROR] ConditionMgr:805 - Attr not supported : Dmpu
2024-09-03 13:33:43,037 [ERROR] ConditionMgr:805 - Attr not supported : Dmpu
2024-09-03 13:33:43,037 [ERROR] ConditionMgr:805 - Attr not supported : Dmpu
2024-09-03 13:33:43,037 [ERROR] ConditionMgr:805 - Attr not supported : Dmpu
2024-09-03 13:33:43,037 [ERROR] ConditionMgr:805 - Attr not supported : Dmpu
2024-09-03 13:33:43,037 [ERROR] ConditionMgr:805 - Attr not supported : Dmpu
2024-09-03 13:33:43,037 [ERROR] ConditionMgr:805 - Attr not supported : Dmpu
2024-09-03 13:33:43,038 [ERROR] ConditionMgr:805 - Attr not supported : Dmpu
2024-09-03 13:33:43,038 [ERROR] ConditionMgr:805 - Attr not supported : Dmpu
2024-09-03 13:33:43,041 [ERROR] ConditionMgr:805 - Attr not supported : Dmpu
2024-09-03 13:33:43,058 [WARN] PackLoader:240 - Cannot read IP mode file for RealThread.X-CUBE-RT-Thread_Nano.4.1.1
2024-09-03 13:33:43,072 [WARN] PackLoader:240 - Cannot read IP mode file for STMicroelectronics.FP-ATR-SIGFOX1.3.2.0
2024-09-03 13:33:43,083 [WARN] PackLoader:240 - Cannot read IP mode file for wolfSSL.I-CUBE-wolfSSL.5.7.2
2024-09-03 13:33:43,095 [WARN] PackLoader:240 - Cannot read IP mode file for STMicroelectronics.X-CUBE-EEPRMA1.5.1.0
2024-09-03 13:33:43,116 [WARN] PackLoader:240 - Cannot read IP mode file for ITTIA_DB.I-CUBE-ITTIADB.8.9.0
2024-09-03 13:33:43,198 [WARN] PackLoader:240 - Cannot read IP mode file for SEGGER.I-CUBE-embOS.1.3.1
2024-09-03 13:33:43,388 [WARN] PackLoader:240 - Cannot read IP mode file for STMicroelectronics.X-CUBE-ALGOBUILD.1.4.0
2024-09-03 13:33:43,401 [WARN] PackLoader:240 - Cannot read IP mode file for STMicroelectronics.X-CUBE-GNSS1.6.0.0
2024-09-03 13:33:43,443 [WARN] PackLoader:240 - Cannot read IP mode file for STMicroelectronics.X-CUBE-AZRTOS-F4.1.1.0
2024-09-03 13:33:43,456 [WARN] PackLoader:240 - Cannot read IP mode file for STMicroelectronics.X-CUBE-FREERTOS.1.2.0
2024-09-03 13:33:43,504 [WARN] PackLoader:240 - Cannot read IP mode file for STMicroelectronics.X-CUBE-AZRTOS-L5.2.0.0
2024-09-03 13:33:43,521 [WARN] PackLoader:240 - Cannot read IP mode file for STMicroelectronics.X-CUBE-NFC6.3.1.0
2024-09-03 13:33:43,537 [WARN] PackLoader:240 - Cannot read IP mode file for STMicroelectronics.X-CUBE-DPower.1.2.0
2024-09-03 13:33:43,544 [WARN] PackLoader:240 - Cannot read IP mode file for STMicroelectronics.X-CUBE-AI.9.0.0
2024-09-03 13:33:43,551 [WARN] PackLoader:240 - Cannot read IP mode file for STMicroelectronics.X-CUBE-NFC7.1.0.1
2024-09-03 13:33:43,651 [WARN] ConditionMgr:438 - getConditionDescription Invalid condition id : LAN8742 Phy interface Condition cause : null
2024-09-03 13:33:43,652 [WARN] PackLoader:240 - Cannot read IP mode file for STMicroelectronics.X-CUBE-AZRTOS-L4.2.0.0
2024-09-03 13:33:43,662 [WARN] ConditionMgr:1039 - genDependencies : Invalid condition id : LAN8742 Phy interface Condition cause : null
2024-09-03 13:33:43,663 [WARN] ConditionMgr:1039 - genDependencies : Invalid condition id : LAN8742 Phy interface Condition cause : null
2024-09-03 13:33:43,666 [WARN] ConditionMgr:1039 - genDependencies : Invalid condition id : LAN8742 Phy interface Condition cause : null
2024-09-03 13:33:43,698 [WARN] PackLoader:240 - Cannot read IP mode file for STMicroelectronics.X-CUBE-SFXS2LP1.4.0.0
2024-09-03 13:33:43,761 [WARN] PackLoader:240 - Cannot read IP mode file for STMicroelectronics.X-CUBE-AZRTOS-H7.3.3.0
2024-09-03 13:33:43,801 [WARN] ConditionMgr:438 - getConditionDescription Invalid condition id : UX DEVICE CLASS RTOS Condition cause : null
2024-09-03 13:33:43,801 [WARN] ConditionMgr:438 - getConditionDescription Invalid condition id : UX DEVICE CLASS RTOS Condition cause : null
2024-09-03 13:33:43,805 [WARN] PackLoader:240 - Cannot read IP mode file for STMicroelectronics.X-CUBE-AZRTOS-WB.2.0.0
2024-09-03 13:33:43,807 [WARN] ConditionMgr:1039 - genDependencies : Invalid condition id : UX DEVICE CLASS RTOS Condition cause : null
2024-09-03 13:33:43,807 [WARN] ConditionMgr:1039 - genDependencies : Invalid condition id : UX DEVICE CLASS RTOS Condition cause : null
2024-09-03 13:33:43,807 [WARN] ConditionMgr:1039 - genDependencies : Invalid condition id : UX DEVICE CLASS RTOS Condition cause : null
2024-09-03 13:33:43,808 [WARN] ConditionMgr:1039 - genDependencies : Invalid condition id : UX DEVICE CLASS RTOS Condition cause : null
2024-09-03 13:33:43,808 [WARN] ConditionMgr:1039 - genDependencies : Invalid condition id : UX DEVICE CLASS RTOS Condition cause : null
2024-09-03 13:33:43,818 [WARN] PackLoader:240 - Cannot read IP mode file for STMicroelectronics.FP-SNS-STBOX1.2.0.0
2024-09-03 13:33:43,847 [WARN] PackLoader:240 - Cannot read IP mode file for STMicroelectronics.X-CUBE-SUBG2.5.0.0
2024-09-03 13:33:43,872 [WARN] PackLoader:240 - Cannot read IP mode file for Cesanta.I-CUBE-Mongoose.7.13.0
2024-09-03 13:33:43,905 [WARN] PackLoader:240 - Cannot read IP mode file for STMicroelectronics.X-CUBE-AZRTOS-G4.2.0.0
2024-09-03 13:33:43,925 [WARN] PackLoader:240 - Cannot read IP mode file for STMicroelectronics.X-CUBE-ISPU.2.0.0
2024-09-03 13:33:43,936 [WARN] PackLoader:240 - Cannot read IP mode file for STMicroelectronics.X-CUBE-ALS.1.0.2
2024-09-03 13:33:43,951 [WARN] PackLoader:240 - Cannot read IP mode file for STMicroelectronics.X-CUBE-TOUCHGFX.4.24.0
2024-09-03 13:33:43,957 [WARN] PackLoader:240 - Cannot read IP mode file for wolfSSL.I-CUBE-wolfTPM.3.4.0
2024-09-03 13:33:43,968 [WARN] PackLoader:240 - Cannot read IP mode file for portGmbH.I-Cube-SoM-uGOAL.1.1.0
2024-09-03 13:33:44,061 [WARN] PackLoader:240 - Cannot read IP mode file for STMicroelectronics.X-CUBE-AZRTOS-H7RS.1.0.0
2024-09-03 13:33:44,094 [WARN] PackLoader:240 - Cannot read IP mode file for STMicroelectronics.FP-ATR-ASTRA1.2.0.0
2024-09-03 13:33:44,156 [WARN] PackLoader:240 - Cannot read IP mode file for STMicroelectronics.X-CUBE-TOF1.3.4.2
2024-09-03 13:33:44,221 [INFO] WebApp:448 - Apply proxy settings
2024-09-03 13:33:44,223 [INFO] WebApp:533 - Chromium requires no authentication
2024-09-03 13:33:44,243 [INFO] WebApp:476 - Direct internet connection detected
2024-09-03 13:33:44,296 [INFO] WebApp:869 - Register for checkConnection events
2024-09-03 13:33:44,296 [INFO] WebApp:448 - Apply proxy settings
2024-09-03 13:33:44,296 [INFO] WebApp:533 - Chromium requires no authentication
2024-09-03 13:33:44,297 [INFO] WebApp:476 - Direct internet connection detected
2024-09-03 13:33:44,322 [WARN] PackLoader:240 - Cannot read IP mode file for Infineon.AIROC-Wi-Fi-Bluetooth-STM32.1.6.1
2024-09-03 13:33:44,345 [WARN] PackLoader:240 - Cannot read IP mode file for wolfSSL.I-CUBE-wolfSSH.1.4.17
2024-09-03 13:33:44,346 [INFO] ThirdParty:978 - Integrity check success = true
2024-09-03 13:33:44,347 [INFO] IntegrityCheckThread:100 - exiting critical section [integrity check]
2024-09-03 13:33:44,353 [INFO] IntegrityCheckThread:103 - End integrity checks thread
2024-09-03 13:33:44,656 [INFO] WebApp:220 - Starting web application
2024-09-03 13:33:44,656 [INFO] WebApp:578 - Web application path used /opt/st/stm32cubeide_1.16.0/plugins/com.st.stm32cube.common.mx_6.12.0.202406281431/db/plugins/mcufinder/reactClient1/index.html
2024-09-03 13:33:44,669 [INFO] WebApp:186 - Connection restablished
2024-09-03 19:32:35,311 [INFO] LogOutputStream:77 - [STDOUT_REDIRECT] StartTraceHandler.execute(), success : Collect=true
2024-09-03 19:32:37,453 [INFO] LogOutputStream:77 - [STDOUT_REDIRECT] StartTraceHandler.execute(), success : Collect=false
2024-09-03 19:32:43,458 [INFO] LogOutputStream:77 - [STDOUT_REDIRECT] StartTraceHandler.execute(), success : Collect=true
2024-09-03 19:33:02,319 [INFO] LogOutputStream:77 - [STDOUT_REDIRECT] StartTraceHandler.execute(), success : Collect=false
2024-09-03 19:36:30,375 [INFO] LogOutputStream:77 - [STDOUT_REDIRECT] StartTraceHandler.execute(), success : Collect=true
2024-09-03 19:36:31,556 [INFO] LogOutputStream:77 - [STDOUT_REDIRECT] StartTraceHandler.execute(), success : Collect=false
2024-09-03 19:36:32,212 [INFO] LogOutputStream:77 - [STDOUT_REDIRECT] StartTraceHandler.execute(), success : Collect=true
2024-09-03 19:36:32,897 [INFO] LogOutputStream:77 - [STDOUT_REDIRECT] StartTraceHandler.execute(), success : Collect=false
2024-09-03 19:36:34,786 [INFO] LogOutputStream:77 - [STDOUT_REDIRECT] StartTraceHandler.execute(), success : Collect=true
2024-09-03 19:36:35,982 [INFO] LogOutputStream:77 - [STDOUT_REDIRECT] StartTraceHandler.execute(), success : Collect=false
2024-09-03 19:36:38,545 [INFO] LogOutputStream:77 - [STDOUT_REDIRECT] StartTraceHandler.execute(), success : Collect=true
2024-09-03 19:41:13,503 [INFO] LogOutputStream:77 - [STDOUT_REDIRECT] StartTraceHandler.execute(), success : Collect=false
2024-09-03 19:41:15,757 [INFO] LogOutputStream:77 - [STDOUT_REDIRECT] StartTraceHandler.execute(), success : Collect=true
2024-09-03 19:41:16,839 [INFO] LogOutputStream:77 - [STDOUT_REDIRECT] StartTraceHandler.execute(), success : Collect=false
2024-09-03 19:41:17,734 [INFO] LogOutputStream:77 - [STDOUT_REDIRECT] StartTraceHandler.execute(), success : Collect=true
2024-09-03 19:41:19,387 [INFO] LogOutputStream:77 - [STDOUT_REDIRECT] StartTraceHandler.execute(), success : Collect=false
2024-09-03 19:41:22,290 [INFO] LogOutputStream:77 - [STDOUT_REDIRECT] StartTraceHandler.execute(), success : Collect=true
