2024-09-04 01:33:08,061 [INFO] LogOutputStream:77 - [STDOUT_REDIRECT] StartTraceHandler.execute(), success : Collect=false
2024-09-04 01:33:14,015 [INFO] LogOutputStream:77 - [STDOUT_REDIRECT] StartTraceHandler.execute(), success : Collect=true
2024-09-04 01:33:31,845 [INFO] LogOutputStream:77 - [STDOUT_REDIRECT] StartTraceHandler.execute(), success : Collect=false
2024-09-04 01:33:33,713 [INFO] LogOutputStream:77 - [STDOUT_REDIRECT] StartTraceHandler.execute(), success : Collect=true
2024-09-04 01:33:34,735 [INFO] LogOutputStream:77 - [STDOUT_REDIRECT] StartTraceHandler.execute(), success : Collect=false
2024-09-04 01:33:37,471 [INFO] LogOutputStream:77 - [STDOUT_REDIRECT] StartTraceHandler.execute(), success : Collect=true
2024-09-04 01:33:39,465 [INFO] LogOutputStream:77 - [STDOUT_REDIRECT] StartTraceHandler.execute(), success : Collect=false
2024-09-04 01:33:42,227 [INFO] LogOutputStream:77 - [STDOUT_REDIRECT] StartTraceHandler.execute(), success : Collect=true
2024-09-04 01:34:14,972 [INFO] LogOutputStream:77 - [STDOUT_REDIRECT] StartTraceHandler.execute(), success : Collect=false
2024-09-04 01:34:15,946 [INFO] LogOutputStream:77 - [STDOUT_REDIRECT] StartTraceHandler.execute(), success : Collect=true
2024-09-04 01:34:17,349 [INFO] LogOutputStream:77 - [STDOUT_REDIRECT] StartTraceHandler.execute(), success : Collect=false
2024-09-04 01:35:33,608 [INFO] LogOutputStream:77 - [STDOUT_REDIRECT] StartTraceHandler.execute(), success : Collect=true
2024-09-04 01:36:58,721 [INFO] LogOutputStream:77 - [STDOUT_REDIRECT] StartTraceHandler.execute(), success : Collect=false
2024-09-04 01:37:00,674 [INFO] LogOutputStream:77 - [STDOUT_REDIRECT] StartTraceHandler.execute(), success : Collect=true
2024-09-04 01:37:02,096 [INFO] LogOutputStream:77 - [STDOUT_REDIRECT] StartTraceHandler.execute(), success : Collect=false
2024-09-04 01:38:52,435 [INFO] LogOutputStream:77 - [STDOUT_REDIRECT] StartTraceHandler.execute(), success : Collect=true
2024-09-04 01:40:46,748 [INFO] LogOutputStream:77 - [STDOUT_REDIRECT] StartTraceHandler.execute(), success : Collect=false
2024-09-04 01:40:52,796 [INFO] LogOutputStream:77 - [STDOUT_REDIRECT] StartTraceHandler.execute(), success : Collect=true
2024-09-04 01:42:00,482 [INFO] LogOutputStream:77 - [STDOUT_REDIRECT] StartTraceHandler.execute(), success : Collect=false
2024-09-04 01:42:02,160 [INFO] LogOutputStream:77 - [STDOUT_REDIRECT] StartTraceHandler.execute(), success : Collect=true
2024-09-04 01:46:59,834 [INFO] LogOutputStream:77 - [STDOUT_REDIRECT] StartTraceHandler.execute(), success : Collect=false
2024-09-04 01:47:38,164 [INFO] LogOutputStream:77 - [STDOUT_REDIRECT] StartTraceHandler.execute(), success : Collect=true
2024-09-04 01:47:39,358 [INFO] LogOutputStream:77 - [STDOUT_REDIRECT] StartTraceHandler.execute(), success : Collect=false
2024-09-04 01:47:40,165 [INFO] LogOutputStream:77 - [STDOUT_REDIRECT] StartTraceHandler.execute(), success : Collect=true
2024-09-04 01:48:56,191 [INFO] LogOutputStream:77 - [STDOUT_REDIRECT] StartTraceHandler.execute(), success : Collect=false
2024-09-04 01:48:57,435 [INFO] LogOutputStream:77 - [STDOUT_REDIRECT] StartTraceHandler.execute(), success : Collect=true
2024-09-04 01:48:58,197 [INFO] LogOutputStream:77 - [STDOUT_REDIRECT] StartTraceHandler.execute(), success : Collect=false
2024-09-04 01:49:22,584 [INFO] LogOutputStream:77 - [STDOUT_REDIRECT] StartTraceHandler.execute(), success : Collect=true
2024-09-04 01:49:59,902 [ERROR] LogOutputStream:75 - [STDERR_REDIRECT] Exception in thread "SWV client thread" java.lang.NullPointerException: Cannot invoke "com.st.stm32cube.ide.mcu.debug.swv.core.SWVPlugin.isDebugging()" because "com.st.stm32cube.ide.mcu.debug.swv.core.SWVPlugin.plugin" is null
2024-09-04 01:49:59,904 [ERROR] LogOutputStream:75 - [STDERR_REDIRECT] 	at com.st.stm32cube.ide.mcu.debug.swv.core.SWVPlugin.debugTrace(SWVPlugin.java:85)
2024-09-04 01:49:59,904 [ERROR] LogOutputStream:75 - [STDERR_REDIRECT] 	at com.st.stm32cube.ide.mcu.debug.swv.core.SWVClient.TRACE(SWVClient.java:768)
2024-09-04 01:49:59,904 [ERROR] LogOutputStream:75 - [STDERR_REDIRECT] 	at com.st.stm32cube.ide.mcu.debug.swv.core.SWVClient.readByte(SWVClient.java:296)
2024-09-04 01:49:59,905 [ERROR] LogOutputStream:75 - [STDERR_REDIRECT] 	at com.st.stm32cube.ide.mcu.debug.swv.core.SWVClient.getNextByte(SWVClient.java:277)
2024-09-04 01:49:59,905 [ERROR] LogOutputStream:75 - [STDERR_REDIRECT] 	at com.st.stm32cube.ide.mcu.debug.swv.core.SWVClient.run(SWVClient.java:313)
2024-09-04 11:32:11,969 [INFO] Activator:176 - 


2024-09-04 11:32:11,973 [INFO] Activator:177 - !SESSION log4j initialized
2024-09-04 11:32:18,734 [INFO] LogOutputStream:77 - [STDOUT_REDIRECT] 
2024-09-04 11:32:19,782 [INFO] ApplicationProperties:184 - Using Application install path: /opt/st/stm32cubeide_1.16.0/plugins/com.st.stm32cube.common.mx_6.12.0.202406281431
2024-09-04 11:32:19,806 [INFO] DbMcusXml:78 - Set database path to: /opt/st/stm32cubeide_1.16.0/plugins/com.st.stm32cube.common.mx_6.12.0.202406281431//db//mcu/
2024-09-04 11:32:19,806 [INFO] ApiDb:274 - Set plugin database path to: /opt/st/stm32cubeide_1.16.0/plugins/com.st.stm32cube.common.mx_6.12.0.202406281431//db//plugins/boardmanager/
2024-09-04 11:32:19,807 [WARN] ApiDb:259 - Overriding images path with different value:  => /opt/st/stm32cubeide_1.16.0/plugins/com.st.stm32cube.common.mx_6.12.0.202406281431//db//plugins/mcufinder/images/
2024-09-04 11:32:19,814 [INFO] ApiDb:250 - Set database path to: /home/m/.stmcufinder/plugins/mcufinder//mcu/
2024-09-04 11:32:19,815 [INFO] DbMcusAds:125 - Set database path to: /home/m/.stmcufinder/plugins/mcufinder//mcu/
2024-09-04 11:32:19,819 [INFO] CrossReferenceDbSqlite:203 - Set database path to: /home/m/.stmcufinder/plugins/mcufinder//mcu/cs/
2024-09-04 11:32:19,992 [INFO] RulesReader:64 - Compatibility file has been processed (297 Rules)
2024-09-04 11:32:20,078 [INFO] DbMcusXml:78 - Set database path to: /opt/st/stm32cubeide_1.16.0/plugins/com.st.stm32cube.common.mx_6.12.0.202406281431//db//mcu/
2024-09-04 11:32:20,078 [INFO] ApiDb:274 - Set plugin database path to: /opt/st/stm32cubeide_1.16.0/plugins/com.st.stm32cube.common.mx_6.12.0.202406281431//db//plugins/boardmanager/
2024-09-04 11:32:20,078 [INFO] ApiDb:261 - Set plugin images path to: /opt/st/stm32cubeide_1.16.0/plugins/com.st.stm32cube.common.mx_6.12.0.202406281431//db//plugins/mcufinder/images/
2024-09-04 11:32:20,079 [WARN] DbFile:41 - Overriding database path with different value: /home/m/.stmcufinder/plugins/mcufinder/ => /home/m/.stmcufinder/plugins/mcufinder
2024-09-04 11:32:20,079 [INFO] ApiDb:250 - Set database path to: /home/m/.stmcufinder/plugins/mcufinder//mcu/
2024-09-04 11:32:20,079 [WARN] DbFile:41 - Overriding database path with different value: /home/m/.stmcufinder/plugins/mcufinder/ => /home/m/.stmcufinder/plugins/mcufinder
2024-09-04 11:32:20,079 [INFO] DbMcusAds:125 - Set database path to: /home/m/.stmcufinder/plugins/mcufinder//mcu/
2024-09-04 11:32:20,079 [WARN] DbFile:41 - Overriding database path with different value: /home/m/.stmcufinder/plugins/mcufinder/ => /home/m/.stmcufinder/plugins/mcufinder
2024-09-04 11:32:20,080 [WARN] DbFile:41 - Overriding database path with different value: /home/m/.stmcufinder/plugins/mcufinder/ => /home/m/.stmcufinder/plugins/mcufinder
2024-09-04 11:32:20,080 [INFO] CrossReferenceDbSqlite:203 - Set database path to: /home/m/.stmcufinder/plugins/mcufinder//mcu/cs/
2024-09-04 11:32:20,177 [INFO] MainPanel:268 - HeapMemory: 268435456
2024-09-04 11:32:20,409 [INFO] DbMcusXml:78 - Set database path to: /opt/st/stm32cubeide_1.16.0/plugins/com.st.stm32cube.common.mx_6.12.0.202406281431//db//mcu/
2024-09-04 11:32:20,409 [INFO] ApiDb:274 - Set plugin database path to: /opt/st/stm32cubeide_1.16.0/plugins/com.st.stm32cube.common.mx_6.12.0.202406281431//db//plugins/boardmanager/
2024-09-04 11:32:20,409 [INFO] ApiDb:261 - Set plugin images path to: /opt/st/stm32cubeide_1.16.0/plugins/com.st.stm32cube.common.mx_6.12.0.202406281431//db//plugins/mcufinder/images/
2024-09-04 11:32:20,410 [WARN] DbFile:41 - Overriding database path with different value: /home/m/.stmcufinder/plugins/mcufinder/ => /home/m/.stmcufinder/plugins/mcufinder
2024-09-04 11:32:20,410 [INFO] ApiDb:250 - Set database path to: /home/m/.stmcufinder/plugins/mcufinder//mcu/
2024-09-04 11:32:20,410 [WARN] DbFile:41 - Overriding database path with different value: /home/m/.stmcufinder/plugins/mcufinder/ => /home/m/.stmcufinder/plugins/mcufinder
2024-09-04 11:32:20,410 [INFO] DbMcusAds:125 - Set database path to: /home/m/.stmcufinder/plugins/mcufinder//mcu/
2024-09-04 11:32:20,410 [WARN] DbFile:41 - Overriding database path with different value: /home/m/.stmcufinder/plugins/mcufinder/ => /home/m/.stmcufinder/plugins/mcufinder
2024-09-04 11:32:20,411 [WARN] DbFile:41 - Overriding database path with different value: /home/m/.stmcufinder/plugins/mcufinder/ => /home/m/.stmcufinder/plugins/mcufinder
2024-09-04 11:32:20,411 [INFO] CrossReferenceDbSqlite:203 - Set database path to: /home/m/.stmcufinder/plugins/mcufinder//mcu/cs/
2024-09-04 11:32:20,432 [INFO] ApplicationProperties:184 - Using Application install path: /opt/st/stm32cubeide_1.16.0/plugins/com.st.stm32cube.common.mx_6.12.0.202406281431
2024-09-04 11:32:20,434 [INFO] PluginManage:196 - Search for loadable plugins [exclusion list=, ]
2024-09-04 11:32:20,435 [INFO] PluginManage:310 - Check plugin analytics
2024-09-04 11:32:20,689 [INFO] AnalyticsPlugin:253 - Accepted Software Licenses: 
2024-09-04 11:32:20,690 [INFO] AnalyticsPlugin:255 - Accepted CMSIS Pack Licenses: 
2024-09-04 11:32:20,690 [INFO] AnalyticsPlugin:257 - Accepted Firmware Licenses: 
2024-09-04 11:32:20,694 [INFO] PluginManage:359 - Loaded plugin analytics (category:tool,tabindex:-1)
2024-09-04 11:32:20,695 [INFO] PluginManage:310 - Check plugin cadmodel
2024-09-04 11:32:20,702 [INFO] CADModel:105 - Init CAD model plugin
2024-09-04 11:32:20,702 [INFO] PluginManage:359 - Loaded plugin cadmodel (category:power,tabindex:5)
2024-09-04 11:32:20,703 [INFO] PluginManage:310 - Check plugin clock
2024-09-04 11:32:20,713 [INFO] PluginManage:359 - Loaded plugin clock (category:base,tabindex:2)
2024-09-04 11:32:20,714 [INFO] PluginManage:310 - Check plugin ddr
2024-09-04 11:32:20,717 [INFO] PluginManage:359 - Loaded plugin ddr (category:tool,tabindex:6)
2024-09-04 11:32:20,717 [INFO] PluginManage:310 - Check plugin filemanager
2024-09-04 11:32:20,895 [INFO] PluginManage:359 - Loaded plugin filemanager (category:base,tabindex:10)
2024-09-04 11:32:20,895 [INFO] PluginManage:310 - Check plugin ipmanager
2024-09-04 11:32:20,903 [INFO] PluginManage:359 - Loaded plugin ipmanager (category:base,tabindex:5)
2024-09-04 11:32:20,903 [INFO] PluginManage:310 - Check plugin lpbam
2024-09-04 11:32:20,920 [INFO] PluginManage:359 - Loaded plugin lpbam (category:base,tabindex:0)
2024-09-04 11:32:20,920 [INFO] PluginManage:310 - Check plugin memorymap
2024-09-04 11:32:20,936 [INFO] PluginManage:359 - Loaded plugin memorymap (category:base,tabindex:4)
2024-09-04 11:32:20,936 [INFO] PluginManage:310 - Check plugin pinoutandconfiguration
2024-09-04 11:32:20,948 [INFO] PluginManage:359 - Loaded plugin pinoutandconfiguration (category:base,tabindex:1)
2024-09-04 11:32:20,948 [INFO] PluginManage:310 - Check plugin pinoutconfig
2024-09-04 11:32:21,055 [WARN] SupportedApi:132 - Cannot load RTOS API schema: s4s-elt-must-match.1: The content of 'definitions' must match (annotation?, (simpleType | complexType)?, (unique | key | keyref)*)). A problem was found starting at: attribute.
2024-09-04 11:32:21,241 [INFO] PluginManage:359 - Loaded plugin pinoutconfig (category:base,tabindex:0)
2024-09-04 11:32:21,242 [INFO] PluginManage:310 - Check plugin power
2024-09-04 11:32:21,255 [INFO] PluginManage:359 - Loaded plugin power (category:power,tabindex:4)
2024-09-04 11:32:21,256 [INFO] PluginManage:310 - Check plugin projectmanager
2024-09-04 11:32:21,279 [INFO] PluginManage:359 - Loaded plugin projectmanager (category:projectmanager,tabindex:4)
2024-09-04 11:32:21,279 [INFO] PluginManage:310 - Check plugin rif
2024-09-04 11:32:21,286 [INFO] PluginManage:359 - Loaded plugin rif (category:base,tabindex:3)
2024-09-04 11:32:21,286 [INFO] PluginManage:310 - Check plugin thirdparty
2024-09-04 11:32:21,467 [INFO] PluginManage:359 - Loaded plugin thirdparty (category:base,tabindex:-1)
2024-09-04 11:32:21,467 [INFO] PluginManage:310 - Check plugin tools
2024-09-04 11:32:21,466 [WARN] IntegrityCheckThread:84 - waiting for thirdparty lock release [integrity check]
2024-09-04 11:32:21,468 [INFO] IntegrityCheckThread:86 - entering critical section [integrity check]
2024-09-04 11:32:21,469 [INFO] ThirdPartyUpdaterWithRetryManager:70 - Updater plugin not ready yet. [1/15]
2024-09-04 11:32:21,470 [INFO] PluginManage:359 - Loaded plugin tools (category:base,tabindex:7)
2024-09-04 11:32:21,471 [INFO] PluginManage:310 - Check plugin tutovideos
2024-09-04 11:32:21,688 [INFO] PluginManage:359 - Loaded plugin tutovideos (category:base,tabindex:-1)
2024-09-04 11:32:21,688 [INFO] PluginManage:310 - Check plugin updater
2024-09-04 11:32:21,713 [INFO] PluginManage:359 - Loaded plugin updater (category:base,tabindex:12)
2024-09-04 11:32:21,714 [INFO] PluginManage:310 - Check plugin userauth
2024-09-04 11:32:21,721 [INFO] UserAuth:113 - Init User Auth plugin
2024-09-04 11:32:21,722 [INFO] PluginManage:359 - Loaded plugin userauth (category:base,tabindex:14)
2024-09-04 11:32:21,722 [INFO] PluginManage:283 - PluginManage : Loaded plugins [18]
2024-09-04 11:32:21,962 [INFO] PinOutPanel:1561 - setPackage(No Configuration,No Configuration)
2024-09-04 11:32:22,061 [INFO] CADModel:165 - CPN selected for project level
2024-09-04 11:32:22,062 [INFO] CADModel:114 - Register for checkConnection events
2024-09-04 11:32:22,079 [INFO] IPUIPlugin:80 - create IPUIPlugin
2024-09-04 11:32:22,079 [INFO] PluginManager:220 - loadIPPluginJar : add extmemmanager
2024-09-04 11:32:22,083 [INFO] IPUIPlugin:80 - create IPUIPlugin
2024-09-04 11:32:22,083 [INFO] PluginManager:220 - loadIPPluginJar : add dfsdm
2024-09-04 11:32:22,087 [INFO] IPUIPlugin:80 - create IPUIPlugin
2024-09-04 11:32:22,087 [INFO] PluginManager:220 - loadIPPluginJar : add touchsensing
2024-09-04 11:32:22,091 [INFO] IPUIPlugin:80 - create IPUIPlugin
2024-09-04 11:32:22,091 [INFO] PluginManager:220 - loadIPPluginJar : add i2c
2024-09-04 11:32:22,098 [INFO] IPUIPlugin:80 - create IPUIPlugin
2024-09-04 11:32:22,101 [INFO] PluginManager:220 - loadIPPluginJar : add plateformsettings
2024-09-04 11:32:22,104 [INFO] IPUIPlugin:80 - create IPUIPlugin
2024-09-04 11:32:22,104 [INFO] PluginManager:220 - loadIPPluginJar : add tracer_emb
2024-09-04 11:32:22,106 [INFO] IPUIPlugin:80 - create IPUIPlugin
2024-09-04 11:32:22,106 [INFO] PluginManager:220 - loadIPPluginJar : add comp
2024-09-04 11:32:22,112 [INFO] IPUIPlugin:80 - create IPUIPlugin
2024-09-04 11:32:22,113 [INFO] PluginManager:220 - loadIPPluginJar : add gic
2024-09-04 11:32:22,117 [INFO] IPUIPlugin:80 - create IPUIPlugin
2024-09-04 11:32:22,117 [INFO] PluginManager:220 - loadIPPluginJar : add sai
2024-09-04 11:32:22,120 [INFO] IPUIPlugin:80 - create IPUIPlugin
2024-09-04 11:32:22,121 [INFO] PluginManager:220 - loadIPPluginJar : add gtzc
2024-09-04 11:32:22,129 [INFO] IPUIPlugin:80 - create IPUIPlugin
2024-09-04 11:32:22,129 [INFO] PluginManager:220 - loadIPPluginJar : add linkedlist
2024-09-04 11:32:22,132 [INFO] IPUIPlugin:80 - create IPUIPlugin
2024-09-04 11:32:22,132 [INFO] PluginManager:220 - loadIPPluginJar : add ts
2024-09-04 11:32:22,139 [INFO] IPUIPlugin:80 - create IPUIPlugin
2024-09-04 11:32:22,140 [INFO] PluginManager:220 - loadIPPluginJar : add dma
2024-09-04 11:32:22,143 [INFO] IPUIPlugin:80 - create IPUIPlugin
2024-09-04 11:32:22,143 [INFO] PluginManager:220 - loadIPPluginJar : add i3c
2024-09-04 11:32:22,148 [INFO] IPUIPlugin:80 - create IPUIPlugin
2024-09-04 11:32:22,148 [INFO] PluginManager:220 - loadIPPluginJar : add gpio
2024-09-04 11:32:22,151 [INFO] IPUIPlugin:80 - create IPUIPlugin
2024-09-04 11:32:22,151 [INFO] PluginManager:220 - loadIPPluginJar : add dma3
2024-09-04 11:32:22,157 [INFO] IPUIPlugin:80 - create IPUIPlugin
2024-09-04 11:32:22,157 [INFO] PluginManager:220 - loadIPPluginJar : add opamp
2024-09-04 11:32:22,162 [INFO] IPUIPlugin:80 - create IPUIPlugin
2024-09-04 11:32:22,162 [INFO] PluginManager:220 - loadIPPluginJar : add fmc
2024-09-04 11:32:22,165 [INFO] IPUIPlugin:80 - create IPUIPlugin
2024-09-04 11:32:22,165 [INFO] PluginManager:220 - loadIPPluginJar : add aes
2024-09-04 11:32:22,168 [INFO] IPUIPlugin:80 - create IPUIPlugin
2024-09-04 11:32:22,169 [INFO] PluginManager:220 - loadIPPluginJar : add openamp
2024-09-04 11:32:22,172 [INFO] IPUIPlugin:80 - create IPUIPlugin
2024-09-04 11:32:22,172 [INFO] PluginManager:220 - loadIPPluginJar : add gfxmmu
2024-09-04 11:32:22,174 [INFO] IPUIPlugin:80 - create IPUIPlugin
2024-09-04 11:32:22,174 [INFO] PluginManager:220 - loadIPPluginJar : add ltdc
2024-09-04 11:32:22,176 [INFO] IPUIPlugin:80 - create IPUIPlugin
2024-09-04 11:32:22,177 [INFO] PluginManager:220 - loadIPPluginJar : add tsc
2024-09-04 11:32:22,180 [INFO] IPUIPlugin:80 - create IPUIPlugin
2024-09-04 11:32:22,180 [INFO] PluginManager:220 - loadIPPluginJar : add can
2024-09-04 11:32:22,187 [INFO] IPUIPlugin:80 - create IPUIPlugin
2024-09-04 11:32:22,187 [INFO] PluginManager:220 - loadIPPluginJar : add freertos
2024-09-04 11:32:22,190 [INFO] IPUIPlugin:80 - create IPUIPlugin
2024-09-04 11:32:22,190 [INFO] PluginManager:220 - loadIPPluginJar : add radio
2024-09-04 11:32:22,197 [INFO] IPUIPlugin:80 - create IPUIPlugin
2024-09-04 11:32:22,198 [INFO] PluginManager:220 - loadIPPluginJar : add mdma
2024-09-04 11:32:22,201 [INFO] IPUIPlugin:80 - create IPUIPlugin
2024-09-04 11:32:22,201 [INFO] PluginManager:220 - loadIPPluginJar : add usbx
2024-09-04 11:32:22,205 [INFO] IPUIPlugin:80 - create IPUIPlugin
2024-09-04 11:32:22,205 [INFO] PluginManager:220 - loadIPPluginJar : add ddr_ctrl_phy
2024-09-04 11:32:22,213 [INFO] IPUIPlugin:80 - create IPUIPlugin
2024-09-04 11:32:22,213 [INFO] PluginManager:220 - loadIPPluginJar : add adc
2024-09-04 11:32:22,216 [INFO] IPUIPlugin:80 - create IPUIPlugin
2024-09-04 11:32:22,216 [INFO] PluginManager:220 - loadIPPluginJar : add lorawan
2024-09-04 11:32:22,221 [INFO] IPUIPlugin:80 - create IPUIPlugin
2024-09-04 11:32:22,221 [INFO] PluginManager:220 - loadIPPluginJar : add resmgrutility
2024-09-04 11:32:22,224 [INFO] IPUIPlugin:80 - create IPUIPlugin
2024-09-04 11:32:22,224 [INFO] PluginManager:220 - loadIPPluginJar : add pdm2pcm
2024-09-04 11:32:22,227 [INFO] IPUIPlugin:80 - create IPUIPlugin
2024-09-04 11:32:22,227 [INFO] PluginManager:220 - loadIPPluginJar : add ucpd
2024-09-04 11:32:22,230 [INFO] IPUIPlugin:80 - create IPUIPlugin
2024-09-04 11:32:22,231 [INFO] PluginManager:220 - loadIPPluginJar : add hash
2024-09-04 11:32:22,232 [INFO] IPUIPlugin:80 - create IPUIPlugin
2024-09-04 11:32:22,233 [INFO] PluginManager:220 - loadIPPluginJar : add fatfs
2024-09-04 11:32:22,235 [INFO] IPUIPlugin:80 - create IPUIPlugin
2024-09-04 11:32:22,235 [INFO] PluginManager:220 - loadIPPluginJar : add tim
2024-09-04 11:32:22,238 [INFO] IPUIPlugin:80 - create IPUIPlugin
2024-09-04 11:32:22,238 [INFO] PluginManager:220 - loadIPPluginJar : add i2s
2024-09-04 11:32:22,241 [INFO] IPUIPlugin:80 - create IPUIPlugin
2024-09-04 11:32:22,241 [INFO] PluginManager:220 - loadIPPluginJar : add usart
2024-09-04 11:32:22,244 [INFO] IPUIPlugin:80 - create IPUIPlugin
2024-09-04 11:32:22,244 [INFO] PluginManager:220 - loadIPPluginJar : add cryp
2024-09-04 11:32:22,250 [INFO] IPUIPlugin:80 - create IPUIPlugin
2024-09-04 11:32:22,250 [INFO] PluginManager:220 - loadIPPluginJar : add nvic
2024-09-04 11:32:22,254 [INFO] IPUIPlugin:80 - create IPUIPlugin
2024-09-04 11:32:22,254 [INFO] PluginManager:220 - loadIPPluginJar : add ipddr
2024-09-04 11:32:22,256 [INFO] IPUIPlugin:80 - create IPUIPlugin
2024-09-04 11:32:22,256 [INFO] PluginManager:220 - loadIPPluginJar : add quadspi
2024-09-04 11:32:22,259 [INFO] IPUIPlugin:80 - create IPUIPlugin
2024-09-04 11:32:22,259 [INFO] PluginManager:220 - loadIPPluginJar : add spi
2024-09-04 11:32:22,261 [INFO] IPUIPlugin:80 - create IPUIPlugin
2024-09-04 11:32:22,261 [INFO] PluginManager:220 - loadIPPluginJar : add genericplugin
2024-09-04 11:32:22,267 [INFO] IPUIPlugin:80 - create IPUIPlugin
2024-09-04 11:32:22,268 [INFO] PluginManager:220 - loadIPPluginJar : add stm32_wpan
2024-09-04 11:32:22,385 [INFO] CADModel:165 - CPN selected for project level
2024-09-04 11:32:22,385 [INFO] CADModel:114 - Register for checkConnection events
2024-09-04 11:32:22,386 [FATAL] Updater:334 - Updater called before beeing initialized
2024-09-04 11:32:22,386 [ERROR] CADModel:125 - Updater not yet initialized, retry later 
2024-09-04 11:32:22,564 [INFO] CADModel:165 - CPN selected for project level
2024-09-04 11:32:22,564 [INFO] CADModel:114 - Register for checkConnection events
2024-09-04 11:32:22,564 [FATAL] Updater:334 - Updater called before beeing initialized
2024-09-04 11:32:22,564 [ERROR] CADModel:125 - Updater not yet initialized, retry later 
2024-09-04 11:32:22,569 [FATAL] Updater:334 - Updater called before beeing initialized
2024-09-04 11:32:22,687 [FATAL] Updater:334 - Updater called before beeing initialized
2024-09-04 11:32:22,692 [INFO] DbMcusAds:53 - JSON generation date=Thu May 16 10:22:00 WEST 2024 (1715851320667)
2024-09-04 11:32:22,692 [FATAL] Updater:334 - Updater called before beeing initialized
2024-09-04 11:32:22,740 [WARN] DetailPanel:346 - Failed to get advertising image, set to default
2024-09-04 11:32:22,848 [FATAL] Updater:334 - Updater called before beeing initialized
2024-09-04 11:32:22,850 [FATAL] Updater:334 - Updater called before beeing initialized
2024-09-04 11:32:22,850 [FATAL] Updater:334 - Updater called before beeing initialized
2024-09-04 11:32:22,850 [WARN] DetailPanel:346 - Failed to get advertising image, set to default
2024-09-04 11:32:22,851 [FATAL] Updater:334 - Updater called before beeing initialized
2024-09-04 11:32:22,905 [ERROR] Updater:1164 - MainUpdater not yet initialized. External WinMGr cannot be set.
2024-09-04 11:32:22,908 [INFO] Updater:1100 - Updater Version found : 6.12.0
2024-09-04 11:32:22,935 [INFO] ApplicationProperties:184 - Using Application install path: /opt/st/stm32cubeide_1.16.0/plugins/com.st.stm32cube.common.mx_6.12.0.202406281431
2024-09-04 11:32:23,624 [INFO] MainUpdater:2873 - connection check result : 10
2024-09-04 11:32:23,625 [INFO] MainUpdater:290 - Updater Check For Update Now.
2024-09-04 11:32:23,626 [INFO] MicroXplorer:498 - Change Database Version : DB.6.0.120
2024-09-04 11:32:23,633 [INFO] McuFinderGlobals:63 - Set McuFinder mode to 2 (CubeIDE integrated)
2024-09-04 11:32:23,634 [INFO] UserAuth:179 - activating auth plugin
2024-09-04 11:32:23,641 [INFO] UserAuth:417 - Internet connection configuration mode: 1
2024-09-04 11:32:23,658 [INFO] JxBrowserEngine:152 - Initiate JxBrowser Engine with user profile folder
2024-09-04 11:32:23,905 [INFO] CheckServerUpdateThread:120 - End of CheckServer Thread
2024-09-04 11:32:24,639 [WARN] PackLoader:240 - Cannot read IP mode file for STMicroelectronics.FP-SNS-MOTENVWB1.1.4.0
2024-09-04 11:32:24,655 [WARN] PackLoader:240 - Cannot read IP mode file for STMicroelectronics.X-CUBE-SMBUS.2.1.0
2024-09-04 11:32:24,717 [WARN] PackLoader:240 - Cannot read IP mode file for STMicroelectronics.X-CUBE-AZRTOS-F7.1.1.0
2024-09-04 11:32:24,924 [WARN] PackLoader:240 - Cannot read IP mode file for STMicroelectronics.X-CUBE-MEMS1.11.0.0
2024-09-04 11:32:25,353 [WARN] PackLoader:240 - Cannot read IP mode file for STMicroelectronics.FP-SNS-FLIGHT1.5.0.2
2024-09-04 11:32:25,366 [WARN] PackLoader:240 - Cannot read IP mode file for STMicroelectronics.X-CUBE-DISPLAY.3.0.0
2024-09-04 11:32:25,384 [WARN] PackLoader:240 - Cannot read IP mode file for STMicroelectronics.X-CUBE-BLE1.7.0.0
2024-09-04 11:32:25,392 [WARN] PackLoader:240 - Cannot read IP mode file for emotas.I-CUBE-CANOPEN.1.3.0
2024-09-04 11:32:25,411 [WARN] PackLoader:240 - Cannot read IP mode file for STMicroelectronics.X-CUBE-BLEMGR.3.1.0
2024-09-04 11:32:25,423 [WARN] PackLoader:240 - Cannot read IP mode file for STMicroelectronics.FP-SNS-SMARTAG2.1.2.0
2024-09-04 11:32:25,443 [INFO] LogOutputStream:77 - [STDOUT_REDIRECT] 1 : Invalid condition id : UX_CORESTACK_Condition cause : null
2024-09-04 11:32:25,444 [INFO] LogOutputStream:77 - [STDOUT_REDIRECT] 1 : Invalid condition id : UX_CORESTACK_Condition cause : null
2024-09-04 11:32:25,445 [INFO] LogOutputStream:77 - [STDOUT_REDIRECT] 1 : Invalid condition id : UX_CORESTACK_Condition cause : null
2024-09-04 11:32:25,446 [INFO] LogOutputStream:77 - [STDOUT_REDIRECT] 1 : Invalid condition id : UX_CORESTACK_Condition cause : null
2024-09-04 11:32:25,447 [INFO] LogOutputStream:77 - [STDOUT_REDIRECT] 1 : Invalid condition id : UX_CORESTACK_Condition cause : null
2024-09-04 11:32:25,455 [WARN] PackLoader:240 - Cannot read IP mode file for STMicroelectronics.X-CUBE-AZRTOS-WL.2.0.0
2024-09-04 11:32:25,465 [WARN] PackLoader:240 - Cannot read IP mode file for STMicroelectronics.FP-SNS-MOTENV1.5.0.0
2024-09-04 11:32:25,473 [WARN] PackLoader:240 - Cannot read IP mode file for wolfSSL.I-CUBE-wolfMQTT.1.19.0
2024-09-04 11:32:25,486 [WARN] PackLoader:240 - Cannot read IP mode file for WES.I-CUBE-Cesium.1.3.0
2024-09-04 11:32:25,495 [WARN] PackLoader:240 - Cannot read IP mode file for STMicroelectronics.X-CUBE-BLE2.3.3.0
2024-09-04 11:32:25,501 [INFO] WebApp:167 - Instantiating new browser for Auth
2024-09-04 11:32:25,508 [WARN] PackLoader:240 - Cannot read IP mode file for STMicroelectronics.X-CUBE-TCPP.4.1.0
2024-09-04 11:32:25,564 [WARN] PackLoader:240 - Cannot read IP mode file for STMicroelectronics.X-CUBE-AZRTOS-G0.1.1.0
2024-09-04 11:32:25,585 [WARN] PackLoader:240 - Cannot read IP mode file for STMicroelectronics.X-CUBE-SAFEA1.1.2.2
2024-09-04 11:32:25,597 [WARN] PackLoader:240 - Cannot read IP mode file for STMicroelectronics.X-CUBE-NFC4.3.0.0
2024-09-04 11:32:25,622 [WARN] PackLoader:240 - Cannot read IP mode file for EmbeddedOffice.I-CUBE-FS-RTOS.1.0.1
2024-09-04 11:32:25,622 [ERROR] ConditionMgr:805 - Attr not supported : Dmpu
2024-09-04 11:32:25,623 [ERROR] ConditionMgr:805 - Attr not supported : Dmpu
2024-09-04 11:32:25,623 [ERROR] ConditionMgr:805 - Attr not supported : Dmpu
2024-09-04 11:32:25,623 [ERROR] ConditionMgr:805 - Attr not supported : Dmpu
2024-09-04 11:32:25,623 [ERROR] ConditionMgr:805 - Attr not supported : Dmpu
2024-09-04 11:32:25,623 [ERROR] ConditionMgr:805 - Attr not supported : Dmpu
2024-09-04 11:32:25,623 [ERROR] ConditionMgr:805 - Attr not supported : Dmpu
2024-09-04 11:32:25,624 [ERROR] ConditionMgr:805 - Attr not supported : Dmpu
2024-09-04 11:32:25,624 [ERROR] ConditionMgr:805 - Attr not supported : Dmpu
2024-09-04 11:32:25,624 [ERROR] ConditionMgr:805 - Attr not supported : Dmpu
2024-09-04 11:32:25,624 [ERROR] ConditionMgr:805 - Attr not supported : Dmpu
2024-09-04 11:32:25,624 [ERROR] ConditionMgr:805 - Attr not supported : Dmpu
2024-09-04 11:32:25,625 [ERROR] ConditionMgr:805 - Attr not supported : Dmpu
2024-09-04 11:32:25,625 [ERROR] ConditionMgr:805 - Attr not supported : Dmpu
2024-09-04 11:32:25,625 [ERROR] ConditionMgr:805 - Attr not supported : Dmpu
2024-09-04 11:32:25,625 [ERROR] ConditionMgr:805 - Attr not supported : Dmpu
2024-09-04 11:32:25,625 [ERROR] ConditionMgr:805 - Attr not supported : Dmpu
2024-09-04 11:32:25,625 [ERROR] ConditionMgr:805 - Attr not supported : Dmpu
2024-09-04 11:32:25,626 [ERROR] ConditionMgr:805 - Attr not supported : Dmpu
2024-09-04 11:32:25,626 [ERROR] ConditionMgr:805 - Attr not supported : Dmpu
2024-09-04 11:32:25,626 [ERROR] ConditionMgr:805 - Attr not supported : Dmpu
2024-09-04 11:32:25,626 [ERROR] ConditionMgr:805 - Attr not supported : Dmpu
2024-09-04 11:32:25,626 [ERROR] ConditionMgr:805 - Attr not supported : Dmpu
2024-09-04 11:32:25,626 [ERROR] ConditionMgr:805 - Attr not supported : Dmpu
2024-09-04 11:32:25,626 [ERROR] ConditionMgr:805 - Attr not supported : Dmpu
2024-09-04 11:32:25,627 [ERROR] ConditionMgr:805 - Attr not supported : Dmpu
2024-09-04 11:32:25,627 [ERROR] ConditionMgr:805 - Attr not supported : Dmpu
2024-09-04 11:32:25,627 [ERROR] ConditionMgr:805 - Attr not supported : Dmpu
2024-09-04 11:32:25,627 [ERROR] ConditionMgr:805 - Attr not supported : Dmpu
2024-09-04 11:32:25,627 [ERROR] ConditionMgr:805 - Attr not supported : Dmpu
2024-09-04 11:32:25,627 [ERROR] ConditionMgr:805 - Attr not supported : Dmpu
2024-09-04 11:32:25,627 [ERROR] ConditionMgr:805 - Attr not supported : Dmpu
2024-09-04 11:32:25,627 [ERROR] ConditionMgr:805 - Attr not supported : Dmpu
2024-09-04 11:32:25,628 [ERROR] ConditionMgr:805 - Attr not supported : Dmpu
2024-09-04 11:32:25,628 [ERROR] ConditionMgr:805 - Attr not supported : Dmpu
2024-09-04 11:32:25,628 [ERROR] ConditionMgr:805 - Attr not supported : Dmpu
2024-09-04 11:32:25,628 [ERROR] ConditionMgr:805 - Attr not supported : Dmpu
2024-09-04 11:32:25,628 [ERROR] ConditionMgr:805 - Attr not supported : Dmpu
2024-09-04 11:32:25,629 [ERROR] ConditionMgr:805 - Attr not supported : Dmpu
2024-09-04 11:32:25,629 [ERROR] ConditionMgr:805 - Attr not supported : Dmpu
2024-09-04 11:32:25,629 [ERROR] ConditionMgr:805 - Attr not supported : Dmpu
2024-09-04 11:32:25,629 [ERROR] ConditionMgr:805 - Attr not supported : Dmpu
2024-09-04 11:32:25,629 [ERROR] ConditionMgr:805 - Attr not supported : Dmpu
2024-09-04 11:32:25,629 [ERROR] ConditionMgr:805 - Attr not supported : Dmpu
2024-09-04 11:32:25,630 [ERROR] ConditionMgr:805 - Attr not supported : Dmpu
2024-09-04 11:32:25,630 [ERROR] ConditionMgr:805 - Attr not supported : Dmpu
2024-09-04 11:32:25,630 [ERROR] ConditionMgr:805 - Attr not supported : Dmpu
2024-09-04 11:32:25,630 [ERROR] ConditionMgr:805 - Attr not supported : Dmpu
2024-09-04 11:32:25,630 [ERROR] ConditionMgr:805 - Attr not supported : Dmpu
2024-09-04 11:32:25,630 [ERROR] ConditionMgr:805 - Attr not supported : Dmpu
2024-09-04 11:32:25,630 [ERROR] ConditionMgr:805 - Attr not supported : Dmpu
2024-09-04 11:32:25,631 [ERROR] ConditionMgr:805 - Attr not supported : Dmpu
2024-09-04 11:32:25,631 [ERROR] ConditionMgr:805 - Attr not supported : Dmpu
2024-09-04 11:32:25,631 [ERROR] ConditionMgr:805 - Attr not supported : Dmpu
2024-09-04 11:32:25,631 [ERROR] ConditionMgr:805 - Attr not supported : Dmpu
2024-09-04 11:32:25,631 [ERROR] ConditionMgr:805 - Attr not supported : Dmpu
2024-09-04 11:32:25,631 [ERROR] ConditionMgr:805 - Attr not supported : Dmpu
2024-09-04 11:32:25,632 [ERROR] ConditionMgr:805 - Attr not supported : Dmpu
2024-09-04 11:32:25,632 [ERROR] ConditionMgr:805 - Attr not supported : Dmpu
2024-09-04 11:32:25,632 [ERROR] ConditionMgr:805 - Attr not supported : Dmpu
2024-09-04 11:32:25,632 [ERROR] ConditionMgr:805 - Attr not supported : Dmpu
2024-09-04 11:32:25,632 [ERROR] ConditionMgr:805 - Attr not supported : Dmpu
2024-09-04 11:32:25,632 [ERROR] ConditionMgr:805 - Attr not supported : Dmpu
2024-09-04 11:32:25,632 [ERROR] ConditionMgr:805 - Attr not supported : Dmpu
2024-09-04 11:32:25,640 [WARN] PackLoader:240 - Cannot read IP mode file for RealThread.X-CUBE-RT-Thread_Nano.4.1.1
2024-09-04 11:32:25,646 [WARN] PackLoader:240 - Cannot read IP mode file for STMicroelectronics.FP-ATR-SIGFOX1.3.2.0
2024-09-04 11:32:25,651 [WARN] PackLoader:240 - Cannot read IP mode file for wolfSSL.I-CUBE-wolfSSL.5.7.2
2024-09-04 11:32:25,662 [WARN] PackLoader:240 - Cannot read IP mode file for STMicroelectronics.X-CUBE-EEPRMA1.5.1.0
2024-09-04 11:32:25,676 [WARN] PackLoader:240 - Cannot read IP mode file for ITTIA_DB.I-CUBE-ITTIADB.8.9.0
2024-09-04 11:32:25,787 [WARN] PackLoader:240 - Cannot read IP mode file for SEGGER.I-CUBE-embOS.1.3.1
2024-09-04 11:32:25,905 [WARN] PackLoader:240 - Cannot read IP mode file for STMicroelectronics.X-CUBE-ALGOBUILD.1.4.0
2024-09-04 11:32:25,923 [WARN] PackLoader:240 - Cannot read IP mode file for STMicroelectronics.X-CUBE-GNSS1.6.0.0
2024-09-04 11:32:25,982 [WARN] PackLoader:240 - Cannot read IP mode file for STMicroelectronics.X-CUBE-AZRTOS-F4.1.1.0
2024-09-04 11:32:26,002 [WARN] PackLoader:240 - Cannot read IP mode file for STMicroelectronics.X-CUBE-FREERTOS.1.2.0
2024-09-04 11:32:26,048 [WARN] PackLoader:240 - Cannot read IP mode file for STMicroelectronics.X-CUBE-AZRTOS-L5.2.0.0
2024-09-04 11:32:26,073 [WARN] PackLoader:240 - Cannot read IP mode file for STMicroelectronics.X-CUBE-NFC6.3.1.0
2024-09-04 11:32:26,089 [WARN] PackLoader:240 - Cannot read IP mode file for STMicroelectronics.X-CUBE-DPower.1.2.0
2024-09-04 11:32:26,095 [WARN] PackLoader:240 - Cannot read IP mode file for STMicroelectronics.X-CUBE-AI.9.0.0
2024-09-04 11:32:26,103 [WARN] PackLoader:240 - Cannot read IP mode file for STMicroelectronics.X-CUBE-NFC7.1.0.1
2024-09-04 11:32:26,146 [WARN] ConditionMgr:438 - getConditionDescription Invalid condition id : LAN8742 Phy interface Condition cause : null
2024-09-04 11:32:26,147 [WARN] PackLoader:240 - Cannot read IP mode file for STMicroelectronics.X-CUBE-AZRTOS-L4.2.0.0
2024-09-04 11:32:26,150 [WARN] ConditionMgr:1039 - genDependencies : Invalid condition id : LAN8742 Phy interface Condition cause : null
2024-09-04 11:32:26,150 [WARN] ConditionMgr:1039 - genDependencies : Invalid condition id : LAN8742 Phy interface Condition cause : null
2024-09-04 11:32:26,151 [WARN] ConditionMgr:1039 - genDependencies : Invalid condition id : LAN8742 Phy interface Condition cause : null
2024-09-04 11:32:26,162 [WARN] PackLoader:240 - Cannot read IP mode file for STMicroelectronics.X-CUBE-SFXS2LP1.4.0.0
2024-09-04 11:32:26,201 [WARN] PackLoader:240 - Cannot read IP mode file for STMicroelectronics.X-CUBE-AZRTOS-H7.3.3.0
2024-09-04 11:32:26,238 [WARN] ConditionMgr:438 - getConditionDescription Invalid condition id : UX DEVICE CLASS RTOS Condition cause : null
2024-09-04 11:32:26,239 [WARN] ConditionMgr:438 - getConditionDescription Invalid condition id : UX DEVICE CLASS RTOS Condition cause : null
2024-09-04 11:32:26,243 [WARN] PackLoader:240 - Cannot read IP mode file for STMicroelectronics.X-CUBE-AZRTOS-WB.2.0.0
2024-09-04 11:32:26,245 [WARN] ConditionMgr:1039 - genDependencies : Invalid condition id : UX DEVICE CLASS RTOS Condition cause : null
2024-09-04 11:32:26,245 [WARN] ConditionMgr:1039 - genDependencies : Invalid condition id : UX DEVICE CLASS RTOS Condition cause : null
2024-09-04 11:32:26,246 [WARN] ConditionMgr:1039 - genDependencies : Invalid condition id : UX DEVICE CLASS RTOS Condition cause : null
2024-09-04 11:32:26,246 [WARN] ConditionMgr:1039 - genDependencies : Invalid condition id : UX DEVICE CLASS RTOS Condition cause : null
2024-09-04 11:32:26,246 [WARN] ConditionMgr:1039 - genDependencies : Invalid condition id : UX DEVICE CLASS RTOS Condition cause : null
2024-09-04 11:32:26,255 [WARN] PackLoader:240 - Cannot read IP mode file for STMicroelectronics.FP-SNS-STBOX1.2.0.0
2024-09-04 11:32:26,273 [WARN] PackLoader:240 - Cannot read IP mode file for STMicroelectronics.X-CUBE-SUBG2.5.0.0
2024-09-04 11:32:26,284 [WARN] PackLoader:240 - Cannot read IP mode file for Cesanta.I-CUBE-Mongoose.7.13.0
2024-09-04 11:32:26,305 [WARN] PackLoader:240 - Cannot read IP mode file for STMicroelectronics.X-CUBE-AZRTOS-G4.2.0.0
2024-09-04 11:32:26,312 [WARN] PackLoader:240 - Cannot read IP mode file for STMicroelectronics.X-CUBE-ISPU.2.0.0
2024-09-04 11:32:26,317 [WARN] PackLoader:240 - Cannot read IP mode file for STMicroelectronics.X-CUBE-ALS.1.0.2
2024-09-04 11:32:26,334 [WARN] PackLoader:240 - Cannot read IP mode file for STMicroelectronics.X-CUBE-TOUCHGFX.4.24.0
2024-09-04 11:32:26,340 [WARN] PackLoader:240 - Cannot read IP mode file for wolfSSL.I-CUBE-wolfTPM.3.4.0
2024-09-04 11:32:26,347 [WARN] PackLoader:240 - Cannot read IP mode file for portGmbH.I-Cube-SoM-uGOAL.1.1.0
2024-09-04 11:32:26,376 [WARN] PackLoader:240 - Cannot read IP mode file for STMicroelectronics.X-CUBE-AZRTOS-H7RS.1.0.0
2024-09-04 11:32:26,385 [WARN] PackLoader:240 - Cannot read IP mode file for STMicroelectronics.FP-ATR-ASTRA1.2.0.0
2024-09-04 11:32:26,411 [WARN] PackLoader:240 - Cannot read IP mode file for STMicroelectronics.X-CUBE-TOF1.3.4.2
2024-09-04 11:32:26,494 [WARN] PackLoader:240 - Cannot read IP mode file for Infineon.AIROC-Wi-Fi-Bluetooth-STM32.1.6.1
2024-09-04 11:32:26,503 [WARN] PackLoader:240 - Cannot read IP mode file for wolfSSL.I-CUBE-wolfSSH.1.4.17
2024-09-04 11:32:26,504 [INFO] ThirdParty:978 - Integrity check success = true
2024-09-04 11:32:26,504 [INFO] IntegrityCheckThread:100 - exiting critical section [integrity check]
2024-09-04 11:32:26,504 [INFO] IntegrityCheckThread:103 - End integrity checks thread
2024-09-04 11:32:27,157 [INFO] WebApp:448 - Apply proxy settings
2024-09-04 11:32:27,157 [INFO] WebApp:533 - Chromium requires no authentication
2024-09-04 11:32:27,168 [INFO] WebApp:476 - Direct internet connection detected
2024-09-04 11:32:27,197 [INFO] WebApp:869 - Register for checkConnection events
2024-09-04 11:32:27,197 [INFO] WebApp:448 - Apply proxy settings
2024-09-04 11:32:27,197 [INFO] WebApp:533 - Chromium requires no authentication
2024-09-04 11:32:27,198 [INFO] WebApp:476 - Direct internet connection detected
2024-09-04 11:32:27,458 [INFO] WebApp:186 - Connection restablished
2024-09-04 11:32:27,470 [INFO] WebApp:220 - Starting web application
2024-09-04 11:32:27,471 [INFO] WebApp:578 - Web application path used /opt/st/stm32cubeide_1.16.0/plugins/com.st.stm32cube.common.mx_6.12.0.202406281431/db/plugins/mcufinder/reactClient1/index.html
2024-09-04 11:33:49,273 [INFO] LogOutputStream:77 - [STDOUT_REDIRECT] StartTraceHandler.execute(), success : Collect=false
2024-09-04 11:33:51,887 [INFO] LogOutputStream:77 - [STDOUT_REDIRECT] StartTraceHandler.execute(), success : Collect=true
2024-09-04 11:35:53,756 [INFO] LogOutputStream:77 - [STDOUT_REDIRECT] StartTraceHandler.execute(), success : Collect=false
2024-09-04 12:51:25,662 [INFO] LogOutputStream:77 - [STDOUT_REDIRECT] StartTraceHandler.execute(), success : Collect=true
2024-09-04 12:53:20,817 [INFO] LogOutputStream:77 - [STDOUT_REDIRECT] StartTraceHandler.execute(), success : Collect=false
2024-09-04 12:53:48,019 [INFO] LogOutputStream:77 - [STDOUT_REDIRECT] StartTraceHandler.execute(), success : Collect=true
