2024-08-27 16:48:14,744 [INFO] MainUpdater:2873 - connection check result : 10
2024-08-27 16:48:15,372 [INFO] McuFinderGlobals:76 - Set McuFinderConnectedMode to true
2024-08-27 16:48:15,375 [INFO] MultiScanPanel:200 - Auto-refresh data requested => check proxy status ongoing
2024-08-27 16:48:15,376 [INFO] FinderPluginLoader:95 - Searching for filters in installed packs
2024-08-27 16:48:15,378 [INFO] FinderPluginLoader:108 - Found /Users/anateresaneto/STM32Cube/Repository/Packs/STMicroelectronics/X-CUBE-AI/8.1.0/CubeMX/plugins/ip/ai.8.1.0.jar
2024-08-27 16:48:15,379 [INFO] FinderPluginLoader:108 - Found /Users/anateresaneto/STM32Cube/Repository/Packs/STMicroelectronics/X-CUBE-AI/7.3.0/CubeMX/plugins/ip/ai.7.3.0.jar
2024-08-27 16:48:15,379 [INFO] FinderPluginLoader:118 - Loading ai.8.1.0
2024-08-27 16:48:15,422 [INFO] McuExtendedFiltersManager:95 - Add MCU extended filter: Artificial Intelligence
2024-08-27 16:48:16,079 [INFO] Tools:148 - outLine=hw.optional.arm64: 1
2024-08-27 16:48:16,084 [INFO] AInterface:109 - AInterface using toolDir: /Users/anateresaneto/STM32Cube/Repository//Packs/STMicroelectronics/X-CUBE-AI/8.1.0/Utilities/macarm
2024-08-27 16:48:16,444 [INFO] LoadUrlFilesThread:185 - End of LoadServerUrlFiles without Thread
2024-08-27 16:48:16,448 [INFO] DetailPanel:341 - Set advertising image to /Users/anateresaneto/STM32Cube/Repository//en.prom-stm32h7rs-mcu-finder.jpg
2024-08-27 16:48:36,295 [INFO] MultiScanPanel:200 - Auto-refresh data requested => check proxy status ongoing
2024-08-27 16:48:36,408 [INFO] LoadUrlFilesThread:185 - End of LoadServerUrlFiles without Thread
2024-08-27 16:48:36,408 [INFO] DetailPanel:341 - Set advertising image to /Users/anateresaneto/STM32Cube/Repository//en.prom-stm32h7rs-mcu-finder.jpg
2024-08-27 16:48:50,642 [INFO] ExtendedFilter:147 - Artificial Intelligence: disable filter
2024-08-27 16:48:50,646 [INFO] McuExtendedFiltersManager:87 - Reset MCU extended filter: Artificial Intelligence
2024-08-27 16:48:51,156 [INFO] ExtendedFilter:147 - Artificial Intelligence: disable filter
2024-08-27 16:48:51,156 [INFO] McuExtendedFiltersManager:87 - Reset MCU extended filter: Artificial Intelligence
2024-08-27 16:48:51,336 [INFO] ExtendedFilter:147 - Artificial Intelligence: disable filter
2024-08-27 16:48:51,336 [INFO] McuExtendedFiltersManager:87 - Reset MCU extended filter: Artificial Intelligence
2024-08-27 16:48:51,535 [INFO] ExtendedFilter:147 - Artificial Intelligence: disable filter
2024-08-27 16:48:51,535 [INFO] McuExtendedFiltersManager:87 - Reset MCU extended filter: Artificial Intelligence
2024-08-27 16:49:55,555 [INFO] MainUpdater:2873 - connection check result : 10
2024-08-27 16:49:55,558 [INFO] MainUpdater:2873 - connection check result : 10
2024-08-27 16:49:55,603 [ERROR] IocParser:57 - IOException caught: /Users/anateresaneto/Desktop/app/FreeRTOS/embedded_OOP_C_Cplus/uart_driver/uart_driver.ioc (No such file or directory)
2024-08-27 16:49:55,605 [ERROR] PeripheralListParser:95 - Something went wrong with ioc file reading: /Users/anateresaneto/Desktop/app/FreeRTOS/embedded_OOP_C_Cplus/uart_driver/uart_driver.ioc (No such file or directory)
2024-08-27 16:49:55,606 [ERROR] RegexParser:59 - Issue caught when parsing regex: /Users/anateresaneto/Desktop/app/FreeRTOS/embedded_OOP_C_Cplus/uart_driver/uart_driver.ioc (No such file or directory)
2024-08-27 16:49:55,980 [INFO] MicroXplorer:468 - Change Database Path : 
2024-08-27 16:49:55,984 [INFO] MicroXplorer:498 - Change Database Version : DB.6.0.100
2024-08-27 16:49:56,055 [ERROR] ProjectManagerView:394 - 
java.lang.NullPointerException: Cannot invoke "javax.swing.JTextField.getText()" because the return value of "java.util.List.get(int)" is null
	at com.st.microxplorer.plugins.projectmanager.gui.ProjectChoiceTab$10.caretUpdate(ProjectChoiceTab.java:2493) ~[filemanager.jar:?]
	at javax.swing.text.JTextComponent.fireCaretUpdate(JTextComponent.java:412) ~[?:?]
	at javax.swing.text.JTextComponent$MutableCaretEvent.fire(JTextComponent.java:4491) ~[?:?]
	at javax.swing.text.JTextComponent$MutableCaretEvent.stateChanged(JTextComponent.java:4513) ~[?:?]
	at javax.swing.text.DefaultCaret.fireStateChanged(DefaultCaret.java:842) ~[?:?]
	at javax.swing.text.DefaultCaret.changeCaretPosition(DefaultCaret.java:1313) ~[?:?]
	at javax.swing.text.DefaultCaret.handleSetDot(DefaultCaret.java:1212) ~[?:?]
	at javax.swing.text.DefaultCaret.setDot(DefaultCaret.java:1193) ~[?:?]
	at javax.swing.text.DefaultCaret$Handler.insertUpdate(DefaultCaret.java:1789) ~[?:?]
	at javax.swing.text.AbstractDocument.fireInsertUpdate(AbstractDocument.java:226) ~[?:?]
	at javax.swing.text.AbstractDocument.handleInsertString(AbstractDocument.java:780) ~[?:?]
	at javax.swing.text.AbstractDocument.insertString(AbstractDocument.java:739) ~[?:?]
	at javax.swing.text.PlainDocument.insertString(PlainDocument.java:131) ~[?:?]
	at javax.swing.text.AbstractDocument.replace(AbstractDocument.java:698) ~[?:?]
	at javax.swing.text.JTextComponent.setText(JTextComponent.java:1729) ~[?:?]
	at com.st.microxplorer.plugins.projectmanager.gui.ProjectChoiceTab.createHeapStackFields(ProjectChoiceTab.java:933) ~[filemanager.jar:?]
	at com.st.microxplorer.plugins.projectmanager.gui.ProjectChoiceTab.buildLinkSettingsPanel(ProjectChoiceTab.java:3426) ~[filemanager.jar:?]
	at com.st.microxplorer.plugins.projectmanager.gui.ProjectChoiceTab.defineWindowsFields(ProjectChoiceTab.java:1813) ~[filemanager.jar:?]
	at com.st.microxplorer.plugins.projectmanager.gui.ProjectChoiceTab.updateSettings(ProjectChoiceTab.java:533) ~[filemanager.jar:?]
	at com.st.microxplorer.plugins.projectmanager.gui.ProjectSettingsPanel.UpdateDialog(ProjectSettingsPanel.java:244) ~[filemanager.jar:?]
	at com.st.microxplorer.plugins.projectmanager.ProjectManagerView.propertyChange(ProjectManagerView.java:391) ~[filemanager.jar:?]
	at java.beans.PropertyChangeSupport.fire(PropertyChangeSupport.java:343) ~[?:?]
	at java.beans.PropertyChangeSupport.firePropertyChange(PropertyChangeSupport.java:335) ~[?:?]
	at java.beans.PropertyChangeSupport.firePropertyChange(PropertyChangeSupport.java:268) ~[?:?]
	at com.st.microxplorer.util.MXPropertyChangeSupport.firePropertyChange(MXPropertyChangeSupport.java:54) ~[STM32CubeMX.jar:?]
	at com.st.microxplorer.mxsystem.MxSystem.closeConfig(MxSystem.java:900) ~[STM32CubeMX.jar:?]
	at com.st.microxplorer.maingui.MainPanel.closeConfig(MainPanel.java:776) ~[STM32CubeMX.jar:?]
	at com.st.microxplorer.plugins.filemanager.engine.OpenFileManager.loadConfigurationFile(OpenFileManager.java:245) ~[filemanager.jar:?]
	at com.st.microxplorer.plugins.filemanager.engine.MainFileManager.userLoadConfig(MainFileManager.java:290) ~[filemanager.jar:?]
	at com.st.microxplorer.plugins.filemanager.FileManagerView.getSpecificTask(FileManagerView.java:247) ~[filemanager.jar:?]
	at com.st.stm32cube.common.mx.editor.CubeMxEditor.getMxTabbedPaneInstance(CubeMxEditor.java:1184) ~[com.st.stm32cube.common.mx_6.10.0.202311202037/:?]
	at com.st.stm32cube.common.mx.editor.CubeMxEditor$12$1.createSwingComponent(CubeMxEditor.java:1065) ~[com.st.stm32cube.common.mx_6.10.0.202311202037/:?]
	at com.st.stm32cube.common.mx.oss.core.awtswtbridge.EmbeddedSwingComposite.doComponentCreation(EmbeddedSwingComposite.java:492) ~[com.st.stm32cube.common.mx.oss_6.10.0.202311202037/:?]
	at com.st.stm32cube.common.mx.oss.core.awtswtbridge.EmbeddedSwingComposite$4.run(EmbeddedSwingComposite.java:291) ~[com.st.stm32cube.common.mx.oss_6.10.0.202311202037/:?]
	at com.st.stm32cube.common.mx.oss.core.awtswtbridge.AwtEnvironment$2.run(AwtEnvironment.java:166) ~[com.st.stm32cube.common.mx.oss_6.10.0.202311202037/:?]
	at java.awt.event.InvocationEvent.dispatch(InvocationEvent.java:318) ~[?:?]
	at java.awt.EventQueue.dispatchEventImpl(EventQueue.java:773) ~[?:?]
	at java.awt.EventQueue$4.run(EventQueue.java:720) ~[?:?]
	at java.awt.EventQueue$4.run(EventQueue.java:714) ~[?:?]
	at java.security.AccessController.doPrivileged(AccessController.java:399) ~[?:?]
	at java.security.ProtectionDomain$JavaSecurityAccessImpl.doIntersectionPrivilege(ProtectionDomain.java:86) ~[?:?]
	at java.awt.EventQueue.dispatchEvent(EventQueue.java:742) ~[?:?]
	at java.awt.EventDispatchThread.pumpOneEventForFilters(EventDispatchThread.java:203) ~[?:?]
	at java.awt.EventDispatchThread.pumpEventsForFilter(EventDispatchThread.java:124) ~[?:?]
	at java.awt.EventDispatchThread.pumpEventsForHierarchy(EventDispatchThread.java:113) ~[?:?]
	at java.awt.EventDispatchThread.pumpEvents(EventDispatchThread.java:109) ~[?:?]
	at java.awt.EventDispatchThread.pumpEvents(EventDispatchThread.java:101) ~[?:?]
	at java.awt.EventDispatchThread.run(EventDispatchThread.java:90) ~[?:?]
2024-08-27 16:49:56,065 [WARN] ThirdParty:871 - waiting for thirdparty lock release [close project]
2024-08-27 16:49:56,066 [INFO] ThirdParty:873 - entering critical section [close project]
2024-08-27 16:49:56,066 [INFO] ThirdParty:883 - exiting critical section [close project]
2024-08-27 16:49:56,070 [INFO] PinOutPanel:1499 - setPackage(No Configuration,No Configuration)
2024-08-27 16:49:56,120 [WARN] IpParametersView:151 - Warning: This peripheral hasn't parameters
2024-08-27 16:49:56,172 [WARN] MainPanel:272 - <html><b><center>Warning: This peripheral has no parameters to be configured<br></b></html>
2024-08-27 16:49:56,215 [INFO] UtilMem:75 - Begin LoadConfig() Used Memory: 803994720 Bytes (1073741824)
2024-08-27 16:49:56,221 [INFO] OpenFileManager:312 - Change cursor
2024-08-27 16:49:56,306 [INFO] RulesReader:64 - Compatibility file has been processed (297 Rules)
2024-08-27 16:49:56,323 [INFO] ProjectFactory:440 - No CPN specified for board NUCLEO-F410RB => set CPN to STM32F410RBT6
2024-08-27 16:49:56,324 [INFO] Mcu:2016 - Initializing MCU STM32F410R(8-B)Tx STM32F410RBTx STM32F410RBT6
2024-08-27 16:49:57,047 [INFO] Context:659 - Trying to add GPIOservice into a context  which must be forbidden
2024-08-27 16:49:57,367 [INFO] Rule:228 - rule 117617 - U5Cobra4M][GTZC] default value MPCBB3 and MPCBB5 - Not Secured memory - MPCBB1 is applicable
2024-08-27 16:49:57,368 [INFO] Rule:228 - rule 117617 - U5Cobra4M][GTZC] default value MPCBB3 and MPCBB5 - Not Secured memory - MPCBB1 is applicable
2024-08-27 16:49:57,368 [INFO] Rule:228 - rule 117617 - U5Cobra4M][GTZC] default value MPCBB3 and MPCBB5 - Not Secured memory - MPCBB2 is applicable
2024-08-27 16:49:57,368 [INFO] Rule:228 - rule 117617 - U5Cobra4M][GTZC] default value MPCBB3 and MPCBB5 - Not Secured memory - MPCBB2 is applicable
2024-08-27 16:49:57,368 [INFO] Rule:228 - rule 117617 - U5Cobra4M][GTZC] default value MPCBB3 and MPCBB5 - Not Secured memory - MPCBB3 is applicable
2024-08-27 16:49:57,368 [INFO] Rule:228 - rule 117617 - U5Cobra4M][GTZC] default value MPCBB3 and MPCBB5 - Not Secured memory - MPCBB3 is applicable
2024-08-27 16:49:57,368 [INFO] Rule:228 - rule 117617 - U5Cobra4M][GTZC] default value MPCBB3 and MPCBB5 - Not Secured memory - MPCBB4 is applicable
2024-08-27 16:49:57,368 [INFO] Rule:228 - rule 117617 - U5Cobra4M][GTZC] default value MPCBB3 and MPCBB5 - Not Secured memory - MPCBB4 is applicable
2024-08-27 16:49:57,368 [INFO] Rule:228 - rule 117617 - U5Cobra4M][GTZC] default value MPCBB3 and MPCBB5 - Secured memory - MPCBB1 is applicable
2024-08-27 16:49:57,368 [INFO] Rule:228 - rule 117617 - U5Cobra4M][GTZC] default value MPCBB3 and MPCBB5 - Secured memory - MPCBB2 is applicable
2024-08-27 16:49:57,368 [INFO] Rule:228 - rule 117617 - U5Cobra4M][GTZC] default value MPCBB3 and MPCBB5 - Secured memory - MPCBB3 is applicable
2024-08-27 16:49:57,368 [INFO] Rule:228 - rule 117617 - U5Cobra4M][GTZC] default value MPCBB3 and MPCBB5 - Secured memory - MPCBB4 is applicable
2024-08-27 16:49:57,368 [INFO] Rule:228 - rule 117617 - U5Cobra4M][GTZC] default value MPCBB3 and MPCBB5 - Privileged memory - MPCBB1 is applicable
2024-08-27 16:49:57,368 [INFO] Rule:228 - rule 117617 - U5Cobra4M][GTZC] default value MPCBB3 and MPCBB5 - Privileged memory - MPCBB2 is applicable
2024-08-27 16:49:57,368 [INFO] Rule:228 - rule 117617 - U5Cobra4M][GTZC] default value MPCBB3 and MPCBB5 - Privileged memory - MPCBB3 is applicable
2024-08-27 16:49:57,368 [INFO] Rule:228 - rule 117617 - U5Cobra4M][GTZC] default value MPCBB3 and MPCBB5 - Privileged memory - MPCBB4 is applicable
2024-08-27 16:49:57,368 [INFO] Rule:228 - rule 117617 - U5Cobra4M][GTZC] default value MPCBB3 and MPCBB5 - Not Privileged memory - MPCBB1 is applicable
2024-08-27 16:49:57,368 [INFO] Rule:228 - rule 117617 - U5Cobra4M][GTZC] default value MPCBB3 and MPCBB5 - Not Privileged memory - MPCBB2 is applicable
2024-08-27 16:49:57,368 [INFO] Rule:228 - rule 117617 - U5Cobra4M][GTZC] default value MPCBB3 and MPCBB5 - Not Privileged memory - MPCBB3 is applicable
2024-08-27 16:49:57,368 [INFO] Rule:228 - rule 117617 - U5Cobra4M][GTZC] default value MPCBB3 and MPCBB5 - Not Privileged memory - MPCBB4 is applicable
2024-08-27 16:49:57,368 [INFO] Rule:228 - rule 117617 - U5Cobra4M][GTZC] default value MPCBB3 and MPCBB5 - Privileged memory - MPCBB1 is applicable
2024-08-27 16:49:57,368 [INFO] Rule:228 - rule 117617 - U5Cobra4M][GTZC] default value MPCBB3 and MPCBB5 - Privileged memory - MPCBB2 is applicable
2024-08-27 16:49:57,368 [INFO] Rule:228 - rule 117617 - U5Cobra4M][GTZC] default value MPCBB3 and MPCBB5 - Privileged memory - MPCBB3 is applicable
2024-08-27 16:49:57,368 [INFO] Rule:228 - rule 117617 - U5Cobra4M][GTZC] default value MPCBB3 and MPCBB5 - Privileged memory - MPCBB4 is applicable
2024-08-27 16:49:57,368 [INFO] Rule:228 - rule 117617 - U5Cobra4M][GTZC] default value MPCBB3 and MPCBB5 - Privileged memory - MPCBB1 is applicable
2024-08-27 16:49:57,368 [INFO] Rule:228 - rule 117617 - U5Cobra4M][GTZC] default value MPCBB3 and MPCBB5 - Privileged memory - MPCBB2 is applicable
2024-08-27 16:49:57,368 [INFO] Rule:228 - rule 117617 - U5Cobra4M][GTZC] default value MPCBB3 and MPCBB5 - Privileged memory - MPCBB3 is applicable
2024-08-27 16:49:57,368 [INFO] Rule:228 - rule 117617 - U5Cobra4M][GTZC] default value MPCBB3 and MPCBB5 - Privileged memory - MPCBB4 is applicable
2024-08-27 16:49:57,369 [INFO] Rule:228 - rule 117617 - U5Cobra4M][GTZC] default value MPCBB3 and MPCBB5 - Not Privileged memory - MPCBB1 is applicable
2024-08-27 16:49:57,369 [INFO] Rule:228 - rule 117617 - U5Cobra4M][GTZC] default value MPCBB3 and MPCBB5 - Not Privileged memory - MPCBB2 is applicable
2024-08-27 16:49:57,369 [INFO] Rule:228 - rule 117617 - U5Cobra4M][GTZC] default value MPCBB3 and MPCBB5 - Not Privileged memory - MPCBB3 is applicable
2024-08-27 16:49:57,369 [INFO] Rule:228 - rule 117617 - U5Cobra4M][GTZC] default value MPCBB3 and MPCBB5 - Not Privileged memory - MPCBB4 is applicable
2024-08-27 16:49:57,369 [INFO] Rule:228 - rule 117617 - U5Cobra4M][GTZC] default value MPCBB3 and MPCBB5 - Privileged memory - MPCBB1 is applicable
2024-08-27 16:49:57,369 [INFO] Rule:228 - rule 117617 - U5Cobra4M][GTZC] default value MPCBB3 and MPCBB5 - Privileged memory - MPCBB2 is applicable
2024-08-27 16:49:57,369 [INFO] Rule:228 - rule 117617 - U5Cobra4M][GTZC] default value MPCBB3 and MPCBB5 - Privileged memory - MPCBB3 is applicable
2024-08-27 16:49:57,369 [INFO] Rule:228 - rule 117617 - U5Cobra4M][GTZC] default value MPCBB3 and MPCBB5 - Privileged memory - MPCBB4 is applicable
2024-08-27 16:49:57,369 [INFO] Rule:228 - rule Rename SubGHz_Phy SUBGHZ_APPLICATION SUBGHZ_PINGPONG to SUBGHZ_ADV_APPLICATION is applicable
2024-08-27 16:49:57,369 [INFO] Rule:228 - rule Rename Enabled to IBEACON is applicable
2024-08-27 16:49:57,369 [INFO] Rule:228 - rule GTZC_S instance for project manager is applicable
2024-08-27 16:49:57,369 [INFO] Rule:228 - rule GTZC_S instance for context M33S is applicable
2024-08-27 16:49:57,369 [INFO] Rule:228 - rule GTZC_S instance value for IP GTZC is applicable
2024-08-27 16:49:57,369 [INFO] Rule:228 - rule GTZC_S instance for mcu.IP is applicable
2024-08-27 16:49:57,369 [INFO] Rule:228 - rule GTZC_S instance for VP is applicable
2024-08-27 16:49:57,369 [INFO] Rule:228 - rule GTZC_S instance for signal is applicable
2024-08-27 16:49:57,369 [INFO] Rule:228 - rule GTZC_S instance for mcu.Pin is applicable
2024-08-27 16:49:57,369 [INFO] Rule:228 - rule GTZC_S instance for VP is applicable
2024-08-27 16:49:57,369 [INFO] Rule:228 - rule GTZC_S instance for signal is applicable
2024-08-27 16:49:57,369 [INFO] Rule:228 - rule GTZC_S instance for mcu is applicable
2024-08-27 16:49:57,369 [INFO] Rule:228 - rule GTZC_S instance for mcu.Pin is applicable
2024-08-27 16:49:57,369 [INFO] Rule:228 - rule GTZC_S instance value for IP GTZC is applicable
2024-08-27 16:49:57,369 [INFO] Rule:228 - rule GTZC_S instance for project manager is applicable
2024-08-27 16:49:57,369 [INFO] Rule:228 - rule GTZC_S instance for context M33S is applicable
2024-08-27 16:49:57,369 [INFO] Rule:228 - rule GTZC_S instance for VP is applicable
2024-08-27 16:49:57,369 [INFO] Rule:228 - rule GTZC_S instance for signal is applicable
2024-08-27 16:49:57,369 [INFO] Rule:228 - rule SPDIFRX instance for mcu is applicable
2024-08-27 16:49:57,369 [INFO] Rule:228 - rule Rename Tracer Mode is applicable
2024-08-27 16:49:57,369 [INFO] Rule:228 - rule SPDIFRX instance value for IP SPDIFRX is applicable
2024-08-27 16:49:57,369 [INFO] Rule:228 - rule SPDIFRX instance for signal is applicable
2024-08-27 16:49:57,369 [INFO] Rule:228 - rule SPDIFRX instance for project manager is applicable
2024-08-27 16:49:57,369 [INFO] Rule:228 - rule SPDIFRX instance for project manager is applicable
2024-08-27 16:49:57,369 [INFO] Rule:228 - rule ADC Scan  fix with FW F7 is applicable
2024-08-27 16:49:57,369 [INFO] Rule:228 - rule ADC Scan  fix with FW F7 is applicable
2024-08-27 16:49:57,369 [INFO] Rule:228 - rule DFSDM instance value for IP DFSDM is applicable
2024-08-27 16:49:57,369 [INFO] Rule:228 - rule DFSDM instance for mcu is applicable
2024-08-27 16:49:57,369 [INFO] Rule:228 - rule DFSDM instance for VP is applicable
2024-08-27 16:49:57,369 [INFO] Rule:228 - rule DFSDM instance for signal is applicable
2024-08-27 16:49:57,369 [INFO] Rule:228 - rule DFSDM instance for shared is applicable
2024-08-27 16:49:57,369 [INFO] Rule:228 - rule BreakInputSource parameter for IP Timer is applicable
2024-08-27 16:49:57,370 [INFO] Rule:228 - rule Sourcebreak parameter for IP Timer is applicable
2024-08-27 16:49:57,370 [INFO] Rule:228 - rule Sourcebreak parameter for IP Timer is applicable
2024-08-27 16:49:57,370 [INFO] Rule:228 - rule DFSDM for PCC is applicable
2024-08-27 16:49:57,370 [INFO] Rule:228 - rule Serial_Wire Mode is applicable
2024-08-27 16:49:57,370 [INFO] Rule:228 - rule JTAG_4_pins Mode is applicable
2024-08-27 16:49:57,370 [INFO] Rule:228 - rule JTAG_5_pins Mode is applicable
2024-08-27 16:49:57,370 [INFO] Rule:228 - rule Trace_Asynchronous_SW Mode is applicable
2024-08-27 16:49:57,370 [INFO] Rule:228 - rule Trace_Synchro_1bit_JTAG Mode is applicable
2024-08-27 16:49:57,370 [INFO] Rule:228 - rule Trace_Synchro_2bits_JTAG Mode is applicable
2024-08-27 16:49:57,370 [INFO] Rule:228 - rule Trace_Synchro_4bits_JTAG Mode is applicable
2024-08-27 16:49:57,370 [INFO] Rule:228 - rule Trace_Synchro_1bit_SW Mode is applicable
2024-08-27 16:49:57,370 [INFO] Rule:228 - rule Trace_Synchro_2bits_SW Mode is applicable
2024-08-27 16:49:57,370 [INFO] Rule:228 - rule Trace_Synchro_4bits_SW Mode is applicable
2024-08-27 16:49:57,370 [INFO] Rule:228 - rule SYS_WakeUp0 Mode is applicable
2024-08-27 16:49:57,370 [INFO] Rule:228 - rule SYS_WakeUp0 Mode for STM32F446 is applicable
2024-08-27 16:49:57,370 [INFO] Rule:228 - rule SYS_WakeUp1 Mode is applicable
2024-08-27 16:49:57,370 [INFO] Rule:228 - rule SYS_WakeUp1 Mode for STM32F446 is applicable
2024-08-27 16:49:57,370 [INFO] Rule:228 - rule SYS_WakeUp2 Mode is applicable
2024-08-27 16:49:57,370 [INFO] Rule:228 - rule SYS_WakeUp3 Mode is applicable
2024-08-27 16:49:57,370 [INFO] Rule:228 - rule SYS_WakeUp4 Mode is applicable
2024-08-27 16:49:57,370 [INFO] Rule:228 - rule SYS_WakeUp5 Mode is applicable
2024-08-27 16:49:57,370 [INFO] Rule:228 - rule SYS_WakeUp6 Mode is applicable
2024-08-27 16:49:57,370 [INFO] Rule:228 - rule SYS_WakeUp7 Mode is applicable
2024-08-27 16:49:57,370 [INFO] Rule:228 - rule WakeUp0 Mode is applicable
2024-08-27 16:49:57,370 [INFO] Rule:228 - rule WakeUp0 SIGNAL is applicable
2024-08-27 16:49:57,370 [INFO] Rule:228 - rule WakeUp1 Mode is applicable
2024-08-27 16:49:57,370 [INFO] Rule:228 - rule WakeUp1 SIGNAL is applicable
2024-08-27 16:49:57,370 [INFO] Rule:228 - rule WakeUp2 Mode is applicable
2024-08-27 16:49:57,370 [INFO] Rule:228 - rule WakeUp2 SIGNAL is applicable
2024-08-27 16:49:57,370 [INFO] Rule:228 - rule WakeUp4 Mode is applicable
2024-08-27 16:49:57,370 [INFO] Rule:228 - rule WakeUp4 SIGNAL is applicable
2024-08-27 16:49:57,370 [INFO] Rule:228 - rule WakeUp5 Mode is applicable
2024-08-27 16:49:57,370 [INFO] Rule:228 - rule WakeUp5 SIGNAL is applicable
2024-08-27 16:49:57,370 [INFO] Rule:228 - rule Mode_PVD_Ext is applicable
2024-08-27 16:49:57,370 [INFO] Rule:228 - rule Mode_PVD_Int is applicable
2024-08-27 16:49:57,370 [INFO] Rule:228 - rule Add RTC Activate Clock Source is applicable
2024-08-27 16:49:57,370 [INFO] Rule:228 - rule Add RTC Activate Calendar 1 is applicable
2024-08-27 16:49:57,370 [INFO] Rule:228 - rule Add RTC Activate Calendar 2 is applicable
2024-08-27 16:49:57,370 [INFO] Rule:228 - rule Add RTC Activate Calendar 3 is applicable
2024-08-27 16:49:57,370 [INFO] Rule:228 - rule UART/USART TX Mode is applicable
2024-08-27 16:49:57,370 [INFO] Rule:228 - rule UART/USART RX Mode is applicable
2024-08-27 16:49:57,370 [INFO] Rule:228 - rule UART/USART RX TX Mode is applicable
2024-08-27 16:49:57,370 [INFO] Rule:228 - rule UART/USART PARITY NONE is applicable
2024-08-27 16:49:57,370 [INFO] Rule:228 - rule UART/USART PARITY EVEN is applicable
2024-08-27 16:49:57,370 [INFO] Rule:228 - rule UART/USART PARITY ODD is applicable
2024-08-27 16:49:57,371 [INFO] Rule:228 - rule USART StopBits 1 is applicable
2024-08-27 16:49:57,371 [INFO] Rule:228 - rule USART StopBits 2 is applicable
2024-08-27 16:49:57,371 [INFO] Rule:228 - rule USART StopBits 1.5 is applicable
2024-08-27 16:49:57,371 [INFO] Rule:228 - rule USART StopBits 0.5 is applicable
2024-08-27 16:49:57,371 [INFO] Rule:228 - rule UART/USART WORD LENGTH 7 is applicable
2024-08-27 16:49:57,371 [INFO] Rule:228 - rule UART/USART WORD LENGTH 8 is applicable
2024-08-27 16:49:57,371 [INFO] Rule:228 - rule UART/USART WORD LENGTH 9 is applicable
2024-08-27 16:49:57,371 [INFO] Rule:228 - rule Rename FMC NAND NCE signal is applicable
2024-08-27 16:49:57,371 [INFO] Rule:228 - rule Rename FMC NAND INT signal is applicable
2024-08-27 16:49:57,371 [INFO] Rule:228 - rule Change Default Value for LSE Drive Capability for WB family is applicable
2024-08-27 16:49:57,371 [INFO] Rule:228 - rule Change Default Value for ADC Clock Prescaler G0 family is applicable
2024-08-27 16:49:57,371 [INFO] Rule:228 - rule Change Default Value for ADC ExternalTrigConv L4 family is applicable
2024-08-27 16:49:57,371 [INFO] Rule:228 - rule Change Default Value for ADC ExternalTrigInjecConv L4 family is applicable
2024-08-27 16:49:57,371 [INFO] Rule:228 - rule Change Default Value for ADC ExternalTrigConv F3 family is applicable
2024-08-27 16:49:57,371 [INFO] Rule:228 - rule Change Default Value for ADC ExternalTrigInjecConv F3 family is applicable
2024-08-27 16:49:57,371 [INFO] Rule:228 - rule Change Default Value for ADC ExternalTrigConv Goldfish serie is applicable
2024-08-27 16:49:57,371 [INFO] Rule:228 - rule Change Default Value for ADC ExternalTrigInjecConv Goldfish serie is applicable
2024-08-27 16:49:57,371 [INFO] Rule:228 - rule Change Default Value for ADC ExternalTrigConv L0 family is applicable
2024-08-27 16:49:57,371 [INFO] Rule:228 - rule Change Default Value for ADC ExternalTrigConv F0 family is applicable
2024-08-27 16:49:57,371 [INFO] Rule:228 - rule Change Default Value for ADC ExternalTrigConvn L1 family is applicable
2024-08-27 16:49:57,371 [INFO] Rule:228 - rule Change Default Value for ADC ExternalTrigInjecConv L1 family is applicable
2024-08-27 16:49:57,371 [INFO] Rule:228 - rule Change Default Value for ADC ExternalTrigConv F1 family is applicable
2024-08-27 16:49:57,371 [INFO] Rule:228 - rule Change Default Value for ADC ExternalTrigInjecConv F1 family is applicable
2024-08-27 16:49:57,371 [INFO] Rule:228 - rule Change Default Value for ADC ExternalTrigConv F7 family is applicable
2024-08-27 16:49:57,371 [INFO] Rule:228 - rule Change Default Value for ADC ExternalTrigInjecConv F7 family is applicable
2024-08-27 16:49:57,371 [INFO] Rule:228 - rule Change Default Value for ADC ExternalTrigConv F4 and F2 family is applicable
2024-08-27 16:49:57,371 [INFO] Rule:228 - rule Change Default Value for ADC ExternalTrigInjecConv F4 and F2 family is applicable
2024-08-27 16:49:57,371 [INFO] Rule:228 - rule ADC SamplingTime fix with FW L0  is applicable
2024-08-27 16:49:57,371 [INFO] Rule:228 - rule ADC SamplingTime fix with FW L0  is applicable
2024-08-27 16:49:57,371 [INFO] Rule:228 - rule ADC SamplingTime fix with FW L0 is applicable
2024-08-27 16:49:57,371 [INFO] Rule:228 - rule ADC SamplingTime fix with FW L0 is applicable
2024-08-27 16:49:57,371 [INFO] Rule:228 - rule ADC SamplingTime fix with FW L0  is applicable
2024-08-27 16:49:57,371 [INFO] Rule:228 - rule ADC SamplingTime fix with FW L0 is applicable
2024-08-27 16:49:57,371 [INFO] Rule:228 - rule Rename USB_OE Signal is applicable
2024-08-27 16:49:57,371 [INFO] Rule:228 - rule Rename Activate_OE Mode is applicable
2024-08-27 16:49:57,371 [INFO] Rule:228 - rule Rename DIE462/DIE415 pin PC14/OSC32_IN -> PC14-OSC32_IN (PC14) is applicable
2024-08-27 16:49:57,371 [INFO] Rule:228 - rule Rename DIE462/DIE415 pin PC15/OSC32_OUT -> PC15-OSC32_OUT (PC15) is applicable
2024-08-27 16:49:57,371 [INFO] Rule:228 - rule Rename DIE462/DIE415 pin PH0/OSC_IN -> PH0-OSC_IN (PH0) is applicable
2024-08-27 16:49:57,371 [INFO] Rule:228 - rule Rename DIE462/DIE415 pin PH1/OSC_OUT -> PH1-OSC_OUT (PH1) is applicable
2024-08-27 16:49:57,371 [INFO] Rule:228 - rule Rename DIE462 pin PA13 -> PA13 (JTMS/SWDIO) is applicable
2024-08-27 16:49:57,371 [INFO] Rule:228 - rule Rename DIE415 pin PA13 -> PA13 (JTMS/SWDIO) is applicable
2024-08-27 16:49:57,371 [INFO] Rule:228 - rule Rename DIE462 pin PA14 -> PA14 (JTCK/SWCLK) is applicable
2024-08-27 16:49:57,371 [INFO] Rule:228 - rule Rename DIE415 pin PA14 -> PA14 (JTCK/SWCLK) is applicable
2024-08-27 16:49:57,371 [INFO] Rule:228 - rule Rename DIE462/DIE415 pin PA15 -> PA15 (JTDI) is applicable
2024-08-27 16:49:57,371 [INFO] Rule:228 - rule Rename DIE462 pin PB3 -> PB3 (JTD0/TRACESWO) is applicable
2024-08-27 16:49:57,371 [INFO] Rule:228 - rule Rename DIE415 pin PB3 -> PB3 (JTD0-TRACESWO) is applicable
2024-08-27 16:49:57,371 [INFO] Rule:228 - rule Rename DIE462/DIE415 pin PB4 -> PB4 (NJTRST) is applicable
2024-08-27 16:49:57,372 [INFO] Rule:228 - rule Rename DIE462 pin PH3/BOOT0 -> PH3-BOOT0 (BOOT0) is applicable
2024-08-27 16:49:57,372 [INFO] Rule:228 - rule Rename CRYP DataEncryptionTypesList to Algorithm is applicable
2024-08-27 16:49:57,372 [INFO] Rule:228 - rule Rename AES DataEncryptionTypesList to Algorithm is applicable
2024-08-27 16:49:57,372 [INFO] Rule:228 - rule Rename TDESECB to CRYP_TDES_ECB is applicable
2024-08-27 16:49:57,372 [INFO] Rule:228 - rule Rename TDESCBC to CRYP_TDES_CBC is applicable
2024-08-27 16:49:57,372 [INFO] Rule:228 - rule Rename DESECB to CRYP_DES_ECB is applicable
2024-08-27 16:49:57,372 [INFO] Rule:228 - rule Rename DESCBC to CRYP_DES_CBC is applicable
2024-08-27 16:49:57,372 [INFO] Rule:228 - rule Rename AESECB to CRYP_AES_ECB is applicable
2024-08-27 16:49:57,372 [INFO] Rule:228 - rule Rename AESCBC to CRYP_AES_CBC is applicable
2024-08-27 16:49:57,372 [INFO] Rule:228 - rule Rename AESCTR to CRYP_AES_CTR is applicable
2024-08-27 16:49:57,372 [INFO] Rule:228 - rule Rename AESGCM to CRYP_AES_GCM is applicable
2024-08-27 16:49:57,372 [INFO] Rule:228 - rule Rename AESCCM to CRYP_AES_CCM is applicable
2024-08-27 16:49:57,372 [INFO] Rule:228 - rule Rename CAN TimeSeg1 to BS1 is applicable
2024-08-27 16:49:57,372 [INFO] Rule:228 - rule Rename CAN TimeSeg2 to BS2 is applicable
2024-08-27 16:49:57,372 [INFO] Rule:228 - rule Rename CAN SyncJumpWidth to SJW is applicable
2024-08-27 16:49:57,372 [INFO] Rule:228 - rule TimeTriggeredMode to TTCM is applicable
2024-08-27 16:49:57,372 [INFO] Rule:228 - rule Rename CAN AutoBusOff to ABOM is applicable
2024-08-27 16:49:57,372 [INFO] Rule:228 - rule Rename CAN AutoWakeUp to AWUM is applicable
2024-08-27 16:49:57,372 [INFO] Rule:228 - rule Rename CAN AutoRetransmission to NART is applicable
2024-08-27 16:49:57,372 [INFO] Rule:228 - rule Rename CAN ReceiveFifoLocked to RFLM is applicable
2024-08-27 16:49:57,372 [INFO] Rule:228 - rule Rename CAN TransmitFifoPriority to TXFP is applicable
2024-08-27 16:49:57,372 [INFO] Rule:228 - rule Rename HRTIMER HRTIM_OUTPUTFAULTLEVEL_HIGH in HRTIMER HRTIM_OUTPUTFAULTLEVEL_HIGHZ is applicable
2024-08-27 16:49:57,372 [INFO] Rule:228 - rule Rename TIMER TIM_CLEARINPUTSOURCE_OCREFCLR in  TIMER TIM_CLEARINPUTSOURCE_NONE for F7 family is applicable
2024-08-27 16:49:57,372 [INFO] Rule:228 - rule FDCAN_R1 - Rename FDCAN mode Master into Classic is applicable
2024-08-27 16:49:57,372 [INFO] Rule:228 - rule FDCAN_R2 - Rename FDCAN mode Slave into Classic is applicable
2024-08-27 16:49:57,372 [INFO] Rule:228 - rule FDCAN1_R3 - if PA10.Mode=FullDuplex, add Pin PA12 is applicable
2024-08-27 16:49:57,372 [INFO] Rule:228 - rule FDCAN1_R3 - if PA9.Mode=FullDuplex, add Pin PA11 is applicable
2024-08-27 16:49:57,372 [INFO] Rule:228 - rule FDCAN1_R3 - Alternatepin_1 - if PE1.Mode=FullDuplex, add Pin PB9 is applicable
2024-08-27 16:49:57,372 [INFO] Rule:228 - rule FDCAN1_R3 - Alternatepin_1 - if PE0.Mode=FullDuplex, add Pin PB8 is applicable
2024-08-27 16:49:57,372 [INFO] Rule:228 - rule FDCAN1_R3 - Alternatepin_2 - if PD5.Mode=FullDuplex, add Pin PD1 is applicable
2024-08-27 16:49:57,372 [INFO] Rule:228 - rule FDCAN1_R3 - Alternatepin_2 - if PD4.Mode=FullDuplex, add Pin PD0 is applicable
2024-08-27 16:49:57,372 [INFO] Rule:228 - rule FDCAN1_R4 - Rename Mode FullDuplex into Enable FDCAN_TXFD for pin PA10 is applicable
2024-08-27 16:49:57,372 [INFO] Rule:228 - rule FDCAN1_R4 - Rename Mode FullDuplex into Enable FDCAN_TXFD for pin PA9 is applicable
2024-08-27 16:49:57,372 [INFO] Rule:228 - rule FDCAN1_R4 - Alternatepin_1 - Rename Mode FullDuplex into Enable FDCAN_TXFD for pin PE1 is applicable
2024-08-27 16:49:57,372 [INFO] Rule:228 - rule FDCAN1_R4 - Alternatepin_1 - Rename Mode FullDuplex into Enable FDCAN_TXFD for pin PE0 is applicable
2024-08-27 16:49:57,372 [INFO] Rule:228 - rule FDCAN1_R4 - Alternatepin_2 - Rename Mode FullDuplex into Enable FDCAN_TXFD for pin PD5 is applicable
2024-08-27 16:49:57,372 [INFO] Rule:228 - rule FDCAN1_R4 - Alternatepin_2 - Rename Mode FullDuplex into Enable FDCAN_TXFD for pin PD4 is applicable
2024-08-27 16:49:57,372 [INFO] Rule:228 - rule FDCAN2_R3 - if PD10.Mode=FullDuplex, add Pin PB13 is applicable
2024-08-27 16:49:57,372 [INFO] Rule:228 - rule FDCAN2_R3 - if PD9.Mode=FullDuplex, add Pin PB12 is applicable
2024-08-27 16:49:57,372 [INFO] Rule:228 - rule FDCAN2_R3 - Alternatepin_1 - if PB7.Mode=FullDuplex, add Pin PB6 is applicable
2024-08-27 16:49:57,372 [INFO] Rule:228 - rule FDCAN2_R3 - Alternatepin_1 - if PD9.Mode=FullDuplex, add Pin PB12 is applicable
2024-08-27 16:49:57,372 [INFO] Rule:228 - rule FDCAN2_R4 - Rename Mode FullDuplex into Enable FDCAN_TXFD for pin PD10 is applicable
2024-08-27 16:49:57,372 [INFO] Rule:228 - rule FDCAN2_R4 - Rename Mode FullDuplex into Enable FDCAN_TXFD for pin PD9 is applicable
2024-08-27 16:49:57,372 [INFO] Rule:228 - rule FDCAN2_R4 - Alternatepin_1 - Rename Mode FullDuplex into Enable FDCAN_TXFD for pin PB7 is applicable
2024-08-27 16:49:57,372 [INFO] Rule:228 - rule FDCAN2_R4 - Alternatepin_1 - Rename Mode FullDuplex into Enable FDCAN_TXFD for pin PD6 is applicable
2024-08-27 16:49:57,372 [INFO] Rule:228 - rule USART TxPinLevelInvertParam Mode is applicable
2024-08-27 16:49:57,373 [INFO] Rule:228 - rule USART RxPinLevelInvertParam Mode is applicable
2024-08-27 16:49:57,373 [INFO] Rule:228 - rule USART DataInvertParam Mode is applicable
2024-08-27 16:49:57,373 [INFO] Rule:228 - rule USART SwapParam Mode is applicable
2024-08-27 16:49:57,373 [INFO] Rule:228 - rule USART OverrunDisableParam Mode is applicable
2024-08-27 16:49:57,373 [INFO] Rule:228 - rule USART DMADisableonRxErrorParam Mode is applicable
2024-08-27 16:49:57,373 [INFO] Rule:228 - rule USART MSBFirstParam Mode is applicable
2024-08-27 16:49:57,373 [INFO] Rule:228 - rule Update MwName for USB_DEVICE is applicable
2024-08-27 16:49:57,373 [INFO] Rule:228 - rule Change PWR_Regulator_Voltage_Scale Default Value for RCC  H7 family is applicable
2024-08-27 16:49:57,373 [INFO] Rule:228 - rule UART/USART IPParameter rename Prescaler parameter to ClockPrescaler is applicable
2024-08-27 16:49:57,373 [INFO] Rule:228 - rule UART/USART Prescaler rename Prescaler parameter to ClockPrescaler is applicable
2024-08-27 16:49:57,373 [INFO] Rule:228 - rule TIM1CLockSelection is applicable
2024-08-27 16:49:57,373 [INFO] Rule:228 - rule TIM15CLockSelection is applicable
2024-08-27 16:49:57,373 [INFO] Rule:228 - rule align RCC SDMMC3CLockSelection default value on MP1 is applicable
2024-08-27 16:49:57,373 [INFO] Rule:228 - rule align RCC SDMMC12CLockSelection default value on MP1 is applicable
2024-08-27 16:49:57,373 [INFO] Rule:228 - rule align RCC QSPICLockSelection default value on MP1 is applicable
2024-08-27 16:49:57,373 [INFO] Rule:228 - rule align RCC QSPICLockSelection default value on MP1 is applicable
2024-08-27 16:49:57,373 [INFO] Rule:228 - rule align RCC SPI6CLockSelection default value on MP1 is applicable
2024-08-27 16:49:57,373 [INFO] Rule:228 - rule align RCC LPTIM23CLockSelection default value on MP1 is applicable
2024-08-27 16:49:57,373 [INFO] Rule:228 - rule align RCC LPTIM1CLockSelection default value on MP1 is applicable
2024-08-27 16:49:57,373 [INFO] Rule:228 - rule align RCC USART1CLockSelection default value on MP1 is applicable
2024-08-27 16:49:57,373 [INFO] Rule:228 - rule align RCC USART24CLockSelection default value on MP1 is applicable
2024-08-27 16:49:57,373 [INFO] Rule:228 - rule align RCC USART6CLockSelection default value on MP1 is applicable
2024-08-27 16:49:57,373 [INFO] Rule:228 - rule align RCC UART78CLockSelection default value on MP1 is applicable
2024-08-27 16:49:57,373 [INFO] Rule:228 - rule align RCC USART35CLockSelection default value on MP1 is applicable
2024-08-27 16:49:57,373 [INFO] Rule:228 - rule align RCC SPI45CLockSelection default value on MP1 is applicable
2024-08-27 16:49:57,373 [INFO] Rule:228 - rule align RCC I2C46CLockSelection BCLK value on MP1 is applicable
2024-08-27 16:49:57,373 [INFO] Rule:228 - rule align RCC SPI45CLockSelection default value on MP1 is applicable
2024-08-27 16:49:57,373 [INFO] Rule:228 - rule align RCC I2C12CLockSelection default value on MP1 is applicable
2024-08-27 16:49:57,373 [INFO] Rule:228 - rule align RCC I2C35CLockSelection default value on MP1 is applicable
2024-08-27 16:49:57,373 [INFO] Rule:228 - rule align RCC LPTIM45CLockSelection default value on MP1 is applicable
2024-08-27 16:49:57,373 [INFO] Rule:228 - rule Rename DCMI PIXCK signal is applicable
2024-08-27 16:49:57,373 [INFO] Rule:228 - rule Change Default Value for I2C46CLockSelection MP1 family is applicable
2024-08-27 16:49:57,373 [INFO] Rule:228 - rule Change Default Value for UART for G4, G0 and WB families is applicable
2024-08-27 16:49:57,373 [INFO] Rule:228 - rule Change Default Value for USART for G4, G0 and WB families is applicable
2024-08-27 16:49:57,373 [INFO] Rule:228 - rule Change Default Value for USART for G4 family is applicable
2024-08-27 16:49:57,373 [INFO] Rule:228 - rule Change USART1CLockSelection refparam name for MP1 is applicable
2024-08-27 16:49:57,373 [INFO] Rule:228 - rule Change USART2CLockSelection refparam name for MP1 is applicable
2024-08-27 16:49:57,373 [INFO] Rule:228 - rule Change USART3CLockSelection refparam name for MP1 is applicable
2024-08-27 16:49:57,373 [INFO] Rule:228 - rule Change UART4CLockSelection refparam name for MP1 is applicable
2024-08-27 16:49:57,373 [INFO] Rule:228 - rule Change UART5CLockSelection refparam name for MP1 is applicable
2024-08-27 16:49:57,373 [INFO] Rule:228 - rule Change LPUART1CLockSelection refparam name for MP1 is applicable
2024-08-27 16:49:57,373 [INFO] Rule:228 - rule Change LPTIM1CLockSelection refparam name for MP1 is applicable
2024-08-27 16:49:57,373 [INFO] Rule:228 - rule Change LPTIM2CLockSelection refparam name for MP1 is applicable
2024-08-27 16:49:57,373 [INFO] Rule:228 - rule Change RCC_MCO1Source refparam name for MP1 is applicable
2024-08-27 16:49:57,373 [INFO] Rule:228 - rule Change LSCOSource1 refparam name for MP1 is applicable
2024-08-27 16:49:57,373 [INFO] Rule:228 - rule Change SMPSCLockSelection refparam name for MP1 is applicable
2024-08-27 16:49:57,373 [INFO] Rule:228 - rule Change LPTIM3CLockSelection refparam name for MP1 is applicable
2024-08-27 16:49:57,373 [INFO] Rule:228 - rule Change MPCBB* Default Template Mode to Parameters is applicable
2024-08-27 16:49:57,374 [INFO] Rule:228 - rule Change MPCWM* or MPCBB* Secure Mode to Parameters is applicable
2024-08-27 16:49:57,374 [INFO] Rule:228 - rule Change MPCWM* or MPCBB* No Secure Mode to Parameters is applicable
2024-08-27 16:49:57,374 [INFO] Rule:228 - rule Change TZSC IP Secure Mode to Parameters is applicable
2024-08-27 16:49:57,374 [INFO] Rule:228 - rule Change TZSC IP No Secure Mode to Parameters is applicable
2024-08-27 16:49:57,374 [INFO] Rule:228 - rule Change TZSC IP Privilege Mode to Parameters is applicable
2024-08-27 16:49:57,374 [INFO] Rule:228 - rule Change TZSC IP No Privilege Mode to Parameters is applicable
2024-08-27 16:49:57,374 [INFO] Rule:228 - rule Change TZIC IT Secure Mode to Parameters is applicable
2024-08-27 16:49:57,374 [INFO] Rule:228 - rule Change TZIC IT No Secure Mode to Parameters is applicable
2024-08-27 16:49:57,374 [INFO] Rule:228 - rule Add MPCBB1_NonSecureArea_Start_Address value with referenced to MPCBB1_NonSecureArea_Start value is applicable
2024-08-27 16:49:57,374 [INFO] Rule:228 - rule Add MPCBB2_NonSecureArea_Start_Address value with referenced to MPCBB2_NonSecureArea_Start value is applicable
2024-08-27 16:49:57,374 [INFO] Rule:228 - rule Add MPCWM1_NonSecureArea*_Start_Address value with referenced to MPCWM1_NonSecureArea*_Start value is applicable
2024-08-27 16:49:57,374 [INFO] Rule:228 - rule Add MPCWM2_NonSecureArea*_Start_Address value with referenced to MPCWM2_NonSecureArea*_Start value is applicable
2024-08-27 16:49:57,374 [INFO] Rule:228 - rule Add MPCWM3_NonSecureArea_Start_Address value with referenced to MPCWM3_NonSecureArea_Start value is applicable
2024-08-27 16:49:57,374 [INFO] Rule:228 - rule Change Default Value for PLL1UserDefinedConfig is applicable
2024-08-27 16:49:57,374 [INFO] Rule:228 - rule Change GPIO_PuPd Default Value for USART in async mode is applicable
2024-08-27 16:49:57,374 [INFO] Rule:228 - rule Change SMPSDivider Default Value is applicable
2024-08-27 16:49:57,374 [INFO] Rule:228 - rule OPAMP is applicable
2024-08-27 16:49:57,374 [INFO] Rule:228 - rule LPUART IPParameter rename Prescaler parameter to ClockPrescaler for STM32H7 is applicable
2024-08-27 16:49:57,374 [INFO] Rule:228 - rule LPUART IPParameter rename Prescaler parameter to ClockPrescaler for STM32H7 is applicable
2024-08-27 16:49:57,374 [INFO] Rule:228 - rule LPUART IPParameter rename Prescaler parameter to ClockPrescaler for STM32WB is applicable
2024-08-27 16:49:57,374 [INFO] Rule:228 - rule LPUART IPParameter rename Prescaler parameter to ClockPrescaler for STM32WB is applicable
2024-08-27 16:49:57,374 [INFO] Rule:228 - rule LPUART IPParameter rename Prescaler parameter to ClockPrescaler for STM32G4 is applicable
2024-08-27 16:49:57,374 [INFO] Rule:228 - rule LPUART IPParameter rename Prescaler parameter to ClockPrescaler for STM32G4 is applicable
2024-08-27 16:49:57,374 [INFO] Rule:228 - rule LPUART IPParameter rename Prescaler parameter to ClockPrescaler for STM32L5 is applicable
2024-08-27 16:49:57,374 [INFO] Rule:228 - rule LPUART IPParameter rename Prescaler parameter to ClockPrescaler for STM32L5 is applicable
2024-08-27 16:49:57,374 [INFO] Rule:228 - rule LPUART IPParameter rename Prescaler parameter to ClockPrescaler for STM32G4 is applicable
2024-08-27 16:49:57,374 [INFO] Rule:228 - rule LPUART IPParameter rename Prescaler parameter to ClockPrescaler for STM32G4 is applicable
2024-08-27 16:49:57,374 [INFO] Rule:228 - rule USB device lib V2.5.3 for L0 rename USBD_SUPPORT_USER_STRING parameter to USBD_SUPPORT_USER_STRING_DESC4 is applicable
2024-08-27 16:49:57,374 [INFO] Rule:228 - rule I2SCLockSelection clock entry align is applicable
2024-08-27 16:49:57,374 [INFO] Rule:228 - rule Assign TIMx context if used as SYS timebase is applicable
2024-08-27 16:49:57,374 [INFO] Rule:228 - rule Change GPIO_Pu Default Value for I2C is applicable
2024-08-27 16:49:57,374 [INFO] Rule:228 - rule Change GPIO_Pu Default Value for SMBus is applicable
2024-08-27 16:49:57,374 [INFO] Rule:228 - rule change FDCAN default value is applicable
2024-08-27 16:49:57,374 [INFO] Rule:228 - rule Change mode sai is applicable
2024-08-27 16:49:57,374 [INFO] Rule:228 - rule **Change sai mode is applicable
2024-08-27 16:49:57,374 [INFO] Rule:228 - rule Rename STM32WPAN CFG_BLE_IRK to CFG_BLE_IR is applicable
2024-08-27 16:49:57,374 [INFO] Rule:228 - rule Rename STM32WPAN CFG_BLE_ERK to CFG_BLE_ER is applicable
2024-08-27 16:49:57,374 [INFO] Rule:228 - rule Rename STM32WPAN CFG_BLE_IRK_HEX to CFG_BLE_IR_HEX is applicable
2024-08-27 16:49:57,374 [INFO] Rule:228 - rule Rename STM32WPAN CFG_BLE_ERK_HEX to CFG_BLE_ER_HEX is applicable
2024-08-27 16:49:57,418 [INFO] DbConfProperties:307 - Apply Compatibility (78/293 Rules)
2024-08-27 16:49:58,291 [INFO] ImportTextPane:194 - (OptionalMessage_ERROR) Unable to find key (Mcu.ThirdPartyNb) in loaded IOC file
2024-08-27 16:49:58,601 [INFO] RtosManager:555 - Registered RTOS mode: class=CMSIS, group=RTOS, mode=CMSIS_V1, owner=FREERTOS
2024-08-27 16:49:58,605 [INFO] RtosManager:555 - Registered RTOS mode: class=CMSIS, group=RTOS2, mode=CMSIS_V2, owner=FREERTOS
2024-08-27 16:49:58,605 [INFO] RtosManager:555 - Registered RTOS mode: class=RTOS, group=Core, mode=CMSIS_V1, owner=FREERTOS
2024-08-27 16:49:58,605 [INFO] RtosManager:555 - Registered RTOS mode: class=RTOS, group=Core, mode=CMSIS_V2, owner=FREERTOS
2024-08-27 16:49:58,605 [WARN] ModelIntegratedComponent:184 - Missing modes for component STMicroelectronics:FreeRTOS:0.0.1:STMicroelectronics:RTOS:FreeRTOS:Core:::10.2.0:
2024-08-27 16:49:58,608 [WARN] ModelIntegratedComponent:63 - No mode defined for component null
2024-08-27 16:49:58,609 [WARN] ModelIntegratedComponent:63 - No mode defined for component null
2024-08-27 16:49:58,609 [WARN] ModelIntegratedComponent:63 - No mode defined for component null
2024-08-27 16:49:58,609 [WARN] ModelIntegratedComponent:63 - No mode defined for component null
2024-08-27 16:49:58,609 [WARN] ModelIntegratedComponent:63 - No mode defined for component null
2024-08-27 16:49:58,609 [WARN] ModelIntegratedComponent:63 - No mode defined for component null
2024-08-27 16:49:58,609 [WARN] ModelIntegratedComponent:63 - No mode defined for component null
2024-08-27 16:49:58,609 [WARN] ModelIntegratedComponent:63 - No mode defined for component null
2024-08-27 16:49:58,609 [WARN] ModelIntegratedComponent:63 - No mode defined for component null
2024-08-27 16:49:58,609 [WARN] ModelIntegratedComponent:63 - No mode defined for component null
2024-08-27 16:49:58,609 [WARN] ModelIntegratedComponent:63 - No mode defined for component null
2024-08-27 16:49:58,609 [WARN] ModelIntegratedComponent:63 - No mode defined for component null
2024-08-27 16:49:58,609 [WARN] ModelIntegratedComponent:63 - No mode defined for component null
2024-08-27 16:49:58,609 [WARN] ModelIntegratedComponent:63 - No mode defined for component null
2024-08-27 16:49:58,609 [WARN] ModelIntegratedComponent:63 - No mode defined for component null
2024-08-27 16:49:58,609 [WARN] ModelIntegratedComponent:63 - No mode defined for component null
2024-08-27 16:49:58,609 [WARN] ModelIntegratedComponent:63 - No mode defined for component null
2024-08-27 16:49:58,609 [WARN] ModelIntegratedComponent:63 - No mode defined for component null
2024-08-27 16:49:58,609 [WARN] ModelIntegratedComponent:63 - No mode defined for component null
2024-08-27 16:49:58,609 [WARN] ModelIntegratedComponent:63 - No mode defined for component null
2024-08-27 16:49:58,609 [WARN] ModelIntegratedComponent:63 - No mode defined for component null
2024-08-27 16:49:58,609 [WARN] ModelIntegratedComponent:63 - No mode defined for component null
2024-08-27 16:49:58,609 [WARN] ModelIntegratedComponent:63 - No mode defined for component null
2024-08-27 16:49:58,609 [WARN] ModelIntegratedComponent:63 - No mode defined for component null
2024-08-27 16:49:58,609 [WARN] ModelIntegratedComponent:63 - No mode defined for component null
2024-08-27 16:49:58,609 [WARN] ModelIntegratedComponent:63 - No mode defined for component null
2024-08-27 16:49:58,609 [WARN] ModelIntegratedComponent:63 - No mode defined for component null
2024-08-27 16:49:58,609 [WARN] ModelIntegratedComponent:63 - No mode defined for component null
2024-08-27 16:49:58,609 [WARN] ModelIntegratedComponent:63 - No mode defined for component null
2024-08-27 16:49:58,609 [WARN] ModelIntegratedComponent:63 - No mode defined for component null
2024-08-27 16:49:58,609 [WARN] ModelIntegratedComponent:63 - No mode defined for component null
2024-08-27 16:49:58,609 [WARN] ModelIntegratedComponent:63 - No mode defined for component null
2024-08-27 16:49:58,609 [WARN] ModelIntegratedComponent:63 - No mode defined for component null
2024-08-27 16:49:58,894 [INFO] ThirdPartyModel:298 - Start build external matchings
2024-08-27 16:50:01,269 [INFO] ThirdPartyModel:316 - End build external matchings
2024-08-27 16:50:01,529 [INFO] UtilMem:75 - End LoadConfig() Used Memory: 901954264 Bytes (1073741824)
2024-08-27 16:50:01,598 [INFO] MicroXplorer:468 - Change Database Path : 
2024-08-27 16:50:01,603 [INFO] MicroXplorer:498 - Change Database Version : DB.6.0.100
2024-08-27 16:50:01,603 [WARN] ThirdParty:833 - waiting for thirdparty lock release [change project]
2024-08-27 16:50:01,603 [INFO] ThirdParty:835 - entering critical section [change project]
2024-08-27 16:50:01,604 [INFO] ThirdParty:1030 - CMSIS Pack Vendor :STMicroelectronics USBPD 4.1
2024-08-27 16:50:01,604 [INFO] ThirdParty:1030 - CMSIS Pack Vendor :STMicroelectronics X-CUBE-GNSS1 6.0.0
2024-08-27 16:50:01,604 [INFO] ThirdParty:1030 - CMSIS Pack Vendor :STMicroelectronics USB_HOST 2.0.0
2024-08-27 16:50:01,604 [INFO] ThirdParty:1030 - CMSIS Pack Vendor :STMicroelectronics FP-SNS-MOTENVWB1 1.4.0
2024-08-27 16:50:01,604 [INFO] ThirdParty:1030 - CMSIS Pack Vendor :STMicroelectronics X-CUBE-AZRTOS-F4 1.1.0
2024-08-27 16:50:01,604 [INFO] ThirdParty:1030 - CMSIS Pack Vendor :STMicroelectronics LIBJPEG 8.0.0
2024-08-27 16:50:01,604 [INFO] ThirdParty:1030 - CMSIS Pack Vendor :wolfSSL I-CUBE-wolfSSL 5.6.3
2024-08-27 16:50:01,604 [INFO] ThirdParty:1030 - CMSIS Pack Vendor :STMicroelectronics X-CUBE-SMBUS 2.1.0
2024-08-27 16:50:01,604 [INFO] ThirdParty:1030 - CMSIS Pack Vendor :wolfSSL I-CUBE-wolfSSL 5.6.0
2024-08-27 16:50:01,604 [INFO] ThirdParty:1030 - CMSIS Pack Vendor :STMicroelectronics X-CUBE-FREERTOS 1.2.0
2024-08-27 16:50:01,604 [INFO] ThirdParty:1030 - CMSIS Pack Vendor :STMicroelectronics X-CUBE-TOUCHGFX 4.23.0
2024-08-27 16:50:01,604 [INFO] ThirdParty:1030 - CMSIS Pack Vendor :STMicroelectronics X-CUBE-TOUCHGFX 4.23.2
2024-08-27 16:50:01,604 [INFO] ThirdParty:1030 - CMSIS Pack Vendor :STMicroelectronics X-CUBE-AZRTOS-F7 1.1.0
2024-08-27 16:50:01,604 [INFO] ThirdParty:1030 - CMSIS Pack Vendor :STMicroelectronics X-CUBE-AZRTOS-L5 2.0.0
2024-08-27 16:50:01,604 [INFO] ThirdParty:1030 - CMSIS Pack Vendor :STMicroelectronics USB_DEVICE 2.0.0
2024-08-27 16:50:01,604 [INFO] ThirdParty:1030 - CMSIS Pack Vendor :STMicroelectronics X-CUBE-MEMS1 9.6.0
2024-08-27 16:50:01,604 [INFO] ThirdParty:1030 - CMSIS Pack Vendor :STMicroelectronics X-CUBE-EEPRMA1 4.2.0
2024-08-27 16:50:01,604 [INFO] ThirdParty:1030 - CMSIS Pack Vendor :STMicroelectronics X-CUBE-NFC6 3.1.0
2024-08-27 16:50:01,604 [INFO] ThirdParty:1030 - CMSIS Pack Vendor :ITTIA_DB I-CUBE-ITTIADB 8.8.0
2024-08-27 16:50:01,604 [INFO] ThirdParty:1030 - CMSIS Pack Vendor :STMicroelectronics FP-SNS-MOTENV1 4.3.2
2024-08-27 16:50:01,604 [INFO] ThirdParty:1030 - CMSIS Pack Vendor :STMicroelectronics X-CUBE-MEMS1 11.0.0
2024-08-27 16:50:01,604 [INFO] ThirdParty:1030 - CMSIS Pack Vendor :STMicroelectronics X-CUBE-BLE1 6.2.4
2024-08-27 16:50:01,604 [INFO] ThirdParty:1030 - CMSIS Pack Vendor :STMicroelectronics FreeRTOS 0.0.1
2024-08-27 16:50:01,604 [INFO] ThirdParty:1030 - CMSIS Pack Vendor :emotas I-CUBE-CANOPEN 1.1.3
2024-08-27 16:50:01,604 [INFO] ThirdParty:1030 - CMSIS Pack Vendor :STMicroelectronics X-CUBE-BLEMGR 2.0.0
2024-08-27 16:50:01,604 [INFO] ThirdParty:1030 - CMSIS Pack Vendor :STMicroelectronics X-CUBE-DPower 1.2.0
2024-08-27 16:50:01,604 [INFO] ThirdParty:1030 - CMSIS Pack Vendor :STMicroelectronics FP-SNS-FLIGHT1 5.0.2
2024-08-27 16:50:01,604 [INFO] ThirdParty:1030 - CMSIS Pack Vendor :STMicroelectronics X-CUBE-NFC4 2.0.5
2024-08-27 16:50:01,604 [INFO] ThirdParty:1030 - CMSIS Pack Vendor :STMicroelectronics X-CUBE-AI 9.0.0
2024-08-27 16:50:01,605 [INFO] ThirdParty:1030 - CMSIS Pack Vendor :STMicroelectronics X-CUBE-AZRTOS-H7 3.1.0
2024-08-27 16:50:01,605 [INFO] ThirdParty:1030 - CMSIS Pack Vendor :STMicroelectronics PDM2PCM 3.3.0
2024-08-27 16:50:01,605 [INFO] ThirdParty:1030 - CMSIS Pack Vendor :STMicroelectronics X-CUBE-DISPLAY 3.0.0
2024-08-27 16:50:01,605 [INFO] ThirdParty:1030 - CMSIS Pack Vendor :wolfSSL I-CUBE-wolfSSL 5.5.3
2024-08-27 16:50:01,605 [INFO] ThirdParty:1030 - CMSIS Pack Vendor :STMicroelectronics X-CUBE-BLE1 7.0.0
2024-08-27 16:50:01,605 [INFO] ThirdParty:1030 - CMSIS Pack Vendor :STMicroelectronics HAL Drivers 0.0.0
2024-08-27 16:50:01,605 [INFO] ThirdParty:1030 - CMSIS Pack Vendor :emotas I-CUBE-CANOPEN 1.3.0
2024-08-27 16:50:01,605 [INFO] ThirdParty:1030 - CMSIS Pack Vendor :STMicroelectronics X-CUBE-NFC7 1.0.1
2024-08-27 16:50:01,605 [INFO] ThirdParty:1030 - CMSIS Pack Vendor :STMicroelectronics MBEDTLS 2.14.1
2024-08-27 16:50:01,605 [INFO] ThirdParty:1030 - CMSIS Pack Vendor :STMicroelectronics X-CUBE-NFC7 1.0.0
2024-08-27 16:50:01,605 [INFO] ThirdParty:1030 - CMSIS Pack Vendor :STMicroelectronics X-CUBE-TOUCHGFX 4.22.1
2024-08-27 16:50:01,605 [INFO] ThirdParty:1030 - CMSIS Pack Vendor :wolfSSL I-CUBE-wolfTPM 3.2.0
2024-08-27 16:50:01,605 [INFO] ThirdParty:1030 - CMSIS Pack Vendor :STMicroelectronics X-CUBE-NFC6 3.0.0
2024-08-27 16:50:01,605 [INFO] ThirdParty:1030 - CMSIS Pack Vendor :STMicroelectronics X-CUBE-EEPRMA1 4.1.0
2024-08-27 16:50:01,605 [INFO] ThirdParty:1030 - CMSIS Pack Vendor :STMicroelectronics X-CUBE-BLEMGR 3.1.0
2024-08-27 16:50:01,605 [INFO] ThirdParty:1030 - CMSIS Pack Vendor :STMicroelectronics FP-SNS-SMARTAG2 1.2.0
2024-08-27 16:50:01,605 [INFO] ThirdParty:1030 - CMSIS Pack Vendor :STMicroelectronics X-CUBE-AZRTOS-WL 2.0.0
2024-08-27 16:50:01,605 [INFO] ThirdParty:1030 - CMSIS Pack Vendor :STMicroelectronics FP-SNS-MOTENV1 5.0.0
2024-08-27 16:50:01,605 [INFO] ThirdParty:1030 - CMSIS Pack Vendor :STMicroelectronics USB_DEVICE 1.0.0
2024-08-27 16:50:01,605 [INFO] ThirdParty:1030 - CMSIS Pack Vendor :STMicroelectronics X-CUBE-AI 8.1.0
2024-08-27 16:50:01,605 [INFO] ThirdParty:1030 - CMSIS Pack Vendor :wolfSSL I-CUBE-wolfMQTT 1.19.0
2024-08-27 16:50:01,605 [INFO] ThirdParty:1030 - CMSIS Pack Vendor :STMicroelectronics X-CUBE-AZRTOS-L4 2.0.0
2024-08-27 16:50:01,605 [INFO] ThirdParty:1030 - CMSIS Pack Vendor :STMicroelectronics ThreadX 0.0.2
2024-08-27 16:50:01,605 [INFO] ThirdParty:1030 - CMSIS Pack Vendor :WES I-CUBE-Cesium 1.3.0
2024-08-27 16:50:01,605 [INFO] ThirdParty:1030 - CMSIS Pack Vendor :STMicroelectronics lwIP 2.1.2
2024-08-27 16:50:01,605 [INFO] ThirdParty:1030 - CMSIS Pack Vendor :STMicroelectronics X-CUBE-SFXS2LP1 4.0.0
2024-08-27 16:50:01,605 [INFO] ThirdParty:1030 - CMSIS Pack Vendor :STMicroelectronics X-CUBE-BLE2 3.3.0
2024-08-27 16:50:01,605 [INFO] ThirdParty:1030 - CMSIS Pack Vendor :STMicroelectronics X-CUBE-DISPLAY 2.2.0
2024-08-27 16:50:01,605 [INFO] ThirdParty:1030 - CMSIS Pack Vendor :STMicroelectronics X-CUBE-TOF1 3.2.0
2024-08-27 16:50:01,605 [INFO] ThirdParty:1030 - CMSIS Pack Vendor :STMicroelectronics PDM2PCM 3.2.0
2024-08-27 16:50:01,605 [INFO] ThirdParty:1030 - CMSIS Pack Vendor :STMicroelectronics X-CUBE-AZRTOS-H7 3.0.0
2024-08-27 16:50:01,605 [INFO] ThirdParty:1030 - CMSIS Pack Vendor :STMicroelectronics X-CUBE-ISPU 1.1.0
2024-08-27 16:50:01,605 [INFO] ThirdParty:1030 - CMSIS Pack Vendor :STMicroelectronics X-CUBE-AZRTOS-H7 3.3.0
2024-08-27 16:50:01,605 [INFO] ThirdParty:1030 - CMSIS Pack Vendor :RoweBots I-CUBE-UNISONRTOS 5.5.0-4
2024-08-27 16:50:01,605 [INFO] ThirdParty:1030 - CMSIS Pack Vendor :STMicroelectronics USB_DEVICE 3.0.0
2024-08-27 16:50:01,605 [INFO] ThirdParty:1030 - CMSIS Pack Vendor :STMicroelectronics X-CUBE-TCPP 4.1.0
2024-08-27 16:50:01,605 [INFO] ThirdParty:1030 - CMSIS Pack Vendor :STMicroelectronics X-CUBE-AI 8.0.0
2024-08-27 16:50:01,605 [INFO] ThirdParty:1030 - CMSIS Pack Vendor :STMicroelectronics X-CUBE-AZRTOS-WB 2.0.0
2024-08-27 16:50:01,605 [INFO] ThirdParty:1030 - CMSIS Pack Vendor :STMicroelectronics X-CUBE-FREERTOS 1.0.1
2024-08-27 16:50:01,605 [INFO] ThirdParty:1030 - CMSIS Pack Vendor :STMicroelectronics X-CUBE-TOUCHGFX 4.21.0
2024-08-27 16:50:01,605 [INFO] ThirdParty:1030 - CMSIS Pack Vendor :STMicroelectronics X-CUBE-TOUCHGFX 4.21.3
2024-08-27 16:50:01,605 [INFO] ThirdParty:1030 - CMSIS Pack Vendor :STMicroelectronics X-CUBE-MEMS1 9.4.0
2024-08-27 16:50:01,605 [INFO] ThirdParty:1030 - CMSIS Pack Vendor :STMicroelectronics X-CUBE-AI 7.3.0
2024-08-27 16:50:01,605 [INFO] ThirdParty:1030 - CMSIS Pack Vendor :STMicroelectronics FP-SNS-STBOX1 2.0.0
2024-08-27 16:50:01,605 [INFO] ThirdParty:1030 - CMSIS Pack Vendor :STMicroelectronics X-CUBE-ALGOBUILD 1.3.0
2024-08-27 16:50:01,605 [INFO] ThirdParty:1030 - CMSIS Pack Vendor :STMicroelectronics X-CUBE-AZRTOS-L5 1.1.0
2024-08-27 16:50:01,605 [INFO] ThirdParty:1030 - CMSIS Pack Vendor :STMicroelectronics X-CUBE-AZRTOS-G0 1.1.0
2024-08-27 16:50:01,605 [INFO] ThirdParty:1030 - CMSIS Pack Vendor :STMicroelectronics X-CUBE-SAFEA1 1.2.2
2024-08-27 16:50:01,605 [INFO] ThirdParty:1030 - CMSIS Pack Vendor :STMicroelectronics X-CUBE-NFC4 3.0.0
2024-08-27 16:50:01,605 [INFO] ThirdParty:1030 - CMSIS Pack Vendor :STMicroelectronics X-CUBE-SUBG2 5.0.0
2024-08-27 16:50:01,605 [INFO] ThirdParty:1030 - CMSIS Pack Vendor :STMicroelectronics STM32_WPAN 1.0.0
2024-08-27 16:50:01,605 [INFO] ThirdParty:1030 - CMSIS Pack Vendor :EmbeddedOffice I-CUBE-FS-RTOS 1.0.1
2024-08-27 16:50:01,605 [INFO] ThirdParty:1030 - CMSIS Pack Vendor :STMicroelectronics lwIP 2.0.3
2024-08-27 16:50:01,605 [INFO] ThirdParty:1030 - CMSIS Pack Vendor :Cesanta I-CUBE-Mongoose 7.13.0
2024-08-27 16:50:01,605 [INFO] ThirdParty:1030 - CMSIS Pack Vendor :STMicroelectronics USB_HOST 1.0.0
2024-08-27 16:50:01,605 [INFO] ThirdParty:1030 - CMSIS Pack Vendor :STMicroelectronics X-CUBE-TOF1 3.3.1
2024-08-27 16:50:01,605 [INFO] ThirdParty:1030 - CMSIS Pack Vendor :STMicroelectronics X-CUBE-AZRTOS-G4 2.0.0
2024-08-27 16:50:01,605 [INFO] ThirdParty:1030 - CMSIS Pack Vendor :STMicroelectronics PDM2PCM 3.1.0
2024-08-27 16:50:01,605 [INFO] ThirdParty:1030 - CMSIS Pack Vendor :STMicroelectronics X-CUBE-TOF1 3.3.0
2024-08-27 16:50:01,605 [INFO] ThirdParty:1030 - CMSIS Pack Vendor :STMicroelectronics FP-ATR-ASTRA1 1.1.1
2024-08-27 16:50:01,605 [INFO] ThirdParty:1030 - CMSIS Pack Vendor :Infineon AIROC-Wi-Fi-Bluetooth-STM32 1.5.1
2024-08-27 16:50:01,606 [INFO] ThirdParty:1030 - CMSIS Pack Vendor :STMicroelectronics X-CUBE-BLEMGR 3.0.0
2024-08-27 16:50:01,606 [INFO] ThirdParty:1030 - CMSIS Pack Vendor :STMicroelectronics X-CUBE-BLEMGR 1.3.0
2024-08-27 16:50:01,606 [INFO] ThirdParty:1030 - CMSIS Pack Vendor :RealThread X-CUBE-RT-Thread_Nano 4.1.1
2024-08-27 16:50:01,606 [INFO] ThirdParty:1030 - CMSIS Pack Vendor :STMicroelectronics FP-SNS-MOTENVWB1 1.3.1
2024-08-27 16:50:01,606 [INFO] ThirdParty:1030 - CMSIS Pack Vendor :STMicroelectronics FP-ATR-SIGFOX1 3.2.0
2024-08-27 16:50:01,606 [INFO] ThirdParty:1030 - CMSIS Pack Vendor :STMicroelectronics X-CUBE-AZRTOS-G4 1.0.0
2024-08-27 16:50:01,606 [INFO] ThirdParty:1030 - CMSIS Pack Vendor :STMicroelectronics X-CUBE-AZRTOS-L4 1.0.0
2024-08-27 16:50:01,606 [INFO] ThirdParty:1030 - CMSIS Pack Vendor :STMicroelectronics X-CUBE-ISPU 2.0.0
2024-08-27 16:50:01,606 [INFO] ThirdParty:1030 - CMSIS Pack Vendor :STMicroelectronics X-CUBE-EEPRMA1 5.1.0
2024-08-27 16:50:01,606 [INFO] ThirdParty:1030 - CMSIS Pack Vendor :STMicroelectronics MBEDTLS 2.16.2
2024-08-27 16:50:01,606 [INFO] ThirdParty:1030 - CMSIS Pack Vendor :STMicroelectronics X-CUBE-ALS 1.0.2
2024-08-27 16:50:01,606 [INFO] ThirdParty:1030 - CMSIS Pack Vendor :STMicroelectronics X-CUBE-MEMS1 10.0.0
2024-08-27 16:50:01,606 [INFO] ThirdParty:1030 - CMSIS Pack Vendor :STMicroelectronics X-CUBE-FREERTOS 1.1.0
2024-08-27 16:50:01,606 [INFO] ThirdParty:1030 - CMSIS Pack Vendor :STMicroelectronics X-CUBE-TOUCHGFX 4.24.0
2024-08-27 16:50:01,606 [INFO] ThirdParty:1030 - CMSIS Pack Vendor :STMicroelectronics X-CUBE-AZRTOS-WL 1.0.0
2024-08-27 16:50:01,606 [INFO] ThirdParty:1030 - CMSIS Pack Vendor :portGmbH I-Cube-SoM-uGOAL 1.1.0
2024-08-27 16:50:01,606 [INFO] ThirdParty:1030 - CMSIS Pack Vendor :STMicroelectronics X-CUBE-ALS 1.0.1
2024-08-27 16:50:01,606 [INFO] ThirdParty:1030 - CMSIS Pack Vendor :STMicroelectronics X-CUBE-MEMS1 9.5.0
2024-08-27 16:50:01,606 [INFO] ThirdParty:1030 - CMSIS Pack Vendor :STMicroelectronics ThreadX 1.0.0
2024-08-27 16:50:01,606 [INFO] ThirdParty:1030 - CMSIS Pack Vendor :STMicroelectronics X-CUBE-AZRTOS-WB 1.1.0
2024-08-27 16:50:01,606 [INFO] ThirdParty:1030 - CMSIS Pack Vendor :SEGGER I-CUBE-embOS 1.3.1
2024-08-27 16:50:01,606 [INFO] ThirdParty:1030 - CMSIS Pack Vendor :STMicroelectronics X-CUBE-ALGOBUILD 1.4.0
2024-08-27 16:50:01,606 [INFO] ThirdParty:1030 - CMSIS Pack Vendor :SEGGER I-CUBE-embOS 1.3.0
2024-08-27 16:50:01,606 [INFO] ThirdParty:1030 - CMSIS Pack Vendor :STMicroelectronics X-CUBE-AZRTOS-H7RS 1.0.0
2024-08-27 16:50:01,606 [INFO] ThirdParty:1030 - CMSIS Pack Vendor :STMicroelectronics FP-ATR-ASTRA1 2.0.0
2024-08-27 16:50:01,606 [INFO] ThirdParty:1030 - CMSIS Pack Vendor :STMicroelectronics X-CUBE-TOF1 3.4.2
2024-08-27 16:50:01,606 [INFO] ThirdParty:1030 - CMSIS Pack Vendor :STMicroelectronics X-CUBE-TOF1 3.4.0
2024-08-27 16:50:01,606 [INFO] ThirdParty:1030 - CMSIS Pack Vendor :STMicroelectronics X-CUBE-TOF1 3.4.1
2024-08-27 16:50:01,606 [INFO] ThirdParty:1030 - CMSIS Pack Vendor :STMicroelectronics X-CUBE-AZRTOS-H7 3.2.0
2024-08-27 16:50:01,606 [INFO] ThirdParty:1030 - CMSIS Pack Vendor :wolfSSL I-CUBE-wolfSSH 1.4.17
2024-08-27 16:50:01,608 [INFO] ThirdParty:841 - exiting critical section [change project]
2024-08-27 16:50:01,908 [INFO] PinOutPanel:1499 - setPackage(No Configuration,No Configuration)
2024-08-27 16:50:01,914 [INFO] PinOutPanel:1499 - setPackage(STM32F410RBTx,LQFP64)
2024-08-27 16:50:02,394 [INFO] UtilMem:75 - Before build in PCC Used Memory: 709516112 Bytes (1073741824)
2024-08-27 16:50:03,013 [INFO] UtilMem:75 - After build in PCC Used Memory: 753554256 Bytes (1073741824)
2024-08-27 16:50:03,060 [INFO] IPUIPlugin:80 - create IPUIPlugin
2024-08-27 16:50:03,061 [INFO] IPUIPlugin:80 - create IPUIPlugin
2024-08-27 16:50:03,061 [INFO] IPUIPlugin:80 - create IPUIPlugin
2024-08-27 16:50:03,061 [INFO] IPUIPlugin:80 - create IPUIPlugin
2024-08-27 16:50:03,061 [INFO] IPUIPlugin:80 - create IPUIPlugin
2024-08-27 16:50:03,061 [INFO] IPUIPlugin:80 - create IPUIPlugin
2024-08-27 16:50:03,062 [INFO] IPUIPlugin:80 - create IPUIPlugin
2024-08-27 16:50:03,062 [INFO] IPUIPlugin:80 - create IPUIPlugin
2024-08-27 16:50:03,062 [INFO] IPUIPlugin:80 - create IPUIPlugin
2024-08-27 16:50:03,062 [INFO] IPUIPlugin:80 - create IPUIPlugin
2024-08-27 16:50:03,062 [INFO] IPUIPlugin:80 - create IPUIPlugin
2024-08-27 16:50:03,062 [INFO] IPUIPlugin:80 - create IPUIPlugin
2024-08-27 16:50:03,063 [INFO] IPUIPlugin:80 - create IPUIPlugin
2024-08-27 16:50:03,065 [INFO] IPUIPlugin:80 - create IPUIPlugin
2024-08-27 16:50:03,066 [INFO] IPUIPlugin:80 - create IPUIPlugin
2024-08-27 16:50:03,066 [INFO] IPUIPlugin:80 - create IPUIPlugin
2024-08-27 16:50:03,066 [INFO] IPUIPlugin:80 - create IPUIPlugin
2024-08-27 16:50:03,066 [INFO] IPUIPlugin:80 - create IPUIPlugin
2024-08-27 16:50:03,066 [INFO] IPUIPlugin:80 - create IPUIPlugin
2024-08-27 16:50:03,066 [INFO] IPUIPlugin:80 - create IPUIPlugin
2024-08-27 16:50:03,066 [INFO] IPUIPlugin:80 - create IPUIPlugin
2024-08-27 16:50:03,066 [INFO] IPUIPlugin:80 - create IPUIPlugin
2024-08-27 16:50:03,067 [INFO] IPUIPlugin:80 - create IPUIPlugin
2024-08-27 16:50:03,067 [INFO] IPUIPlugin:80 - create IPUIPlugin
2024-08-27 16:50:03,067 [INFO] IPUIPlugin:80 - create IPUIPlugin
2024-08-27 16:50:03,067 [INFO] IPUIPlugin:80 - create IPUIPlugin
2024-08-27 16:50:03,067 [INFO] IPUIPlugin:80 - create IPUIPlugin
2024-08-27 16:50:03,067 [INFO] IPUIPlugin:80 - create IPUIPlugin
2024-08-27 16:50:03,067 [INFO] IPUIPlugin:80 - create IPUIPlugin
2024-08-27 16:50:03,067 [INFO] IPUIPlugin:80 - create IPUIPlugin
2024-08-27 16:50:03,067 [INFO] IPUIPlugin:80 - create IPUIPlugin
2024-08-27 16:50:03,067 [INFO] IPUIPlugin:80 - create IPUIPlugin
2024-08-27 16:50:03,067 [INFO] IPUIPlugin:80 - create IPUIPlugin
2024-08-27 16:50:03,067 [INFO] IPUIPlugin:80 - create IPUIPlugin
2024-08-27 16:50:03,068 [INFO] IPUIPlugin:80 - create IPUIPlugin
2024-08-27 16:50:03,083 [INFO] ApiDbMcu:508 - Load IP Config File for PDM2PCM
2024-08-27 16:50:03,158 [INFO] CADModel:165 - CPN selected for project levelSTM32F410RBT6
2024-08-27 16:50:03,158 [INFO] CADModel:114 - Register for checkConnection events
2024-08-27 16:50:03,204 [INFO] OpenFileManager:343 - Restore cursor
2024-08-27 16:50:03,867 [INFO] UtilMem:75 - End SaveConfig() Used Memory: 827585920 Bytes (1073741824)
2024-08-27 16:50:03,950 [INFO] UtilMem:75 - End SaveConfig() Used Memory: 843736368 Bytes (1073741824)
2024-08-27 16:50:04,182 [INFO] BlockDiagram:2759 - set Specific Code input for plugin: NVIC
2024-08-27 16:50:04,182 [INFO] BlockDiagram:2759 - set Specific Code input for plugin: GPIO
2024-08-27 16:50:04,183 [INFO] BlockDiagram:2759 - set Specific Code input for plugin: RCC
2024-08-27 16:50:04,183 [INFO] CodeGenerator:807 - code generatio: config db path: /Applications/STM32CubeIDE.app/Contents/Eclipse/plugins/com.st.stm32cube.common.mx_6.10.0.202311202037//db/
2024-08-27 16:50:04,409 [INFO] CodeEngine:255 - oldGeneratedFile, /Users/anateresaneto/Desktop/app/FreeRTOS/embedded_OOP_C_Cplus/uart_drive/MXTmpFiles/license.tmp_save
2024-08-27 16:50:04,876 [INFO] CodeEngine:279 - Generated code: /Users/anateresaneto/Desktop/app/FreeRTOS/embedded_OOP_C_Cplus/uart_drive/MXTmpFiles/license.tmp
2024-08-27 16:50:04,971 [INFO] CodeEngine:255 - oldGeneratedFile, /Users/anateresaneto/Desktop/app/FreeRTOS/embedded_OOP_C_Cplus/uart_drive/MXTmpFiles/gpio.tmp_save
2024-08-27 16:50:05,087 [INFO] CodeEngine:279 - Generated code: /Users/anateresaneto/Desktop/app/FreeRTOS/embedded_OOP_C_Cplus/uart_drive/MXTmpFiles/gpio.tmp
2024-08-27 16:50:05,092 [INFO] CodeEngine:255 - oldGeneratedFile, /Users/anateresaneto/Desktop/app/FreeRTOS/embedded_OOP_C_Cplus/uart_drive/Core/Src/stm32f4xx_it.c_save
2024-08-27 16:50:05,285 [INFO] CodeEngine:279 - Generated code: /Users/anateresaneto/Desktop/app/FreeRTOS/embedded_OOP_C_Cplus/uart_drive/Core/Src/stm32f4xx_it.c
2024-08-27 16:50:05,286 [INFO] CodeEngine:255 - oldGeneratedFile, /Users/anateresaneto/Desktop/app/FreeRTOS/embedded_OOP_C_Cplus/uart_drive/Core/Inc/stm32f4xx_it.h_save
2024-08-27 16:50:05,352 [INFO] CodeEngine:279 - Generated code: /Users/anateresaneto/Desktop/app/FreeRTOS/embedded_OOP_C_Cplus/uart_drive/Core/Inc/stm32f4xx_it.h
2024-08-27 16:50:05,369 [INFO] CodeEngine:255 - oldGeneratedFile, /Users/anateresaneto/Desktop/app/FreeRTOS/embedded_OOP_C_Cplus/uart_drive/Core/Src/stm32f4xx_hal_msp.c_save
2024-08-27 16:50:05,464 [INFO] CodeEngine:279 - Generated code: /Users/anateresaneto/Desktop/app/FreeRTOS/embedded_OOP_C_Cplus/uart_drive/Core/Src/stm32f4xx_hal_msp.c
2024-08-27 16:50:05,466 [INFO] CodeEngine:255 - oldGeneratedFile, /Users/anateresaneto/Desktop/app/FreeRTOS/embedded_OOP_C_Cplus/uart_drive/MXTmpFiles/system.tmp_save
2024-08-27 16:50:05,521 [INFO] CodeEngine:279 - Generated code: /Users/anateresaneto/Desktop/app/FreeRTOS/embedded_OOP_C_Cplus/uart_drive/MXTmpFiles/system.tmp
2024-08-27 16:50:05,525 [INFO] CodeEngine:311 - oldGeneratedFile, /Users/anateresaneto/Desktop/app/FreeRTOS/embedded_OOP_C_Cplus/uart_drive/Core/Inc/stm32f4xx_hal_conf.h_save
2024-08-27 16:50:05,607 [INFO] CodeEngine:335 - Generated code: /Users/anateresaneto/Desktop/app/FreeRTOS/embedded_OOP_C_Cplus/uart_drive/Core/Inc/stm32f4xx_hal_conf.h
2024-08-27 16:50:05,645 [INFO] CodeEngine:255 - oldGeneratedFile, /Users/anateresaneto/Desktop/app/FreeRTOS/embedded_OOP_C_Cplus/uart_drive/Core/Inc/main.h_save
2024-08-27 16:50:05,769 [INFO] CodeEngine:279 - Generated code: /Users/anateresaneto/Desktop/app/FreeRTOS/embedded_OOP_C_Cplus/uart_drive/Core/Inc/main.h
2024-08-27 16:50:05,774 [INFO] CodeEngine:255 - oldGeneratedFile, /Users/anateresaneto/Desktop/app/FreeRTOS/embedded_OOP_C_Cplus/uart_drive/Core/Src/main.c_save
2024-08-27 16:50:05,880 [INFO] CodeEngine:279 - Generated code: /Users/anateresaneto/Desktop/app/FreeRTOS/embedded_OOP_C_Cplus/uart_drive/Core/Src/main.c
2024-08-27 16:50:06,410 [INFO] ProjectBuilder:3076 - Time for Copy HAL[1] : 56mS.
2024-08-27 16:50:06,419 [INFO] ProjectBuilder:4485 - Project Generator version: 4.2.0-B44
2024-08-27 16:50:06,695 [INFO] ConfigFileManager:1495 - The Die is : DIE458
2024-08-27 16:50:06,744 [INFO] ApiDbMcu:508 - Load IP Config File for FATFS
2024-08-27 16:50:06,809 [INFO] ApiDbMcu:508 - Load IP Config File for FREERTOS
2024-08-27 16:50:06,812 [INFO] ApiDbMcu:508 - Load IP Config File for LIBJPEG
2024-08-27 16:50:06,820 [INFO] ApiDbMcu:508 - Load IP Config File for MBEDTLS
2024-08-27 16:50:10,463 [INFO] ProjectBuilder:4747 - Time for Generating toolchain IDE Files: 4039mS.
2024-08-27 16:50:10,469 [INFO] ProjectBuilder:2947 - Time for Copy CMSIS : 1mS.
2024-08-27 16:50:10,471 [INFO] ProjectBuilder:2947 - Time for Copy CMSIS : 0mS.
2024-08-27 16:50:11,291 [INFO] McuFinderGlobals:76 - Set McuFinderConnectedMode to true
2024-08-27 16:50:11,302 [INFO] ApiDb:448 - Save user favorites file /Users/anateresaneto/.stm32cubeide/favorites.mcus.txt: 0 item(s)
2024-08-27 16:50:11,303 [INFO] ApiDb:452 - User favorites MCUs=[]
2024-08-27 16:50:11,334 [INFO] ApiDb:448 - Save user favorites file /Users/anateresaneto/.stm32cubeide/favorites.boards.txt: 0 item(s)
2024-08-27 16:50:11,334 [INFO] ApiDb:452 - User favorites Boards=[]
